{"F:\\Enterprise-Work-Management-System\\apps\\web\\src\\constants\\roles.js": {"path":"F:\\Enterprise-Work-Management-System\\apps\\web\\src\\constants\\roles.js","statementMap":{"0":{"start":{"line":16,"column":13},"end":{"line":16,"column":32}},"1":{"start":{"line":3,"column":13},"end":{"line":3,"column":21}},"2":{"start":{"line":14,"column":13},"end":{"line":14,"column":31}},"3":{"start":{"line":13,"column":13},"end":{"line":13,"column":29}},"4":{"start":{"line":15,"column":13},"end":{"line":15,"column":26}},"5":{"start":{"line":11,"column":13},"end":{"line":11,"column":21}},"6":{"start":{"line":3,"column":21},"end":{"line":7,"column":null}},"7":{"start":{"line":11,"column":21},"end":{"line":11,"column":null}},"8":{"start":{"line":13,"column":29},"end":{"line":13,"column":null}},"9":{"start":{"line":14,"column":31},"end":{"line":14,"column":null}},"10":{"start":{"line":15,"column":26},"end":{"line":15,"column":null}},"11":{"start":{"line":16,"column":32},"end":{"line":16,"column":null}}},"fnMap":{},"branchMap":{},"s":{"0":11,"1":11,"2":23,"3":55,"4":23,"5":11,"6":11,"7":11,"8":11,"9":11,"10":11,"11":11},"f":{},"b":{}}
,"F:\\Enterprise-Work-Management-System\\apps\\web\\src\\features\\common\\components\\Analytics.jsx": {"path":"F:\\Enterprise-Work-Management-System\\apps\\web\\src\\features\\common\\components\\Analytics.jsx","statementMap":{"0":{"start":{"line":36,"column":13},"end":{"line":36,"column":34}},"1":{"start":{"line":54,"column":16},"end":{"line":54,"column":31}},"2":{"start":{"line":8,"column":16},"end":{"line":8,"column":28}},"3":{"start":{"line":153,"column":16},"end":{"line":153,"column":29}},"4":{"start":{"line":141,"column":16},"end":{"line":141,"column":31}},"5":{"start":{"line":101,"column":16},"end":{"line":101,"column":29}},"6":{"start":{"line":161,"column":16},"end":{"line":161,"column":28}},"7":{"start":{"line":1,"column":31},"end":{"line":1,"column":null}},"8":{"start":{"line":2,"column":23},"end":{"line":2,"column":null}},"9":{"start":{"line":3,"column":83},"end":{"line":3,"column":null}},"10":{"start":{"line":4,"column":25},"end":{"line":4,"column":null}},"11":{"start":{"line":6,"column":22},"end":{"line":6,"column":null}},"12":{"start":{"line":36,"column":34},"end":{"line":50,"column":null}},"13":{"start":{"line":37,"column":2},"end":{"line":48,"column":null}},"14":{"start":{"line":49,"column":2},"end":{"line":49,"column":null}},"15":{"start":{"line":52,"column":21},"end":{"line":52,"column":null}},"16":{"start":{"line":55,"column":22},"end":{"line":55,"column":null}},"17":{"start":{"line":55,"column":36},"end":{"line":55,"column":77}},"18":{"start":{"line":55,"column":63},"end":{"line":55,"column":77}},"19":{"start":{"line":56,"column":18},"end":{"line":56,"column":null}},"20":{"start":{"line":75,"column":20},"end":{"line":75,"column":43}},"21":{"start":{"line":84,"column":14},"end":{"line":84,"column":36}},"22":{"start":{"line":102,"column":17},"end":{"line":102,"column":null}},"23":{"start":{"line":103,"column":24},"end":{"line":103,"column":44}},"24":{"start":{"line":104,"column":17},"end":{"line":104,"column":null}}},"fnMap":{"0":{"name":"InsightCard","decl":{"start":{"line":8,"column":16},"end":{"line":8,"column":28}},"loc":{"start":{"line":8,"column":72},"end":{"line":34,"column":null}}},"1":{"name":"(anonymous_12)","decl":{"start":{"line":36,"column":34},"end":{"line":36,"column":35}},"loc":{"start":{"line":36,"column":54},"end":{"line":50,"column":null}}},"2":{"name":"DonutChartCard","decl":{"start":{"line":54,"column":16},"end":{"line":54,"column":31}},"loc":{"start":{"line":54,"column":92},"end":{"line":99,"column":null}}},"3":{"name":"(anonymous_14)","decl":{"start":{"line":55,"column":30},"end":{"line":55,"column":36}},"loc":{"start":{"line":55,"column":36},"end":{"line":55,"column":77}}},"4":{"name":"(anonymous_15)","decl":{"start":{"line":55,"column":56},"end":{"line":55,"column":57}},"loc":{"start":{"line":55,"column":63},"end":{"line":55,"column":77}}},"5":{"name":"(anonymous_16)","decl":{"start":{"line":74,"column":35},"end":{"line":74,"column":36}},"loc":{"start":{"line":75,"column":20},"end":{"line":75,"column":43}}},"6":{"name":"(anonymous_17)","decl":{"start":{"line":83,"column":29},"end":{"line":83,"column":30}},"loc":{"start":{"line":84,"column":14},"end":{"line":84,"column":36}}},"7":{"name":"ProgressRing","decl":{"start":{"line":101,"column":16},"end":{"line":101,"column":29}},"loc":{"start":{"line":101,"column":136},"end":{"line":139,"column":null}}},"8":{"name":"MiniTrendChart","decl":{"start":{"line":141,"column":16},"end":{"line":141,"column":31}},"loc":{"start":{"line":141,"column":58},"end":{"line":151,"column":null}}},"9":{"name":"MetricsStrip","decl":{"start":{"line":153,"column":16},"end":{"line":153,"column":29}},"loc":{"start":{"line":153,"column":41},"end":{"line":159,"column":null}}},"10":{"name":"StripMetric","decl":{"start":{"line":161,"column":16},"end":{"line":161,"column":28}},"loc":{"start":{"line":161,"column":49},"end":{"line":171,"column":null}}}},"branchMap":{"0":{"loc":{"start":{"line":17,"column":13},"end":{"line":17,"column":21}},"type":"binary-expr","locations":[{"start":{"line":17,"column":13},"end":{"line":17,"column":21}}]},"1":{"loc":{"start":{"line":21,"column":9},"end":{"line":21,"column":null}},"type":"binary-expr","locations":[{"start":{"line":21,"column":9},"end":{"line":21,"column":null}}]},"2":{"loc":{"start":{"line":22,"column":71},"end":{"line":22,"column":151}},"type":"cond-expr","locations":[{"start":{"line":22,"column":83},"end":{"line":22,"column":104}},{"start":{"line":22,"column":104},"end":{"line":22,"column":151}}]},"3":{"loc":{"start":{"line":22,"column":104},"end":{"line":22,"column":151}},"type":"cond-expr","locations":[{"start":{"line":22,"column":116},"end":{"line":22,"column":133}},{"start":{"line":22,"column":133},"end":{"line":22,"column":151}}]},"4":{"loc":{"start":{"line":23,"column":13},"end":{"line":23,"column":53}},"type":"cond-expr","locations":[{"start":{"line":23,"column":25},"end":{"line":23,"column":31}},{"start":{"line":23,"column":31},"end":{"line":23,"column":53}}]},"5":{"loc":{"start":{"line":23,"column":31},"end":{"line":23,"column":53}},"type":"cond-expr","locations":[{"start":{"line":23,"column":43},"end":{"line":23,"column":49}},{"start":{"line":23,"column":49},"end":{"line":23,"column":53}}]},"6":{"loc":{"start":{"line":29,"column":9},"end":{"line":29,"column":20}},"type":"binary-expr","locations":[{"start":{"line":29,"column":9},"end":{"line":29,"column":20}}]},"7":{"loc":{"start":{"line":37,"column":2},"end":{"line":48,"column":null}},"type":"if","locations":[{"start":{"line":37,"column":2},"end":{"line":48,"column":null}},{"start":{},"end":{}}]},"8":{"loc":{"start":{"line":37,"column":6},"end":{"line":37,"column":41}},"type":"binary-expr","locations":[{"start":{"line":37,"column":6},"end":{"line":37,"column":16}},{"start":{"line":37,"column":16},"end":{"line":37,"column":27}},{"start":{"line":37,"column":27},"end":{"line":37,"column":41}}]},"9":{"loc":{"start":{"line":41,"column":11},"end":{"line":41,"column":53}},"type":"binary-expr","locations":[{"start":{"line":41,"column":11},"end":{"line":41,"column":34}},{"start":{"line":41,"column":38},"end":{"line":41,"column":53}}]},"10":{"loc":{"start":{"line":54,"column":56},"end":{"line":54,"column":90}},"type":"default-arg","locations":[{"start":{"line":54,"column":71},"end":{"line":54,"column":90}}]},"11":{"loc":{"start":{"line":55,"column":37},"end":{"line":55,"column":47}},"type":"binary-expr","locations":[{"start":{"line":55,"column":37},"end":{"line":55,"column":45}},{"start":{"line":55,"column":45},"end":{"line":55,"column":47}}]},"12":{"loc":{"start":{"line":61,"column":8},"end":{"line":92,"column":9}},"type":"cond-expr","locations":[{"start":{"line":61,"column":8},"end":{"line":92,"column":9}}]},"13":{"loc":{"start":{"line":75,"column":49},"end":{"line":75,"column":103}},"type":"binary-expr","locations":[{"start":{"line":75,"column":49},"end":{"line":75,"column":60}},{"start":{"line":75,"column":64},"end":{"line":75,"column":103}}]},"14":{"loc":{"start":{"line":85,"column":84},"end":{"line":85,"column":138}},"type":"binary-expr","locations":[{"start":{"line":85,"column":84},"end":{"line":85,"column":95}},{"start":{"line":85,"column":99},"end":{"line":85,"column":138}}]},"15":{"loc":{"start":{"line":101,"column":41},"end":{"line":101,"column":50}},"type":"default-arg","locations":[{"start":{"line":101,"column":48},"end":{"line":101,"column":50}}]},"16":{"loc":{"start":{"line":101,"column":52},"end":{"line":101,"column":67}},"type":"default-arg","locations":[{"start":{"line":101,"column":66},"end":{"line":101,"column":67}}]},"17":{"loc":{"start":{"line":101,"column":69},"end":{"line":101,"column":99}},"type":"default-arg","locations":[{"start":{"line":101,"column":82},"end":{"line":101,"column":99}}]},"18":{"loc":{"start":{"line":101,"column":101},"end":{"line":101,"column":134}},"type":"default-arg","locations":[{"start":{"line":101,"column":114},"end":{"line":101,"column":134}}]},"19":{"loc":{"start":{"line":141,"column":39},"end":{"line":141,"column":56}},"type":"default-arg","locations":[{"start":{"line":141,"column":47},"end":{"line":141,"column":56}}]},"20":{"loc":{"start":{"line":167,"column":9},"end":{"line":167,"column":16}},"type":"binary-expr","locations":[{"start":{"line":167,"column":9},"end":{"line":167,"column":16}}]}},"s":{"0":0,"1":4,"2":32,"3":20,"4":2,"5":3,"6":97,"7":5,"8":5,"9":5,"10":5,"11":5,"12":5,"13":0,"14":0,"15":5,"16":4,"17":4,"18":16,"19":4,"20":8,"21":8,"22":3,"23":3,"24":3},"f":{"0":29,"1":0,"2":4,"3":4,"4":16,"5":8,"6":8,"7":3,"8":2,"9":16,"10":78},"b":{"0":[29],"1":[29],"2":[3,4],"3":[1,3],"4":[3,4],"5":[1,3],"6":[29],"7":[0,0],"8":[0,0,0],"9":[0,0],"10":[4],"11":[4,0],"12":[4],"13":[8,8],"14":[8,8],"15":[0],"16":[0],"17":[0],"18":[3],"19":[0],"20":[78]}}
,"F:\\Enterprise-Work-Management-System\\apps\\web\\src\\features\\common\\components\\Avatar.jsx": {"path":"F:\\Enterprise-Work-Management-System\\apps\\web\\src\\features\\common\\components\\Avatar.jsx","statementMap":{"0":{"start":{"line":20,"column":24},"end":{"line":20,"column":31}},"1":{"start":{"line":1,"column":25},"end":{"line":1,"column":null}},"2":{"start":{"line":4,"column":2},"end":{"line":10,"column":null}},"3":{"start":{"line":7,"column":19},"end":{"line":7,"column":26}},"4":{"start":{"line":13,"column":20},"end":{"line":18,"column":null}},"5":{"start":{"line":21,"column":30},"end":{"line":21,"column":null}},"6":{"start":{"line":22,"column":15},"end":{"line":22,"column":null}},"7":{"start":{"line":23,"column":20},"end":{"line":23,"column":55}},"8":{"start":{"line":25,"column":2},"end":{"line":34,"column":null}},"9":{"start":{"line":31,"column":23},"end":{"line":31,"column":null}}},"fnMap":{"0":{"name":"getInitials","decl":{"start":{"line":3,"column":9},"end":{"line":3,"column":21}},"loc":{"start":{"line":3,"column":25},"end":{"line":11,"column":null}}},"1":{"name":"(anonymous_2)","decl":{"start":{"line":7,"column":9},"end":{"line":7,"column":10}},"loc":{"start":{"line":7,"column":19},"end":{"line":7,"column":26}}},"2":{"name":"Avatar","decl":{"start":{"line":20,"column":24},"end":{"line":20,"column":31}},"loc":{"start":{"line":20,"column":83},"end":{"line":44,"column":null}}},"3":{"name":"(anonymous_4)","decl":{"start":{"line":31,"column":17},"end":{"line":31,"column":23}},"loc":{"start":{"line":31,"column":23},"end":{"line":31,"column":null}}}},"branchMap":{"0":{"loc":{"start":{"line":4,"column":16},"end":{"line":4,"column":null}},"type":"binary-expr","locations":[{"start":{"line":4,"column":16},"end":{"line":4,"column":24}},{"start":{"line":4,"column":24},"end":{"line":4,"column":null}}]},"1":{"loc":{"start":{"line":20,"column":44},"end":{"line":20,"column":55}},"type":"default-arg","locations":[{"start":{"line":20,"column":51},"end":{"line":20,"column":55}}]},"2":{"loc":{"start":{"line":20,"column":57},"end":{"line":20,"column":71}},"type":"default-arg","locations":[{"start":{"line":20,"column":69},"end":{"line":20,"column":71}}]},"3":{"loc":{"start":{"line":20,"column":73},"end":{"line":20,"column":81}},"type":"default-arg","locations":[{"start":{"line":20,"column":79},"end":{"line":20,"column":81}}]},"4":{"loc":{"start":{"line":23,"column":20},"end":{"line":23,"column":55}},"type":"binary-expr","locations":[{"start":{"line":23,"column":20},"end":{"line":23,"column":37}},{"start":{"line":23,"column":41},"end":{"line":23,"column":55}}]},"5":{"loc":{"start":{"line":25,"column":2},"end":{"line":34,"column":null}},"type":"if","locations":[{"start":{"line":25,"column":2},"end":{"line":34,"column":null}},{"start":{},"end":{}}]},"6":{"loc":{"start":{"line":25,"column":6},"end":{"line":25,"column":22}},"type":"binary-expr","locations":[{"start":{"line":25,"column":6},"end":{"line":25,"column":13}},{"start":{"line":25,"column":13},"end":{"line":25,"column":22}}]},"7":{"loc":{"start":{"line":39,"column":18},"end":{"line":39,"column":null}},"type":"binary-expr","locations":[{"start":{"line":39,"column":18},"end":{"line":39,"column":25}},{"start":{"line":39,"column":25},"end":{"line":39,"column":33}},{"start":{"line":39,"column":33},"end":{"line":39,"column":null}}]}},"s":{"0":14,"1":2,"2":14,"3":28,"4":2,"5":14,"6":14,"7":14,"8":14,"9":0},"f":{"0":14,"1":28,"2":14,"3":0},"b":{"0":[14,0],"1":[10],"2":[14],"3":[0],"4":[14,0],"5":[0,14],"6":[14,0],"7":[14,0,0]}}
,"F:\\Enterprise-Work-Management-System\\apps\\web\\src\\features\\common\\components\\UI.jsx": {"path":"F:\\Enterprise-Work-Management-System\\apps\\web\\src\\features\\common\\components\\UI.jsx","statementMap":{"0":{"start":{"line":72,"column":16},"end":{"line":72,"column":22}},"1":{"start":{"line":85,"column":16},"end":{"line":85,"column":23}},"2":{"start":{"line":131,"column":16},"end":{"line":131,"column":30}},"3":{"start":{"line":116,"column":16},"end":{"line":116,"column":27}},"4":{"start":{"line":5,"column":16},"end":{"line":5,"column":25}},"5":{"start":{"line":28,"column":16},"end":{"line":28,"column":27}},"6":{"start":{"line":158,"column":16},"end":{"line":158,"column":29}},"7":{"start":{"line":48,"column":16},"end":{"line":48,"column":25}},"8":{"start":{"line":104,"column":16},"end":{"line":104,"column":27}},"9":{"start":{"line":1,"column":18},"end":{"line":1,"column":null}},"10":{"start":{"line":2,"column":40},"end":{"line":2,"column":null}},"11":{"start":{"line":73,"column":16},"end":{"line":80,"column":null}},"12":{"start":{"line":86,"column":19},"end":{"line":91,"column":null}},"13":{"start":{"line":162,"column":8},"end":{"line":162,"column":25}}},"fnMap":{"0":{"name":"PageCard","decl":{"start":{"line":5,"column":16},"end":{"line":5,"column":25}},"loc":{"start":{"line":5,"column":79},"end":{"line":25,"column":null}}},"1":{"name":"PageHeader","decl":{"start":{"line":28,"column":16},"end":{"line":28,"column":27}},"loc":{"start":{"line":28,"column":67},"end":{"line":45,"column":null}}},"2":{"name":"StatCard","decl":{"start":{"line":48,"column":16},"end":{"line":48,"column":25}},"loc":{"start":{"line":48,"column":60},"end":{"line":69,"column":null}}},"3":{"name":"Badge","decl":{"start":{"line":72,"column":16},"end":{"line":72,"column":22}},"loc":{"start":{"line":72,"column":63},"end":{"line":82,"column":null}}},"4":{"name":"Button","decl":{"start":{"line":85,"column":16},"end":{"line":85,"column":23}},"loc":{"start":{"line":85,"column":82},"end":{"line":101,"column":null}}},"5":{"name":"TableShell","decl":{"start":{"line":104,"column":16},"end":{"line":104,"column":27}},"loc":{"start":{"line":104,"column":39},"end":{"line":114,"column":null}}},"6":{"name":"EmptyState","decl":{"start":{"line":116,"column":16},"end":{"line":116,"column":27}},"loc":{"start":{"line":116,"column":69},"end":{"line":129,"column":null}}},"7":{"name":"ConfirmDialog","decl":{"start":{"line":131,"column":16},"end":{"line":131,"column":30}},"loc":{"start":{"line":131,"column":75},"end":{"line":156,"column":null}}},"8":{"name":"SkeletonList","decl":{"start":{"line":158,"column":16},"end":{"line":158,"column":29}},"loc":{"start":{"line":158,"column":41},"end":{"line":166,"column":null}}},"9":{"name":"(anonymous_20)","decl":{"start":{"line":161,"column":40},"end":{"line":161,"column":41}},"loc":{"start":{"line":162,"column":8},"end":{"line":162,"column":25}}}},"branchMap":{"0":{"loc":{"start":{"line":5,"column":63},"end":{"line":5,"column":77}},"type":"default-arg","locations":[{"start":{"line":5,"column":75},"end":{"line":5,"column":77}}]},"1":{"loc":{"start":{"line":13,"column":8},"end":{"line":13,"column":17}},"type":"binary-expr","locations":[{"start":{"line":13,"column":8},"end":{"line":13,"column":17}},{"start":{"line":13,"column":17},"end":{"line":13,"column":23}}]},"2":{"loc":{"start":{"line":16,"column":13},"end":{"line":16,"column":22}},"type":"binary-expr","locations":[{"start":{"line":16,"column":13},"end":{"line":16,"column":22}}]},"3":{"loc":{"start":{"line":17,"column":13},"end":{"line":17,"column":25}},"type":"binary-expr","locations":[{"start":{"line":17,"column":13},"end":{"line":17,"column":25}}]},"4":{"loc":{"start":{"line":19,"column":11},"end":{"line":19,"column":22}},"type":"binary-expr","locations":[{"start":{"line":19,"column":11},"end":{"line":19,"column":22}}]},"5":{"loc":{"start":{"line":32,"column":9},"end":{"line":32,"column":null}},"type":"binary-expr","locations":[{"start":{"line":32,"column":9},"end":{"line":32,"column":null}}]},"6":{"loc":{"start":{"line":39,"column":11},"end":{"line":39,"column":23}},"type":"binary-expr","locations":[{"start":{"line":39,"column":11},"end":{"line":39,"column":23}}]},"7":{"loc":{"start":{"line":42,"column":7},"end":{"line":42,"column":18}},"type":"binary-expr","locations":[{"start":{"line":42,"column":7},"end":{"line":42,"column":18}}]},"8":{"loc":{"start":{"line":56,"column":9},"end":{"line":56,"column":17}},"type":"binary-expr","locations":[{"start":{"line":56,"column":9},"end":{"line":56,"column":17}}]},"9":{"loc":{"start":{"line":60,"column":9},"end":{"line":60,"column":null}},"type":"binary-expr","locations":[{"start":{"line":60,"column":9},"end":{"line":60,"column":null}}]},"10":{"loc":{"start":{"line":61,"column":50},"end":{"line":61,"column":143}},"type":"cond-expr","locations":[{"start":{"line":61,"column":62},"end":{"line":61,"column":105}},{"start":{"line":61,"column":105},"end":{"line":61,"column":143}}]},"11":{"loc":{"start":{"line":62,"column":13},"end":{"line":62,"column":35}},"type":"cond-expr","locations":[{"start":{"line":62,"column":25},"end":{"line":62,"column":31}},{"start":{"line":62,"column":31},"end":{"line":62,"column":35}}]},"12":{"loc":{"start":{"line":72,"column":31},"end":{"line":72,"column":45}},"type":"default-arg","locations":[{"start":{"line":72,"column":38},"end":{"line":72,"column":45}}]},"13":{"loc":{"start":{"line":72,"column":47},"end":{"line":72,"column":61}},"type":"default-arg","locations":[{"start":{"line":72,"column":59},"end":{"line":72,"column":61}}]},"14":{"loc":{"start":{"line":85,"column":35},"end":{"line":85,"column":54}},"type":"default-arg","locations":[{"start":{"line":85,"column":45},"end":{"line":85,"column":54}}]},"15":{"loc":{"start":{"line":85,"column":56},"end":{"line":85,"column":70}},"type":"default-arg","locations":[{"start":{"line":85,"column":68},"end":{"line":85,"column":70}}]},"16":{"loc":{"start":{"line":119,"column":7},"end":{"line":119,"column":null}},"type":"binary-expr","locations":[{"start":{"line":119,"column":7},"end":{"line":119,"column":null}}]},"17":{"loc":{"start":{"line":126,"column":7},"end":{"line":126,"column":17}},"type":"binary-expr","locations":[{"start":{"line":126,"column":7},"end":{"line":126,"column":17}}]},"18":{"loc":{"start":{"line":134,"column":7},"end":{"line":134,"column":null}},"type":"binary-expr","locations":[{"start":{"line":134,"column":7},"end":{"line":134,"column":null}}]},"19":{"loc":{"start":{"line":158,"column":31},"end":{"line":158,"column":39}},"type":"default-arg","locations":[{"start":{"line":158,"column":38},"end":{"line":158,"column":39}}]}},"s":{"0":49,"1":262,"2":34,"3":15,"4":66,"5":42,"6":2,"7":0,"8":8,"9":11,"10":11,"11":45,"12":263,"13":5},"f":{"0":57,"1":37,"2":0,"3":45,"4":263,"5":8,"6":12,"7":30,"8":1,"9":5},"b":{"0":[39],"1":[57,35],"2":[22],"3":[22],"4":[22],"5":[37],"6":[37],"7":[37],"8":[0],"9":[0],"10":[0,0],"11":[0,0],"12":[12],"13":[45],"14":[17],"15":[211],"16":[12],"17":[12],"18":[30],"19":[0]}}
,"F:\\Enterprise-Work-Management-System\\apps\\web\\src\\features\\common\\forms\\FormFields.jsx": {"path":"F:\\Enterprise-Work-Management-System\\apps\\web\\src\\features\\common\\forms\\FormFields.jsx","statementMap":{"0":{"start":{"line":17,"column":13},"end":{"line":17,"column":27}},"1":{"start":{"line":3,"column":13},"end":{"line":3,"column":25}},"2":{"start":{"line":1,"column":34},"end":{"line":1,"column":null}},"3":{"start":{"line":3,"column":25},"end":{"line":15,"column":null}},"4":{"start":{"line":17,"column":27},"end":{"line":35,"column":null}},"5":{"start":{"line":27,"column":10},"end":{"line":27,"column":57}}},"fnMap":{"0":{"name":"TextInput","decl":{"start":{"line":3,"column":45},"end":{"line":3,"column":55}},"loc":{"start":{"line":3,"column":86},"end":{"line":15,"column":null}}},"1":{"name":"SelectInput","decl":{"start":{"line":17,"column":47},"end":{"line":17,"column":59}},"loc":{"start":{"line":17,"column":99},"end":{"line":35,"column":null}}},"2":{"name":"(anonymous_8)","decl":{"start":{"line":26,"column":21},"end":{"line":26,"column":22}},"loc":{"start":{"line":27,"column":10},"end":{"line":27,"column":57}}}},"branchMap":{"0":{"loc":{"start":{"line":12,"column":7},"end":{"line":12,"column":16}},"type":"binary-expr","locations":[{"start":{"line":12,"column":7},"end":{"line":12,"column":16}}]},"1":{"loc":{"start":{"line":27,"column":64},"end":{"line":27,"column":null}},"type":"binary-expr","locations":[{"start":{"line":27,"column":64},"end":{"line":27,"column":74}},{"start":{"line":27,"column":78},"end":{"line":27,"column":null}}]},"2":{"loc":{"start":{"line":28,"column":13},"end":{"line":28,"column":null}},"type":"binary-expr","locations":[{"start":{"line":28,"column":13},"end":{"line":28,"column":23}},{"start":{"line":28,"column":27},"end":{"line":28,"column":null}}]},"3":{"loc":{"start":{"line":27,"column":23},"end":{"line":27,"column":57}},"type":"binary-expr","locations":[{"start":{"line":27,"column":23},"end":{"line":27,"column":33}},{"start":{"line":27,"column":37},"end":{"line":27,"column":47}},{"start":{"line":27,"column":51},"end":{"line":27,"column":57}}]},"4":{"loc":{"start":{"line":32,"column":7},"end":{"line":32,"column":16}},"type":"binary-expr","locations":[{"start":{"line":32,"column":7},"end":{"line":32,"column":16}}]}},"s":{"0":126,"1":122,"2":8,"3":8,"4":8,"5":424},"f":{"0":122,"1":126,"2":424},"b":{"0":[122],"1":[424,292],"2":[424,242],"3":[424,292,242],"4":[126]}}
,"F:\\Enterprise-Work-Management-System\\apps\\web\\src\\features\\common\\utils\\filtering.js": {"path":"F:\\Enterprise-Work-Management-System\\apps\\web\\src\\features\\common\\utils\\filtering.js","statementMap":{"0":{"start":{"line":1,"column":16},"end":{"line":1,"column":32}},"1":{"start":{"line":7,"column":16},"end":{"line":7,"column":28}},"2":{"start":{"line":2,"column":2},"end":{"line":2,"column":null}},"3":{"start":{"line":2,"column":14},"end":{"line":2,"column":null}},"4":{"start":{"line":3,"column":15},"end":{"line":3,"column":null}},"5":{"start":{"line":4,"column":2},"end":{"line":4,"column":null}},"6":{"start":{"line":4,"column":32},"end":{"line":4,"column":null}},"7":{"start":{"line":4,"column":51},"end":{"line":4,"column":null}},"8":{"start":{"line":8,"column":15},"end":{"line":8,"column":null}},"9":{"start":{"line":9,"column":2},"end":{"line":15,"column":null}},"10":{"start":{"line":10,"column":15},"end":{"line":10,"column":null}},"11":{"start":{"line":11,"column":15},"end":{"line":11,"column":null}},"12":{"start":{"line":12,"column":4},"end":{"line":12,"column":null}},"13":{"start":{"line":12,"column":17},"end":{"line":12,"column":null}},"14":{"start":{"line":13,"column":4},"end":{"line":13,"column":null}},"15":{"start":{"line":13,"column":17},"end":{"line":13,"column":null}},"16":{"start":{"line":14,"column":4},"end":{"line":14,"column":null}},"17":{"start":{"line":16,"column":2},"end":{"line":16,"column":null}}},"fnMap":{"0":{"name":"applyTextFilter","decl":{"start":{"line":1,"column":16},"end":{"line":1,"column":32}},"loc":{"start":{"line":1,"column":50},"end":{"line":5,"column":null}}},"1":{"name":"(anonymous_4)","decl":{"start":{"line":4,"column":22},"end":{"line":4,"column":23}},"loc":{"start":{"line":4,"column":32},"end":{"line":4,"column":null}}},"2":{"name":"(anonymous_5)","decl":{"start":{"line":4,"column":42},"end":{"line":4,"column":43}},"loc":{"start":{"line":4,"column":51},"end":{"line":4,"column":null}}},"3":{"name":"sortByField","decl":{"start":{"line":7,"column":16},"end":{"line":7,"column":28}},"loc":{"start":{"line":7,"column":59},"end":{"line":17,"column":null}}},"4":{"name":"(anonymous_7)","decl":{"start":{"line":9,"column":12},"end":{"line":9,"column":13}},"loc":{"start":{"line":9,"column":16},"end":{"line":15,"column":null}}}},"branchMap":{"0":{"loc":{"start":{"line":2,"column":2},"end":{"line":2,"column":null}},"type":"if","locations":[{"start":{"line":2,"column":2},"end":{"line":2,"column":null}},{"start":{},"end":{}}]},"1":{"loc":{"start":{"line":4,"column":58},"end":{"line":4,"column":75}},"type":"binary-expr","locations":[{"start":{"line":4,"column":58},"end":{"line":4,"column":67}},{"start":{"line":4,"column":71},"end":{"line":4,"column":75}}]},"2":{"loc":{"start":{"line":7,"column":42},"end":{"line":7,"column":59}},"type":"default-arg","locations":[{"start":{"line":7,"column":54},"end":{"line":7,"column":59}}]},"3":{"loc":{"start":{"line":10,"column":15},"end":{"line":10,"column":null}},"type":"binary-expr","locations":[{"start":{"line":10,"column":15},"end":{"line":10,"column":23}},{"start":{"line":10,"column":27},"end":{"line":10,"column":null}}]},"4":{"loc":{"start":{"line":11,"column":15},"end":{"line":11,"column":null}},"type":"binary-expr","locations":[{"start":{"line":11,"column":15},"end":{"line":11,"column":23}},{"start":{"line":11,"column":27},"end":{"line":11,"column":null}}]},"5":{"loc":{"start":{"line":12,"column":4},"end":{"line":12,"column":null}},"type":"if","locations":[{"start":{"line":12,"column":4},"end":{"line":12,"column":null}},{"start":{},"end":{}}]},"6":{"loc":{"start":{"line":12,"column":24},"end":{"line":12,"column":null}},"type":"cond-expr","locations":[{"start":{"line":12,"column":46},"end":{"line":12,"column":51}},{"start":{"line":12,"column":51},"end":{"line":12,"column":null}}]},"7":{"loc":{"start":{"line":13,"column":4},"end":{"line":13,"column":null}},"type":"if","locations":[{"start":{"line":13,"column":4},"end":{"line":13,"column":null}},{"start":{},"end":{}}]},"8":{"loc":{"start":{"line":13,"column":24},"end":{"line":13,"column":null}},"type":"cond-expr","locations":[{"start":{"line":13,"column":46},"end":{"line":13,"column":50}},{"start":{"line":13,"column":50},"end":{"line":13,"column":null}}]}},"s":{"0":12,"1":7,"2":12,"3":11,"4":1,"5":1,"6":2,"7":2,"8":7,"9":7,"10":3,"11":3,"12":3,"13":1,"14":2,"15":2,"16":0,"17":7},"f":{"0":12,"1":2,"2":2,"3":7,"4":3},"b":{"0":[11,1],"1":[2,0],"2":[1],"3":[3,0],"4":[3,0],"5":[1,2],"6":[1,0],"7":[2,0],"8":[0,2]}}
,"F:\\Enterprise-Work-Management-System\\apps\\web\\src\\features\\dashboard\\DashboardPage.jsx": {"path":"F:\\Enterprise-Work-Management-System\\apps\\web\\src\\features\\dashboard\\DashboardPage.jsx","statementMap":{"0":{"start":{"line":166,"column":24},"end":{"line":166,"column":null}},"1":{"start":{"line":1,"column":25},"end":{"line":1,"column":null}},"2":{"start":{"line":2,"column":41},"end":{"line":2,"column":null}},"3":{"start":{"line":3,"column":22},"end":{"line":3,"column":null}},"4":{"start":{"line":4,"column":67},"end":{"line":4,"column":null}},"5":{"start":{"line":5,"column":73},"end":{"line":5,"column":null}},"6":{"start":{"line":6,"column":40},"end":{"line":6,"column":null}},"7":{"start":{"line":17,"column":7},"end":{"line":17,"column":null}},"8":{"start":{"line":23,"column":7},"end":{"line":23,"column":null}},"9":{"start":{"line":27,"column":2},"end":{"line":27,"column":null}},"10":{"start":{"line":27,"column":16},"end":{"line":27,"column":null}},"11":{"start":{"line":28,"column":15},"end":{"line":28,"column":null}},"12":{"start":{"line":29,"column":15},"end":{"line":29,"column":null}},"13":{"start":{"line":30,"column":2},"end":{"line":30,"column":null}},"14":{"start":{"line":30,"column":18},"end":{"line":30,"column":null}},"15":{"start":{"line":31,"column":2},"end":{"line":31,"column":null}},"16":{"start":{"line":31,"column":18},"end":{"line":31,"column":null}},"17":{"start":{"line":32,"column":2},"end":{"line":32,"column":null}},"18":{"start":{"line":32,"column":16},"end":{"line":32,"column":null}},"19":{"start":{"line":33,"column":2},"end":{"line":33,"column":null}},"20":{"start":{"line":37,"column":15},"end":{"line":37,"column":null}},"21":{"start":{"line":38,"column":2},"end":{"line":38,"column":null}},"22":{"start":{"line":43,"column":2},"end":{"line":43,"column":null}},"23":{"start":{"line":43,"column":24},"end":{"line":43,"column":null}},"24":{"start":{"line":48,"column":10},"end":{"line":48,"column":26}},"25":{"start":{"line":67,"column":2},"end":{"line":67,"column":null}},"26":{"start":{"line":67,"column":21},"end":{"line":67,"column":null}},"27":{"start":{"line":72,"column":10},"end":{"line":72,"column":26}},"28":{"start":{"line":98,"column":30},"end":{"line":98,"column":null}},"29":{"start":{"line":99,"column":12},"end":{"line":100,"column":30}},"30":{"start":{"line":126,"column":18},"end":{"line":126,"column":null}},"31":{"start":{"line":127,"column":2},"end":{"line":127,"column":null}},"32":{"start":{"line":131,"column":18},"end":{"line":131,"column":null}},"33":{"start":{"line":167,"column":25},"end":{"line":167,"column":null}},"34":{"start":{"line":168,"column":25},"end":{"line":168,"column":null}},"35":{"start":{"line":169,"column":25},"end":{"line":169,"column":null}},"36":{"start":{"line":170,"column":25},"end":{"line":170,"column":null}},"37":{"start":{"line":171,"column":25},"end":{"line":171,"column":null}},"38":{"start":{"line":172,"column":25},"end":{"line":172,"column":null}},"39":{"start":{"line":173,"column":26},"end":{"line":173,"column":null}},"40":{"start":{"line":174,"column":25},"end":{"line":174,"column":null}},"41":{"start":{"line":175,"column":25},"end":{"line":175,"column":null}},"42":{"start":{"line":176,"column":25},"end":{"line":176,"column":null}},"43":{"start":{"line":177,"column":25},"end":{"line":177,"column":null}},"44":{"start":{"line":177,"column":48},"end":{"line":177,"column":74}},"45":{"start":{"line":178,"column":25},"end":{"line":178,"column":null}},"46":{"start":{"line":178,"column":48},"end":{"line":178,"column":63}},"47":{"start":{"line":179,"column":60},"end":{"line":179,"column":null}},"48":{"start":{"line":180,"column":52},"end":{"line":180,"column":null}},"49":{"start":{"line":182,"column":25},"end":{"line":182,"column":null}},"50":{"start":{"line":183,"column":25},"end":{"line":183,"column":null}},"51":{"start":{"line":184,"column":25},"end":{"line":184,"column":null}},"52":{"start":{"line":186,"column":26},"end":{"line":186,"column":null}},"53":{"start":{"line":187,"column":26},"end":{"line":189,"column":6}},"54":{"start":{"line":188,"column":14},"end":{"line":188,"column":null}},"55":{"start":{"line":191,"column":25},"end":{"line":201,"column":null}},"56":{"start":{"line":192,"column":4},"end":{"line":192,"column":null}},"57":{"start":{"line":193,"column":19},"end":{"line":193,"column":null}},"58":{"start":{"line":194,"column":4},"end":{"line":194,"column":null}},"59":{"start":{"line":195,"column":4},"end":{"line":195,"column":null}},"60":{"start":{"line":196,"column":4},"end":{"line":199,"column":null}},"61":{"start":{"line":197,"column":6},"end":{"line":197,"column":null}},"62":{"start":{"line":198,"column":6},"end":{"line":198,"column":null}},"63":{"start":{"line":200,"column":4},"end":{"line":200,"column":null}},"64":{"start":{"line":321,"column":84},"end":{"line":321,"column":95}},"65":{"start":{"line":322,"column":91},"end":{"line":322,"column":98}},"66":{"start":{"line":340,"column":18},"end":{"line":340,"column":34}},"67":{"start":{"line":377,"column":35},"end":{"line":377,"column":null}},"68":{"start":{"line":401,"column":29},"end":{"line":401,"column":37}},"69":{"start":{"line":402,"column":31},"end":{"line":402,"column":null}},"70":{"start":{"line":403,"column":33},"end":{"line":403,"column":null}},"71":{"start":{"line":405,"column":33},"end":{"line":405,"column":null}},"72":{"start":{"line":406,"column":43},"end":{"line":406,"column":null}},"73":{"start":{"line":407,"column":18},"end":{"line":421,"column":null}},"74":{"start":{"line":408,"column":20},"end":{"line":408,"column":35}},"75":{"start":{"line":408,"column":35},"end":{"line":408,"column":77}},"76":{"start":{"line":408,"column":77},"end":{"line":408,"column":null}},"77":{"start":{"line":409,"column":25},"end":{"line":421,"column":null}},"78":{"start":{"line":410,"column":20},"end":{"line":410,"column":41}},"79":{"start":{"line":410,"column":41},"end":{"line":410,"column":91}},"80":{"start":{"line":410,"column":91},"end":{"line":410,"column":null}},"81":{"start":{"line":411,"column":25},"end":{"line":421,"column":null}},"82":{"start":{"line":412,"column":20},"end":{"line":412,"column":39}},"83":{"start":{"line":412,"column":39},"end":{"line":412,"column":81}},"84":{"start":{"line":412,"column":81},"end":{"line":412,"column":null}},"85":{"start":{"line":413,"column":25},"end":{"line":421,"column":null}},"86":{"start":{"line":414,"column":20},"end":{"line":414,"column":40}},"87":{"start":{"line":414,"column":40},"end":{"line":414,"column":88}},"88":{"start":{"line":414,"column":88},"end":{"line":414,"column":null}},"89":{"start":{"line":415,"column":25},"end":{"line":421,"column":null}},"90":{"start":{"line":416,"column":20},"end":{"line":416,"column":40}},"91":{"start":{"line":416,"column":40},"end":{"line":416,"column":88}},"92":{"start":{"line":416,"column":88},"end":{"line":416,"column":null}},"93":{"start":{"line":417,"column":25},"end":{"line":421,"column":null}},"94":{"start":{"line":418,"column":20},"end":{"line":418,"column":42}},"95":{"start":{"line":418,"column":42},"end":{"line":418,"column":88}},"96":{"start":{"line":418,"column":88},"end":{"line":418,"column":null}},"97":{"start":{"line":419,"column":25},"end":{"line":421,"column":null}},"98":{"start":{"line":420,"column":20},"end":{"line":420,"column":41}},"99":{"start":{"line":420,"column":41},"end":{"line":420,"column":91}},"100":{"start":{"line":420,"column":91},"end":{"line":420,"column":null}},"101":{"start":{"line":424,"column":38},"end":{"line":427,"column":null}},"102":{"start":{"line":429,"column":18},"end":{"line":430,"column":39}},"103":{"start":{"line":454,"column":24},"end":{"line":454,"column":null}},"104":{"start":{"line":461,"column":14},"end":{"line":462,"column":null}}},"fnMap":{"0":{"name":"relativeTime","decl":{"start":{"line":26,"column":9},"end":{"line":26,"column":22}},"loc":{"start":{"line":26,"column":29},"end":{"line":34,"column":null}}},"1":{"name":"daysOverdue","decl":{"start":{"line":36,"column":9},"end":{"line":36,"column":21}},"loc":{"start":{"line":36,"column":28},"end":{"line":39,"column":null}}},"2":{"name":"AtRiskCard","decl":{"start":{"line":42,"column":9},"end":{"line":42,"column":20}},"loc":{"start":{"line":42,"column":32},"end":{"line":64,"column":null}}},"3":{"name":"(anonymous_4)","decl":{"start":{"line":47,"column":22},"end":{"line":47,"column":23}},"loc":{"start":{"line":48,"column":10},"end":{"line":48,"column":26}}},"4":{"name":"OverdueTasksCard","decl":{"start":{"line":66,"column":9},"end":{"line":66,"column":26}},"loc":{"start":{"line":66,"column":35},"end":{"line":88,"column":null}}},"5":{"name":"(anonymous_6)","decl":{"start":{"line":71,"column":19},"end":{"line":71,"column":20}},"loc":{"start":{"line":72,"column":10},"end":{"line":72,"column":26}}},"6":{"name":"MyTasksCard","decl":{"start":{"line":90,"column":9},"end":{"line":90,"column":21}},"loc":{"start":{"line":90,"column":30},"end":{"line":123,"column":null}}},"7":{"name":"(anonymous_8)","decl":{"start":{"line":97,"column":33},"end":{"line":97,"column":34}},"loc":{"start":{"line":97,"column":34},"end":{"line":118,"column":null}}},"8":{"name":"getManagerInfo","decl":{"start":{"line":125,"column":9},"end":{"line":125,"column":24}},"loc":{"start":{"line":125,"column":28},"end":{"line":128,"column":null}}},"9":{"name":"WorkingUnderCard","decl":{"start":{"line":130,"column":9},"end":{"line":130,"column":26}},"loc":{"start":{"line":130,"column":34},"end":{"line":163,"column":null}}},"10":{"name":"DashboardPage","decl":{"start":{"line":166,"column":24},"end":{"line":166,"column":null}},"loc":{"start":{"line":166,"column":24},"end":{"line":493,"column":null}}},"11":{"name":"(anonymous_12)","decl":{"start":{"line":177,"column":37},"end":{"line":177,"column":38}},"loc":{"start":{"line":177,"column":48},"end":{"line":177,"column":74}}},"12":{"name":"(anonymous_13)","decl":{"start":{"line":178,"column":37},"end":{"line":178,"column":38}},"loc":{"start":{"line":178,"column":48},"end":{"line":178,"column":63}}},"13":{"name":"(anonymous_14)","decl":{"start":{"line":188,"column":4},"end":{"line":188,"column":5}},"loc":{"start":{"line":188,"column":14},"end":{"line":188,"column":null}}},"14":{"name":"(anonymous_15)","decl":{"start":{"line":191,"column":25},"end":{"line":191,"column":null}},"loc":{"start":{"line":191,"column":25},"end":{"line":201,"column":null}}},"15":{"name":"(anonymous_16)","decl":{"start":{"line":321,"column":74},"end":{"line":321,"column":75}},"loc":{"start":{"line":321,"column":84},"end":{"line":321,"column":95}}},"16":{"name":"(anonymous_17)","decl":{"start":{"line":322,"column":84},"end":{"line":322,"column":85}},"loc":{"start":{"line":322,"column":91},"end":{"line":322,"column":98}}},"17":{"name":"(anonymous_18)","decl":{"start":{"line":339,"column":46},"end":{"line":339,"column":47}},"loc":{"start":{"line":340,"column":18},"end":{"line":340,"column":34}}},"18":{"name":"(anonymous_19)","decl":{"start":{"line":377,"column":29},"end":{"line":377,"column":35}},"loc":{"start":{"line":377,"column":35},"end":{"line":377,"column":null}}},"19":{"name":"(anonymous_20)","decl":{"start":{"line":399,"column":44},"end":{"line":399,"column":45}},"loc":{"start":{"line":399,"column":45},"end":{"line":442,"column":null}}},"20":{"name":"(anonymous_21)","decl":{"start":{"line":454,"column":18},"end":{"line":454,"column":24}},"loc":{"start":{"line":454,"column":24},"end":{"line":454,"column":null}}},"21":{"name":"(anonymous_22)","decl":{"start":{"line":460,"column":38},"end":{"line":460,"column":39}},"loc":{"start":{"line":461,"column":14},"end":{"line":462,"column":null}}}},"branchMap":{"0":{"loc":{"start":{"line":27,"column":2},"end":{"line":27,"column":null}},"type":"if","locations":[{"start":{"line":27,"column":2},"end":{"line":27,"column":null}},{"start":{},"end":{}}]},"1":{"loc":{"start":{"line":30,"column":2},"end":{"line":30,"column":null}},"type":"if","locations":[{"start":{"line":30,"column":2},"end":{"line":30,"column":null}},{"start":{},"end":{}}]},"2":{"loc":{"start":{"line":31,"column":2},"end":{"line":31,"column":null}},"type":"if","locations":[{"start":{"line":31,"column":2},"end":{"line":31,"column":null}},{"start":{},"end":{}}]},"3":{"loc":{"start":{"line":32,"column":2},"end":{"line":32,"column":null}},"type":"if","locations":[{"start":{"line":32,"column":2},"end":{"line":32,"column":null}},{"start":{},"end":{}}]},"4":{"loc":{"start":{"line":43,"column":2},"end":{"line":43,"column":null}},"type":"if","locations":[{"start":{"line":43,"column":2},"end":{"line":43,"column":null}},{"start":{},"end":{}}]},"5":{"loc":{"start":{"line":67,"column":2},"end":{"line":67,"column":null}},"type":"if","locations":[{"start":{"line":67,"column":2},"end":{"line":67,"column":null}},{"start":{},"end":{}}]},"6":{"loc":{"start":{"line":76,"column":17},"end":{"line":76,"column":71}},"type":"binary-expr","locations":[{"start":{"line":76,"column":17},"end":{"line":76,"column":37}},{"start":{"line":76,"column":41},"end":{"line":76,"column":54}},{"start":{"line":76,"column":58},"end":{"line":76,"column":71}}]},"7":{"loc":{"start":{"line":76,"column":75},"end":{"line":76,"column":null}},"type":"binary-expr","locations":[{"start":{"line":76,"column":75},"end":{"line":76,"column":96}},{"start":{"line":76,"column":100},"end":{"line":76,"column":114}},{"start":{"line":76,"column":118},"end":{"line":76,"column":null}}]},"8":{"loc":{"start":{"line":94,"column":8},"end":{"line":96,"column":9}},"type":"cond-expr","locations":[{"start":{"line":94,"column":8},"end":{"line":96,"column":9}}]},"9":{"loc":{"start":{"line":98,"column":30},"end":{"line":98,"column":null}},"type":"binary-expr","locations":[{"start":{"line":98,"column":30},"end":{"line":98,"column":39}},{"start":{"line":98,"column":43},"end":{"line":98,"column":null}}]},"10":{"loc":{"start":{"line":103,"column":20},"end":{"line":103,"column":40}},"type":"binary-expr","locations":[{"start":{"line":103,"column":20},"end":{"line":103,"column":40}},{"start":{"line":103,"column":44},"end":{"line":103,"column":57}}]},"11":{"loc":{"start":{"line":104,"column":60},"end":{"line":104,"column":97}},"type":"binary-expr","locations":[{"start":{"line":104,"column":60},"end":{"line":104,"column":80}},{"start":{"line":104,"column":84},"end":{"line":104,"column":97}}]},"12":{"loc":{"start":{"line":108,"column":19},"end":{"line":108,"column":28}},"type":"binary-expr","locations":[{"start":{"line":108,"column":19},"end":{"line":108,"column":28}}]},"13":{"loc":{"start":{"line":109,"column":72},"end":{"line":109,"column":133}},"type":"cond-expr","locations":[{"start":{"line":109,"column":84},"end":{"line":109,"column":115}},{"start":{"line":109,"column":115},"end":{"line":109,"column":133}}]},"14":{"loc":{"start":{"line":111,"column":23},"end":{"line":111,"column":null}},"type":"cond-expr","locations":[{"start":{"line":111,"column":35},"end":{"line":111,"column":71}},{"start":{"line":111,"column":74},"end":{"line":111,"column":null}}]},"15":{"loc":{"start":{"line":114,"column":50},"end":{"line":114,"column":null}},"type":"cond-expr","locations":[{"start":{"line":114,"column":78},"end":{"line":114,"column":86}},{"start":{"line":114,"column":86},"end":{"line":114,"column":null}}]},"16":{"loc":{"start":{"line":114,"column":86},"end":{"line":114,"column":null}},"type":"cond-expr","locations":[{"start":{"line":114,"column":110},"end":{"line":114,"column":120}},{"start":{"line":114,"column":120},"end":{"line":114,"column":null}}]},"17":{"loc":{"start":{"line":127,"column":9},"end":{"line":127,"column":null}},"type":"cond-expr","locations":[{"start":{"line":127,"column":66},"end":{"line":127,"column":76}},{"start":{"line":127,"column":76},"end":{"line":127,"column":null}}]},"18":{"loc":{"start":{"line":127,"column":9},"end":{"line":127,"column":63}},"type":"binary-expr","locations":[{"start":{"line":127,"column":9},"end":{"line":127,"column":20}},{"start":{"line":127,"column":20},"end":{"line":127,"column":51}},{"start":{"line":127,"column":51},"end":{"line":127,"column":63}}]},"19":{"loc":{"start":{"line":137,"column":10},"end":{"line":139,"column":null}},"type":"cond-expr","locations":[{"start":{"line":138,"column":14},"end":{"line":138,"column":null}},{"start":{"line":139,"column":14},"end":{"line":139,"column":null}}]},"20":{"loc":{"start":{"line":148,"column":13},"end":{"line":148,"column":null}},"type":"binary-expr","locations":[{"start":{"line":148,"column":13},"end":{"line":148,"column":30}},{"start":{"line":148,"column":30},"end":{"line":148,"column":null}}]},"21":{"loc":{"start":{"line":151,"column":12},"end":{"line":155,"column":13}},"type":"cond-expr","locations":[{"start":{"line":151,"column":12},"end":{"line":155,"column":13}}]},"22":{"loc":{"start":{"line":177,"column":48},"end":{"line":177,"column":74}},"type":"binary-expr","locations":[{"start":{"line":177,"column":48},"end":{"line":177,"column":68}},{"start":{"line":177,"column":72},"end":{"line":177,"column":74}}]},"23":{"loc":{"start":{"line":182,"column":25},"end":{"line":182,"column":null}},"type":"binary-expr","locations":[{"start":{"line":182,"column":25},"end":{"line":182,"column":43}},{"start":{"line":182,"column":43},"end":{"line":182,"column":null}}]},"24":{"loc":{"start":{"line":186,"column":26},"end":{"line":186,"column":null}},"type":"binary-expr","locations":[{"start":{"line":186,"column":26},"end":{"line":186,"column":37}},{"start":{"line":186,"column":41},"end":{"line":186,"column":null}}]},"25":{"loc":{"start":{"line":188,"column":23},"end":{"line":188,"column":43}},"type":"binary-expr","locations":[{"start":{"line":188,"column":23},"end":{"line":188,"column":34}},{"start":{"line":188,"column":38},"end":{"line":188,"column":43}}]},"26":{"loc":{"start":{"line":188,"column":52},"end":{"line":188,"column":null}},"type":"binary-expr","locations":[{"start":{"line":188,"column":52},"end":{"line":188,"column":63}},{"start":{"line":188,"column":67},"end":{"line":188,"column":null}}]},"27":{"loc":{"start":{"line":196,"column":4},"end":{"line":199,"column":null}},"type":"if","locations":[{"start":{"line":196,"column":4},"end":{"line":199,"column":null}},{"start":{},"end":{}}]},"28":{"loc":{"start":{"line":197,"column":18},"end":{"line":197,"column":null}},"type":"binary-expr","locations":[{"start":{"line":197,"column":18},"end":{"line":197,"column":32}},{"start":{"line":197,"column":36},"end":{"line":197,"column":null}}]},"29":{"loc":{"start":{"line":206,"column":15},"end":{"line":206,"column":null}},"type":"cond-expr","locations":[{"start":{"line":206,"column":25},"end":{"line":206,"column":44}},{"start":{"line":206,"column":44},"end":{"line":206,"column":null}}]},"30":{"loc":{"start":{"line":206,"column":44},"end":{"line":206,"column":null}},"type":"cond-expr","locations":[{"start":{"line":206,"column":56},"end":{"line":206,"column":76}},{"start":{"line":206,"column":76},"end":{"line":206,"column":null}}]},"31":{"loc":{"start":{"line":208,"column":10},"end":{"line":212,"column":null}},"type":"cond-expr","locations":[{"start":{"line":209,"column":14},"end":{"line":209,"column":null}},{"start":{"line":210,"column":14},"end":{"line":212,"column":null}}]},"32":{"loc":{"start":{"line":210,"column":14},"end":{"line":212,"column":null}},"type":"cond-expr","locations":[{"start":{"line":211,"column":14},"end":{"line":211,"column":null}},{"start":{"line":212,"column":14},"end":{"line":212,"column":null}}]},"33":{"loc":{"start":{"line":214,"column":14},"end":{"line":214,"column":71}},"type":"cond-expr","locations":[{"start":{"line":214,"column":24},"end":{"line":214,"column":30}},{"start":{"line":214,"column":33},"end":{"line":214,"column":71}}]},"34":{"loc":{"start":{"line":214,"column":33},"end":{"line":214,"column":71}},"type":"cond-expr","locations":[{"start":{"line":214,"column":45},"end":{"line":214,"column":57}},{"start":{"line":214,"column":60},"end":{"line":214,"column":71}}]},"35":{"loc":{"start":{"line":220,"column":10},"end":{"line":250,"column":48}},"type":"cond-expr","locations":[{"start":{"line":220,"column":10},"end":{"line":250,"column":48}}]},"36":{"loc":{"start":{"line":219,"column":9},"end":{"line":219,"column":null}},"type":"binary-expr","locations":[{"start":{"line":219,"column":9},"end":{"line":219,"column":20}},{"start":{"line":219,"column":20},"end":{"line":219,"column":null}}]},"37":{"loc":{"start":{"line":224,"column":23},"end":{"line":224,"column":null}},"type":"cond-expr","locations":[{"start":{"line":224,"column":50},"end":{"line":224,"column":89}},{"start":{"line":224,"column":92},"end":{"line":224,"column":null}}]},"38":{"loc":{"start":{"line":226,"column":21},"end":{"line":226,"column":null}},"type":"cond-expr","locations":[{"start":{"line":226,"column":51},"end":{"line":226,"column":56}},{"start":{"line":226,"column":56},"end":{"line":226,"column":null}}]},"39":{"loc":{"start":{"line":233,"column":21},"end":{"line":233,"column":null}},"type":"cond-expr","locations":[{"start":{"line":233,"column":53},"end":{"line":233,"column":57}},{"start":{"line":233,"column":57},"end":{"line":233,"column":null}}]},"40":{"loc":{"start":{"line":237,"column":21},"end":{"line":237,"column":null}},"type":"cond-expr","locations":[{"start":{"line":237,"column":39},"end":{"line":237,"column":70}},{"start":{"line":237,"column":73},"end":{"line":237,"column":null}}]},"41":{"loc":{"start":{"line":238,"column":23},"end":{"line":238,"column":null}},"type":"cond-expr","locations":[{"start":{"line":238,"column":41},"end":{"line":238,"column":75}},{"start":{"line":238,"column":78},"end":{"line":238,"column":null}}]},"42":{"loc":{"start":{"line":244,"column":23},"end":{"line":244,"column":null}},"type":"cond-expr","locations":[{"start":{"line":244,"column":43},"end":{"line":244,"column":96}},{"start":{"line":244,"column":99},"end":{"line":244,"column":null}}]},"43":{"loc":{"start":{"line":246,"column":21},"end":{"line":246,"column":null}},"type":"cond-expr","locations":[{"start":{"line":246,"column":44},"end":{"line":246,"column":49}},{"start":{"line":246,"column":49},"end":{"line":246,"column":null}}]},"44":{"loc":{"start":{"line":255,"column":23},"end":{"line":255,"column":97}},"type":"cond-expr","locations":[{"start":{"line":255,"column":46},"end":{"line":255,"column":64}},{"start":{"line":255,"column":64},"end":{"line":255,"column":97}}]},"45":{"loc":{"start":{"line":257,"column":21},"end":{"line":257,"column":null}},"type":"cond-expr","locations":[{"start":{"line":257,"column":48},"end":{"line":257,"column":53}},{"start":{"line":257,"column":53},"end":{"line":257,"column":null}}]},"46":{"loc":{"start":{"line":264,"column":21},"end":{"line":264,"column":null}},"type":"cond-expr","locations":[{"start":{"line":264,"column":53},"end":{"line":264,"column":58}},{"start":{"line":264,"column":58},"end":{"line":264,"column":null}}]},"47":{"loc":{"start":{"line":269,"column":23},"end":{"line":269,"column":108}},"type":"cond-expr","locations":[{"start":{"line":269,"column":46},"end":{"line":269,"column":65}},{"start":{"line":269,"column":65},"end":{"line":269,"column":108}}]},"48":{"loc":{"start":{"line":271,"column":21},"end":{"line":271,"column":null}},"type":"cond-expr","locations":[{"start":{"line":271,"column":42},"end":{"line":271,"column":47}},{"start":{"line":271,"column":47},"end":{"line":271,"column":null}}]},"49":{"loc":{"start":{"line":278,"column":21},"end":{"line":278,"column":null}},"type":"cond-expr","locations":[{"start":{"line":278,"column":51},"end":{"line":278,"column":55}},{"start":{"line":278,"column":55},"end":{"line":278,"column":null}}]},"50":{"loc":{"start":{"line":286,"column":8},"end":{"line":286,"column":19}},"type":"binary-expr","locations":[{"start":{"line":286,"column":8},"end":{"line":286,"column":19}},{"start":{"line":286,"column":19},"end":{"line":286,"column":27}},{"start":{"line":286,"column":34},"end":{"line":286,"column":55}},{"start":{"line":286,"column":55},"end":{"line":286,"column":null}}]},"51":{"loc":{"start":{"line":288,"column":11},"end":{"line":288,"column":32}},"type":"binary-expr","locations":[{"start":{"line":288,"column":11},"end":{"line":288,"column":32}}]},"52":{"loc":{"start":{"line":289,"column":11},"end":{"line":289,"column":41}},"type":"binary-expr","locations":[{"start":{"line":289,"column":11},"end":{"line":289,"column":41}}]},"53":{"loc":{"start":{"line":294,"column":7},"end":{"line":294,"column":19}},"type":"binary-expr","locations":[{"start":{"line":294,"column":7},"end":{"line":294,"column":19}},{"start":{"line":294,"column":19},"end":{"line":294,"column":null}}]},"54":{"loc":{"start":{"line":336,"column":15},"end":{"line":340,"column":34}},"type":"cond-expr","locations":[{"start":{"line":337,"column":16},"end":{"line":339,"column":30}},{"start":{"line":339,"column":16},"end":{"line":340,"column":34}}]},"55":{"loc":{"start":{"line":346,"column":28},"end":{"line":350,"column":null}},"type":"cond-expr","locations":[{"start":{"line":347,"column":32},"end":{"line":347,"column":null}},{"start":{"line":348,"column":32},"end":{"line":350,"column":null}}]},"56":{"loc":{"start":{"line":348,"column":32},"end":{"line":350,"column":null}},"type":"cond-expr","locations":[{"start":{"line":349,"column":32},"end":{"line":349,"column":null}},{"start":{"line":350,"column":32},"end":{"line":350,"column":null}}]},"57":{"loc":{"start":{"line":357,"column":22},"end":{"line":357,"column":null}},"type":"cond-expr","locations":[{"start":{"line":357,"column":49},"end":{"line":357,"column":70}},{"start":{"line":357,"column":70},"end":{"line":357,"column":null}}]},"58":{"loc":{"start":{"line":357,"column":70},"end":{"line":357,"column":null}},"type":"cond-expr","locations":[{"start":{"line":357,"column":92},"end":{"line":357,"column":112}},{"start":{"line":357,"column":112},"end":{"line":357,"column":null}}]},"59":{"loc":{"start":{"line":373,"column":14},"end":{"line":384,"column":null}},"type":"cond-expr","locations":[{"start":{"line":374,"column":16},"end":{"line":384,"column":null}},{"start":{"line":384,"column":18},"end":{"line":384,"column":null}}]},"60":{"loc":{"start":{"line":381,"column":21},"end":{"line":381,"column":null}},"type":"cond-expr","locations":[{"start":{"line":381,"column":41},"end":{"line":381,"column":57}},{"start":{"line":381,"column":57},"end":{"line":381,"column":null}}]},"61":{"loc":{"start":{"line":388,"column":14},"end":{"line":398,"column":15}},"type":"cond-expr","locations":[{"start":{"line":388,"column":14},"end":{"line":398,"column":15}}]},"62":{"loc":{"start":{"line":405,"column":33},"end":{"line":405,"column":null}},"type":"binary-expr","locations":[{"start":{"line":405,"column":33},"end":{"line":405,"column":44}},{"start":{"line":405,"column":48},"end":{"line":405,"column":null}}]},"63":{"loc":{"start":{"line":407,"column":18},"end":{"line":421,"column":null}},"type":"if","locations":[{"start":{"line":407,"column":18},"end":{"line":421,"column":null}},{"start":{"line":409,"column":25},"end":{"line":421,"column":null}}]},"64":{"loc":{"start":{"line":407,"column":22},"end":{"line":407,"column":100}},"type":"binary-expr","locations":[{"start":{"line":407,"column":22},"end":{"line":407,"column":62}},{"start":{"line":407,"column":62},"end":{"line":407,"column":100}}]},"65":{"loc":{"start":{"line":409,"column":25},"end":{"line":421,"column":null}},"type":"if","locations":[{"start":{"line":409,"column":25},"end":{"line":421,"column":null}},{"start":{"line":411,"column":25},"end":{"line":421,"column":null}}]},"66":{"loc":{"start":{"line":411,"column":25},"end":{"line":421,"column":null}},"type":"if","locations":[{"start":{"line":411,"column":25},"end":{"line":421,"column":null}},{"start":{"line":413,"column":25},"end":{"line":421,"column":null}}]},"67":{"loc":{"start":{"line":413,"column":25},"end":{"line":421,"column":null}},"type":"if","locations":[{"start":{"line":413,"column":25},"end":{"line":421,"column":null}},{"start":{"line":415,"column":25},"end":{"line":421,"column":null}}]},"68":{"loc":{"start":{"line":415,"column":25},"end":{"line":421,"column":null}},"type":"if","locations":[{"start":{"line":415,"column":25},"end":{"line":421,"column":null}},{"start":{"line":417,"column":25},"end":{"line":421,"column":null}}]},"69":{"loc":{"start":{"line":417,"column":25},"end":{"line":421,"column":null}},"type":"if","locations":[{"start":{"line":417,"column":25},"end":{"line":421,"column":null}},{"start":{"line":419,"column":25},"end":{"line":421,"column":null}}]},"70":{"loc":{"start":{"line":419,"column":25},"end":{"line":421,"column":null}},"type":"if","locations":[{"start":{"line":419,"column":25},"end":{"line":421,"column":null}},{"start":{},"end":{}}]},"71":{"loc":{"start":{"line":419,"column":29},"end":{"line":419,"column":91}},"type":"binary-expr","locations":[{"start":{"line":419,"column":29},"end":{"line":419,"column":61}},{"start":{"line":419,"column":61},"end":{"line":419,"column":91}}]},"72":{"loc":{"start":{"line":424,"column":38},"end":{"line":427,"column":null}},"type":"binary-expr","locations":[{"start":{"line":424,"column":38},"end":{"line":424,"column":null}},{"start":{"line":425,"column":24},"end":{"line":427,"column":54}}]},"73":{"loc":{"start":{"line":425,"column":24},"end":{"line":427,"column":54}},"type":"cond-expr","locations":[{"start":{"line":426,"column":26},"end":{"line":426,"column":98}},{"start":{"line":427,"column":26},"end":{"line":427,"column":54}}]},"74":{"loc":{"start":{"line":425,"column":24},"end":{"line":425,"column":57}},"type":"binary-expr","locations":[{"start":{"line":425,"column":24},"end":{"line":425,"column":38}},{"start":{"line":425,"column":42},"end":{"line":425,"column":57}}]},"75":{"loc":{"start":{"line":426,"column":48},"end":{"line":426,"column":59}},"type":"binary-expr","locations":[{"start":{"line":426,"column":48},"end":{"line":426,"column":58}},{"start":{"line":426,"column":58},"end":{"line":426,"column":59}}]},"76":{"loc":{"start":{"line":427,"column":26},"end":{"line":427,"column":54}},"type":"binary-expr","locations":[{"start":{"line":427,"column":26},"end":{"line":427,"column":37}},{"start":{"line":427,"column":41},"end":{"line":427,"column":54}}]},"77":{"loc":{"start":{"line":457,"column":8},"end":{"line":457,"column":19}},"type":"binary-expr","locations":[{"start":{"line":457,"column":8},"end":{"line":457,"column":19}},{"start":{"line":457,"column":19},"end":{"line":457,"column":27}},{"start":{"line":457,"column":33},"end":{"line":457,"column":null}}]},"78":{"loc":{"start":{"line":466,"column":20},"end":{"line":466,"column":32}},"type":"binary-expr","locations":[{"start":{"line":466,"column":20},"end":{"line":466,"column":26}},{"start":{"line":466,"column":30},"end":{"line":466,"column":32}}]},"79":{"loc":{"start":{"line":471,"column":50},"end":{"line":471,"column":null}},"type":"binary-expr","locations":[{"start":{"line":471,"column":50},"end":{"line":471,"column":null}}]},"80":{"loc":{"start":{"line":474,"column":21},"end":{"line":474,"column":null}},"type":"binary-expr","locations":[{"start":{"line":474,"column":21},"end":{"line":474,"column":49}},{"start":{"line":474,"column":49},"end":{"line":474,"column":null}}]},"81":{"loc":{"start":{"line":478,"column":18},"end":{"line":482,"column":null}},"type":"cond-expr","locations":[{"start":{"line":479,"column":22},"end":{"line":479,"column":null}},{"start":{"line":480,"column":22},"end":{"line":482,"column":null}}]},"82":{"loc":{"start":{"line":480,"column":22},"end":{"line":482,"column":null}},"type":"cond-expr","locations":[{"start":{"line":481,"column":22},"end":{"line":481,"column":null}},{"start":{"line":482,"column":22},"end":{"line":482,"column":null}}]},"83":{"loc":{"start":{"line":484,"column":19},"end":{"line":484,"column":null}},"type":"cond-expr","locations":[{"start":{"line":484,"column":41},"end":{"line":484,"column":51}},{"start":{"line":484,"column":51},"end":{"line":484,"column":null}}]},"84":{"loc":{"start":{"line":484,"column":51},"end":{"line":484,"column":null}},"type":"cond-expr","locations":[{"start":{"line":484,"column":73},"end":{"line":484,"column":86}},{"start":{"line":484,"column":86},"end":{"line":484,"column":null}}]}},"s":{"0":2,"1":1,"2":1,"3":1,"4":1,"5":1,"6":1,"7":1,"8":1,"9":2,"10":0,"11":2,"12":2,"13":2,"14":2,"15":0,"16":0,"17":0,"18":0,"19":0,"20":0,"21":0,"22":0,"23":0,"24":0,"25":0,"26":0,"27":0,"28":1,"29":1,"30":1,"31":1,"32":1,"33":2,"34":2,"35":2,"36":2,"37":2,"38":2,"39":2,"40":2,"41":2,"42":2,"43":2,"44":4,"45":2,"46":4,"47":2,"48":2,"49":2,"50":2,"51":2,"52":2,"53":2,"54":0,"55":2,"56":0,"57":0,"58":0,"59":0,"60":0,"61":0,"62":0,"63":0,"64":14,"65":14,"66":2,"67":0,"68":2,"69":2,"70":2,"71":2,"72":2,"73":2,"74":0,"75":0,"76":0,"77":2,"78":0,"79":0,"80":0,"81":2,"82":0,"83":0,"84":0,"85":2,"86":2,"87":2,"88":2,"89":0,"90":0,"91":0,"92":0,"93":0,"94":0,"95":0,"96":0,"97":0,"98":0,"99":0,"100":0,"101":2,"102":2,"103":0,"104":2},"f":{"0":2,"1":0,"2":0,"3":0,"4":0,"5":0,"6":1,"7":1,"8":1,"9":1,"10":2,"11":4,"12":4,"13":0,"14":0,"15":14,"16":14,"17":2,"18":0,"19":2,"20":0,"21":2},"b":{"0":[0,2],"1":[2,0],"2":[0,0],"3":[0,0],"4":[0,0],"5":[0,0],"6":[0,0,0],"7":[0,0,0],"8":[0],"9":[1,1],"10":[1,0],"11":[1,0],"12":[1],"13":[0,1],"14":[0,1],"15":[0,1],"16":[1,0],"17":[1,0],"18":[1,1,1],"19":[1,0],"20":[1,0],"21":[1],"22":[4,0],"23":[2,0],"24":[2,0],"25":[0,0],"26":[0,0],"27":[0,0],"28":[0,0],"29":[0,2],"30":[1,1],"31":[0,2],"32":[1,1],"33":[0,2],"34":[1,1],"35":[1],"36":[2,2],"37":[0,1],"38":[0,1],"39":[1,0],"40":[1,0],"41":[1,0],"42":[1,0],"43":[0,1],"44":[0,1],"45":[0,1],"46":[1,0],"47":[1,0],"48":[0,1],"49":[0,1],"50":[2,2,1,1],"51":[0],"52":[0],"53":[2,2],"54":[0,2],"55":[0,2],"56":[2,0],"57":[0,2],"58":[2,0],"59":[2,0],"60":[0,2],"61":[0],"62":[2,0],"63":[0,2],"64":[2,2],"65":[0,2],"66":[0,2],"67":[2,0],"68":[0,0],"69":[0,0],"70":[0,0],"71":[0,0],"72":[2,2],"73":[2,0],"74":[2,2],"75":[2,0],"76":[0,0],"77":[2,2,1],"78":[2,0],"79":[2],"80":[2,2],"81":[0,2],"82":[0,2],"83":[0,2],"84":[0,2]}}
,"F:\\Enterprise-Work-Management-System\\apps\\web\\src\\features\\notifications\\NotificationsPage.jsx": {"path":"F:\\Enterprise-Work-Management-System\\apps\\web\\src\\features\\notifications\\NotificationsPage.jsx","statementMap":{"0":{"start":{"line":91,"column":24},"end":{"line":91,"column":null}},"1":{"start":{"line":1,"column":41},"end":{"line":1,"column":null}},"2":{"start":{"line":2,"column":41},"end":{"line":2,"column":null}},"3":{"start":{"line":3,"column":28},"end":{"line":3,"column":null}},"4":{"start":{"line":4,"column":22},"end":{"line":4,"column":null}},"5":{"start":{"line":9,"column":7},"end":{"line":9,"column":null}},"6":{"start":{"line":10,"column":44},"end":{"line":10,"column":null}},"7":{"start":{"line":11,"column":79},"end":{"line":11,"column":null}},"8":{"start":{"line":16,"column":7},"end":{"line":16,"column":null}},"9":{"start":{"line":17,"column":40},"end":{"line":17,"column":null}},"10":{"start":{"line":21,"column":14},"end":{"line":21,"column":null}},"11":{"start":{"line":22,"column":15},"end":{"line":22,"column":null}},"12":{"start":{"line":23,"column":17},"end":{"line":23,"column":null}},"13":{"start":{"line":24,"column":18},"end":{"line":24,"column":null}},"14":{"start":{"line":25,"column":18},"end":{"line":25,"column":null}},"15":{"start":{"line":26,"column":18},"end":{"line":26,"column":null}},"16":{"start":{"line":27,"column":18},"end":{"line":27,"column":null}},"17":{"start":{"line":29,"column":2},"end":{"line":29,"column":null}},"18":{"start":{"line":29,"column":21},"end":{"line":29,"column":null}},"19":{"start":{"line":30,"column":2},"end":{"line":30,"column":null}},"20":{"start":{"line":30,"column":21},"end":{"line":30,"column":null}},"21":{"start":{"line":31,"column":2},"end":{"line":31,"column":null}},"22":{"start":{"line":31,"column":21},"end":{"line":31,"column":null}},"23":{"start":{"line":32,"column":2},"end":{"line":32,"column":null}},"24":{"start":{"line":32,"column":21},"end":{"line":32,"column":null}},"25":{"start":{"line":33,"column":2},"end":{"line":33,"column":null}},"26":{"start":{"line":37,"column":15},"end":{"line":37,"column":null}},"27":{"start":{"line":38,"column":16},"end":{"line":38,"column":null}},"28":{"start":{"line":39,"column":20},"end":{"line":39,"column":null}},"29":{"start":{"line":40,"column":2},"end":{"line":40,"column":null}},"30":{"start":{"line":41,"column":18},"end":{"line":41,"column":null}},"31":{"start":{"line":41,"column":28},"end":{"line":41,"column":null}},"32":{"start":{"line":42,"column":2},"end":{"line":42,"column":null}},"33":{"start":{"line":42,"column":28},"end":{"line":42,"column":null}},"34":{"start":{"line":43,"column":2},"end":{"line":43,"column":null}},"35":{"start":{"line":43,"column":32},"end":{"line":43,"column":null}},"36":{"start":{"line":44,"column":2},"end":{"line":44,"column":null}},"37":{"start":{"line":48,"column":15},"end":{"line":48,"column":24}},"38":{"start":{"line":49,"column":21},"end":{"line":49,"column":43}},"39":{"start":{"line":51,"column":2},"end":{"line":51,"column":null}},"40":{"start":{"line":51,"column":30},"end":{"line":51,"column":null}},"41":{"start":{"line":52,"column":2},"end":{"line":52,"column":null}},"42":{"start":{"line":52,"column":30},"end":{"line":52,"column":null}},"43":{"start":{"line":53,"column":2},"end":{"line":53,"column":null}},"44":{"start":{"line":53,"column":30},"end":{"line":53,"column":null}},"45":{"start":{"line":54,"column":2},"end":{"line":54,"column":null}},"46":{"start":{"line":54,"column":30},"end":{"line":54,"column":null}},"47":{"start":{"line":55,"column":2},"end":{"line":55,"column":null}},"48":{"start":{"line":55,"column":30},"end":{"line":55,"column":null}},"49":{"start":{"line":56,"column":2},"end":{"line":57,"column":null}},"50":{"start":{"line":57,"column":30},"end":{"line":57,"column":null}},"51":{"start":{"line":58,"column":2},"end":{"line":59,"column":null}},"52":{"start":{"line":59,"column":30},"end":{"line":59,"column":null}},"53":{"start":{"line":60,"column":2},"end":{"line":61,"column":null}},"54":{"start":{"line":61,"column":30},"end":{"line":61,"column":null}},"55":{"start":{"line":62,"column":2},"end":{"line":62,"column":null}},"56":{"start":{"line":66,"column":2},"end":{"line":68,"column":null}},"57":{"start":{"line":67,"column":4},"end":{"line":67,"column":null}},"58":{"start":{"line":69,"column":2},"end":{"line":69,"column":null}},"59":{"start":{"line":73,"column":2},"end":{"line":73,"column":null}},"60":{"start":{"line":73,"column":17},"end":{"line":73,"column":null}},"61":{"start":{"line":74,"column":2},"end":{"line":74,"column":null}},"62":{"start":{"line":74,"column":41},"end":{"line":74,"column":null}},"63":{"start":{"line":75,"column":2},"end":{"line":75,"column":null}},"64":{"start":{"line":75,"column":44},"end":{"line":75,"column":null}},"65":{"start":{"line":76,"column":2},"end":{"line":76,"column":null}},"66":{"start":{"line":76,"column":41},"end":{"line":76,"column":null}},"67":{"start":{"line":77,"column":2},"end":{"line":77,"column":null}},"68":{"start":{"line":77,"column":44},"end":{"line":77,"column":null}},"69":{"start":{"line":78,"column":2},"end":{"line":78,"column":null}},"70":{"start":{"line":81,"column":19},"end":{"line":88,"column":null}},"71":{"start":{"line":92,"column":21},"end":{"line":92,"column":null}},"72":{"start":{"line":93,"column":21},"end":{"line":93,"column":null}},"73":{"start":{"line":94,"column":24},"end":{"line":94,"column":null}},"74":{"start":{"line":95,"column":50},"end":{"line":95,"column":null}},"75":{"start":{"line":96,"column":34},"end":{"line":96,"column":null}},"76":{"start":{"line":97,"column":38},"end":{"line":97,"column":null}},"77":{"start":{"line":99,"column":22},"end":{"line":101,"column":null}},"78":{"start":{"line":100,"column":10},"end":{"line":100,"column":53}},"79":{"start":{"line":100,"column":38},"end":{"line":100,"column":45}},"80":{"start":{"line":105,"column":18},"end":{"line":112,"column":null}},"81":{"start":{"line":106,"column":19},"end":{"line":106,"column":null}},"82":{"start":{"line":107,"column":4},"end":{"line":110,"column":null}},"83":{"start":{"line":108,"column":20},"end":{"line":108,"column":null}},"84":{"start":{"line":109,"column":6},"end":{"line":109,"column":null}},"85":{"start":{"line":111,"column":4},"end":{"line":111,"column":null}},"86":{"start":{"line":114,"column":27},"end":{"line":120,"column":null}},"87":{"start":{"line":115,"column":4},"end":{"line":117,"column":null}},"88":{"start":{"line":116,"column":6},"end":{"line":116,"column":null}},"89":{"start":{"line":118,"column":19},"end":{"line":118,"column":null}},"90":{"start":{"line":119,"column":4},"end":{"line":119,"column":null}},"91":{"start":{"line":119,"column":16},"end":{"line":119,"column":null}},"92":{"start":{"line":122,"column":31},"end":{"line":132,"column":null}},"93":{"start":{"line":123,"column":4},"end":{"line":123,"column":null}},"94":{"start":{"line":124,"column":19},"end":{"line":124,"column":null}},"95":{"start":{"line":125,"column":4},"end":{"line":125,"column":null}},"96":{"start":{"line":126,"column":4},"end":{"line":126,"column":null}},"97":{"start":{"line":127,"column":4},"end":{"line":130,"column":null}},"98":{"start":{"line":128,"column":6},"end":{"line":128,"column":null}},"99":{"start":{"line":129,"column":6},"end":{"line":129,"column":null}},"100":{"start":{"line":131,"column":4},"end":{"line":131,"column":null}},"101":{"start":{"line":134,"column":29},"end":{"line":144,"column":null}},"102":{"start":{"line":135,"column":27},"end":{"line":135,"column":46}},"103":{"start":{"line":136,"column":4},"end":{"line":136,"column":null}},"104":{"start":{"line":137,"column":19},"end":{"line":137,"column":null}},"105":{"start":{"line":138,"column":4},"end":{"line":138,"column":null}},"106":{"start":{"line":139,"column":4},"end":{"line":142,"column":null}},"107":{"start":{"line":140,"column":6},"end":{"line":140,"column":null}},"108":{"start":{"line":141,"column":6},"end":{"line":141,"column":null}},"109":{"start":{"line":143,"column":4},"end":{"line":143,"column":null}},"110":{"start":{"line":161,"column":31},"end":{"line":161,"column":null}},"111":{"start":{"line":184,"column":28},"end":{"line":184,"column":47}},"112":{"start":{"line":185,"column":14},"end":{"line":185,"column":null}},"113":{"start":{"line":185,"column":34},"end":{"line":185,"column":null}},"114":{"start":{"line":186,"column":14},"end":{"line":187,"column":null}},"115":{"start":{"line":194,"column":51},"end":{"line":194,"column":null}},"116":{"start":{"line":195,"column":58},"end":{"line":195,"column":null}},"117":{"start":{"line":196,"column":38},"end":{"line":196,"column":78}},"118":{"start":{"line":197,"column":42},"end":{"line":197,"column":null}},"119":{"start":{"line":199,"column":24},"end":{"line":201,"column":null}},"120":{"start":{"line":206,"column":43},"end":{"line":206,"column":null}},"121":{"start":{"line":262,"column":36},"end":{"line":262,"column":null}},"122":{"start":{"line":263,"column":36},"end":{"line":263,"column":null}},"123":{"start":{"line":275,"column":34},"end":{"line":275,"column":null}},"124":{"start":{"line":276,"column":34},"end":{"line":276,"column":null}},"125":{"start":{"line":298,"column":24},"end":{"line":298,"column":null}}},"fnMap":{"0":{"name":"relativeTime","decl":{"start":{"line":20,"column":9},"end":{"line":20,"column":22}},"loc":{"start":{"line":20,"column":29},"end":{"line":34,"column":null}}},"1":{"name":"getGroupLabel","decl":{"start":{"line":36,"column":9},"end":{"line":36,"column":23}},"loc":{"start":{"line":36,"column":30},"end":{"line":45,"column":null}}},"2":{"name":"(anonymous_6)","decl":{"start":{"line":41,"column":18},"end":{"line":41,"column":19}},"loc":{"start":{"line":41,"column":28},"end":{"line":41,"column":null}}},"3":{"name":"getIconConfig","decl":{"start":{"line":47,"column":9},"end":{"line":47,"column":23}},"loc":{"start":{"line":47,"column":27},"end":{"line":63,"column":null}}},"4":{"name":"buildRichText","decl":{"start":{"line":65,"column":9},"end":{"line":65,"column":23}},"loc":{"start":{"line":65,"column":27},"end":{"line":70,"column":null}}},"5":{"name":"getNavigationTarget","decl":{"start":{"line":72,"column":9},"end":{"line":72,"column":29}},"loc":{"start":{"line":72,"column":33},"end":{"line":79,"column":null}}},"6":{"name":"NotificationsPage","decl":{"start":{"line":91,"column":24},"end":{"line":91,"column":null}},"loc":{"start":{"line":91,"column":24},"end":{"line":303,"column":null}}},"7":{"name":"(anonymous_11)","decl":{"start":{"line":100,"column":4},"end":{"line":100,"column":10}},"loc":{"start":{"line":100,"column":10},"end":{"line":100,"column":53}}},"8":{"name":"(anonymous_12)","decl":{"start":{"line":100,"column":31},"end":{"line":100,"column":32}},"loc":{"start":{"line":100,"column":38},"end":{"line":100,"column":45}}},"9":{"name":"(anonymous_13)","decl":{"start":{"line":105,"column":26},"end":{"line":105,"column":null}},"loc":{"start":{"line":105,"column":26},"end":{"line":112,"column":5}}},"10":{"name":"(anonymous_14)","decl":{"start":{"line":107,"column":26},"end":{"line":107,"column":27}},"loc":{"start":{"line":107,"column":27},"end":{"line":110,"column":null}}},"11":{"name":"(anonymous_15)","decl":{"start":{"line":114,"column":27},"end":{"line":114,"column":28}},"loc":{"start":{"line":114,"column":28},"end":{"line":120,"column":null}}},"12":{"name":"(anonymous_16)","decl":{"start":{"line":122,"column":31},"end":{"line":122,"column":null}},"loc":{"start":{"line":122,"column":31},"end":{"line":132,"column":null}}},"13":{"name":"(anonymous_17)","decl":{"start":{"line":134,"column":29},"end":{"line":134,"column":36}},"loc":{"start":{"line":134,"column":36},"end":{"line":144,"column":null}}},"14":{"name":"(anonymous_18)","decl":{"start":{"line":161,"column":25},"end":{"line":161,"column":31}},"loc":{"start":{"line":161,"column":31},"end":{"line":161,"column":null}}},"15":{"name":"(anonymous_19)","decl":{"start":{"line":183,"column":51},"end":{"line":183,"column":52}},"loc":{"start":{"line":183,"column":52},"end":{"line":290,"column":null}}},"16":{"name":"(anonymous_20)","decl":{"start":{"line":193,"column":33},"end":{"line":193,"column":34}},"loc":{"start":{"line":193,"column":40},"end":{"line":285,"column":null}}},"17":{"name":"(anonymous_21)","decl":{"start":{"line":206,"column":37},"end":{"line":206,"column":43}},"loc":{"start":{"line":206,"column":43},"end":{"line":206,"column":null}}},"18":{"name":"(anonymous_22)","decl":{"start":{"line":261,"column":43},"end":{"line":261,"column":44}},"loc":{"start":{"line":261,"column":44},"end":{"line":264,"column":null}}},"19":{"name":"(anonymous_23)","decl":{"start":{"line":274,"column":41},"end":{"line":274,"column":42}},"loc":{"start":{"line":274,"column":42},"end":{"line":277,"column":null}}},"20":{"name":"(anonymous_24)","decl":{"start":{"line":298,"column":18},"end":{"line":298,"column":24}},"loc":{"start":{"line":298,"column":24},"end":{"line":298,"column":null}}}},"branchMap":{"0":{"loc":{"start":{"line":29,"column":2},"end":{"line":29,"column":null}},"type":"if","locations":[{"start":{"line":29,"column":2},"end":{"line":29,"column":null}},{"start":{},"end":{}}]},"1":{"loc":{"start":{"line":30,"column":2},"end":{"line":30,"column":null}},"type":"if","locations":[{"start":{"line":30,"column":2},"end":{"line":30,"column":null}},{"start":{},"end":{}}]},"2":{"loc":{"start":{"line":31,"column":2},"end":{"line":31,"column":null}},"type":"if","locations":[{"start":{"line":31,"column":2},"end":{"line":31,"column":null}},{"start":{},"end":{}}]},"3":{"loc":{"start":{"line":32,"column":2},"end":{"line":32,"column":null}},"type":"if","locations":[{"start":{"line":32,"column":2},"end":{"line":32,"column":null}},{"start":{},"end":{}}]},"4":{"loc":{"start":{"line":41,"column":28},"end":{"line":41,"column":null}},"type":"binary-expr","locations":[{"start":{"line":41,"column":28},"end":{"line":41,"column":67}},{"start":{"line":41,"column":67},"end":{"line":41,"column":100}},{"start":{"line":41,"column":100},"end":{"line":41,"column":null}}]},"5":{"loc":{"start":{"line":42,"column":2},"end":{"line":42,"column":null}},"type":"if","locations":[{"start":{"line":42,"column":2},"end":{"line":42,"column":null}},{"start":{},"end":{}}]},"6":{"loc":{"start":{"line":43,"column":2},"end":{"line":43,"column":null}},"type":"if","locations":[{"start":{"line":43,"column":2},"end":{"line":43,"column":null}},{"start":{},"end":{}}]},"7":{"loc":{"start":{"line":51,"column":2},"end":{"line":51,"column":null}},"type":"if","locations":[{"start":{"line":51,"column":2},"end":{"line":51,"column":null}},{"start":{},"end":{}}]},"8":{"loc":{"start":{"line":52,"column":2},"end":{"line":52,"column":null}},"type":"if","locations":[{"start":{"line":52,"column":2},"end":{"line":52,"column":null}},{"start":{},"end":{}}]},"9":{"loc":{"start":{"line":53,"column":2},"end":{"line":53,"column":null}},"type":"if","locations":[{"start":{"line":53,"column":2},"end":{"line":53,"column":null}},{"start":{},"end":{}}]},"10":{"loc":{"start":{"line":54,"column":2},"end":{"line":54,"column":null}},"type":"if","locations":[{"start":{"line":54,"column":2},"end":{"line":54,"column":null}},{"start":{},"end":{}}]},"11":{"loc":{"start":{"line":55,"column":2},"end":{"line":55,"column":null}},"type":"if","locations":[{"start":{"line":55,"column":2},"end":{"line":55,"column":null}},{"start":{},"end":{}}]},"12":{"loc":{"start":{"line":56,"column":2},"end":{"line":57,"column":null}},"type":"if","locations":[{"start":{"line":56,"column":2},"end":{"line":57,"column":null}},{"start":{},"end":{}}]},"13":{"loc":{"start":{"line":56,"column":6},"end":{"line":56,"column":null}},"type":"binary-expr","locations":[{"start":{"line":56,"column":6},"end":{"line":56,"column":31}},{"start":{"line":56,"column":31},"end":{"line":56,"column":null}}]},"14":{"loc":{"start":{"line":58,"column":2},"end":{"line":59,"column":null}},"type":"if","locations":[{"start":{"line":58,"column":2},"end":{"line":59,"column":null}},{"start":{},"end":{}}]},"15":{"loc":{"start":{"line":60,"column":2},"end":{"line":61,"column":null}},"type":"if","locations":[{"start":{"line":60,"column":2},"end":{"line":61,"column":null}},{"start":{},"end":{}}]},"16":{"loc":{"start":{"line":66,"column":2},"end":{"line":68,"column":null}},"type":"if","locations":[{"start":{"line":66,"column":2},"end":{"line":68,"column":null}},{"start":{},"end":{}}]},"17":{"loc":{"start":{"line":66,"column":6},"end":{"line":66,"column":54}},"type":"binary-expr","locations":[{"start":{"line":66,"column":6},"end":{"line":66,"column":20}},{"start":{"line":66,"column":24},"end":{"line":66,"column":35}},{"start":{"line":66,"column":39},"end":{"line":66,"column":54}}]},"18":{"loc":{"start":{"line":69,"column":32},"end":{"line":69,"column":58}},"type":"binary-expr","locations":[{"start":{"line":69,"column":32},"end":{"line":69,"column":44}},{"start":{"line":69,"column":48},"end":{"line":69,"column":58}}]},"19":{"loc":{"start":{"line":73,"column":2},"end":{"line":73,"column":null}},"type":"if","locations":[{"start":{"line":73,"column":2},"end":{"line":73,"column":null}},{"start":{},"end":{}}]},"20":{"loc":{"start":{"line":74,"column":2},"end":{"line":74,"column":null}},"type":"if","locations":[{"start":{"line":74,"column":2},"end":{"line":74,"column":null}},{"start":{},"end":{}}]},"21":{"loc":{"start":{"line":75,"column":2},"end":{"line":75,"column":null}},"type":"if","locations":[{"start":{"line":75,"column":2},"end":{"line":75,"column":null}},{"start":{},"end":{}}]},"22":{"loc":{"start":{"line":76,"column":2},"end":{"line":76,"column":null}},"type":"if","locations":[{"start":{"line":76,"column":2},"end":{"line":76,"column":null}},{"start":{},"end":{}}]},"23":{"loc":{"start":{"line":77,"column":2},"end":{"line":77,"column":null}},"type":"if","locations":[{"start":{"line":77,"column":2},"end":{"line":77,"column":null}},{"start":{},"end":{}}]},"24":{"loc":{"start":{"line":108,"column":20},"end":{"line":108,"column":null}},"type":"cond-expr","locations":[{"start":{"line":108,"column":34},"end":{"line":108,"column":63}},{"start":{"line":108,"column":63},"end":{"line":108,"column":null}}]},"25":{"loc":{"start":{"line":115,"column":4},"end":{"line":117,"column":null}},"type":"if","locations":[{"start":{"line":115,"column":4},"end":{"line":117,"column":null}},{"start":{},"end":{}}]},"26":{"loc":{"start":{"line":116,"column":41},"end":{"line":116,"column":60}},"type":"binary-expr","locations":[{"start":{"line":116,"column":41},"end":{"line":116,"column":48}},{"start":{"line":116,"column":52},"end":{"line":116,"column":60}}]},"27":{"loc":{"start":{"line":119,"column":4},"end":{"line":119,"column":null}},"type":"if","locations":[{"start":{"line":119,"column":4},"end":{"line":119,"column":null}},{"start":{},"end":{}}]},"28":{"loc":{"start":{"line":127,"column":4},"end":{"line":130,"column":null}},"ty
[...]
column":6},"end":{"line":415,"column":null}},{"start":{"line":413,"column":13},"end":{"line":415,"column":null}}]},"45":{"loc":{"start":{"line":421,"column":29},"end":{"line":421,"column":65}},"type":"binary-expr","locations":[{"start":{"line":421,"column":29},"end":{"line":421,"column":51}},{"start":{"line":421,"column":51},"end":{"line":421,"column":65}}]},"46":{"loc":{"start":{"line":423,"column":16},"end":{"line":423,"column":40}},"type":"binary-expr","locations":[{"start":{"line":423,"column":16},"end":{"line":423,"column":20}},{"start":{"line":423,"column":24},"end":{"line":423,"column":40}}]},"47":{"loc":{"start":{"line":439,"column":8},"end":{"line":439,"column":null}},"type":"if","locations":[{"start":{"line":439,"column":8},"end":{"line":439,"column":null}},{"start":{},"end":{}}]},"48":{"loc":{"start":{"line":444,"column":22},"end":{"line":444,"column":null}},"type":"binary-expr","locations":[{"start":{"line":444,"column":22},"end":{"line":444,"column":36}},{"start":{"line":444,"column":40},"end":{"line":444,"column":60}},{"start":{"line":444,"column":64},"end":{"line":444,"column":null}}]},"49":{"loc":{"start":{"line":447,"column":55},"end":{"line":447,"column":79}},"type":"binary-expr","locations":[{"start":{"line":447,"column":55},"end":{"line":447,"column":59}},{"start":{"line":447,"column":63},"end":{"line":447,"column":79}}]},"50":{"loc":{"start":{"line":448,"column":8},"end":{"line":452,"column":null}},"type":"if","locations":[{"start":{"line":448,"column":8},"end":{"line":452,"column":null}},{"start":{"line":450,"column":15},"end":{"line":452,"column":null}}]},"51":{"loc":{"start":{"line":459,"column":8},"end":{"line":459,"column":null}},"type":"if","locations":[{"start":{"line":459,"column":8},"end":{"line":459,"column":null}},{"start":{},"end":{}}]},"52":{"loc":{"start":{"line":462,"column":24},"end":{"line":462,"column":null}},"type":"binary-expr","locations":[{"start":{"line":462,"column":24},"end":{"line":462,"column":38}},{"start":{"line":462,"column":42},"end":{"line":462,"column":null}}]},"53":{"loc":{"start":{"line":463,"column":26},"end":{"line":463,"column":76}},"type":"cond-expr","locations":[{"start":{"line":463,"column":56},"end":{"line":463,"column":66}},{"start":{"line":463,"column":66},"end":{"line":463,"column":76}}]},"54":{"loc":{"start":{"line":464,"column":24},"end":{"line":464,"column":80}},"type":"cond-expr","locations":[{"start":{"line":464,"column":54},"end":{"line":464,"column":56}},{"start":{"line":464,"column":59},"end":{"line":464,"column":80}}]},"55":{"loc":{"start":{"line":464,"column":59},"end":{"line":464,"column":80}},"type":"binary-expr","locations":[{"start":{"line":464,"column":59},"end":{"line":464,"column":74}},{"start":{"line":464,"column":78},"end":{"line":464,"column":80}}]},"56":{"loc":{"start":{"line":466,"column":55},"end":{"line":466,"column":79}},"type":"binary-expr","locations":[{"start":{"line":466,"column":55},"end":{"line":466,"column":59}},{"start":{"line":466,"column":63},"end":{"line":466,"column":79}}]},"57":{"loc":{"start":{"line":467,"column":8},"end":{"line":471,"column":null}},"type":"if","locations":[{"start":{"line":467,"column":8},"end":{"line":471,"column":null}},{"start":{"line":469,"column":15},"end":{"line":471,"column":null}}]},"58":{"loc":{"start":{"line":468,"column":66},"end":{"line":468,"column":90}},"type":"binary-expr","locations":[{"start":{"line":468,"column":66},"end":{"line":468,"column":70}},{"start":{"line":468,"column":74},"end":{"line":468,"column":90}}]},"59":{"loc":{"start":{"line":470,"column":51},"end":{"line":470,"column":82}},"type":"binary-expr","locations":[{"start":{"line":470,"column":51},"end":{"line":470,"column":71}},{"start":{"line":470,"column":71},"end":{"line":470,"column":82}}]},"60":{"loc":{"start":{"line":480,"column":8},"end":{"line":480,"column":null}},"type":"if","locations":[{"start":{"line":480,"column":8},"end":{"line":480,"column":null}},{"start":{},"end":{}}]},"61":{"loc":{"start":{"line":485,"column":22},"end":{"line":485,"column":null}},"type":"binary-expr","locations":[{"start":{"line":485,"column":22},"end":{"line":485,"column":36}},{"start":{"line":485,"column":40},"end":{"line":485,"column":60}},{"start":{"line":485,"column":64},"end":{"line":485,"column":null}}]},"62":{"loc":{"start":{"line":488,"column":52},"end":{"line":488,"column":76}},"type":"binary-expr","locations":[{"start":{"line":488,"column":52},"end":{"line":488,"column":56}},{"start":{"line":488,"column":60},"end":{"line":488,"column":76}}]},"63":{"loc":{"start":{"line":489,"column":8},"end":{"line":493,"column":null}},"type":"if","locations":[{"start":{"line":489,"column":8},"end":{"line":493,"column":null}},{"start":{"line":491,"column":15},"end":{"line":493,"column":null}}]},"64":{"loc":{"start":{"line":500,"column":8},"end":{"line":500,"column":null}},"type":"if","locations":[{"start":{"line":500,"column":8},"end":{"line":500,"column":null}},{"start":{},"end":{}}]},"65":{"loc":{"start":{"line":503,"column":52},"end":{"line":503,"column":76}},"type":"binary-expr","locations":[{"start":{"line":503,"column":52},"end":{"line":503,"column":56}},{"start":{"line":503,"column":60},"end":{"line":503,"column":76}}]},"66":{"loc":{"start":{"line":504,"column":8},"end":{"line":504,"column":null}},"type":"if","locations":[{"start":{"line":504,"column":8},"end":{"line":504,"column":null}},{"start":{},"end":{}}]},"67":{"loc":{"start":{"line":507,"column":52},"end":{"line":507,"column":76}},"type":"binary-expr","locations":[{"start":{"line":507,"column":52},"end":{"line":507,"column":56}},{"start":{"line":507,"column":60},"end":{"line":507,"column":76}}]},"68":{"loc":{"start":{"line":508,"column":8},"end":{"line":508,"column":null}},"type":"if","locations":[{"start":{"line":508,"column":8},"end":{"line":508,"column":null}},{"start":{},"end":{}}]},"69":{"loc":{"start":{"line":512,"column":8},"end":{"line":512,"column":null}},"type":"if","locations":[{"start":{"line":512,"column":8},"end":{"line":512,"column":null}},{"start":{},"end":{}}]},"70":{"loc":{"start":{"line":515,"column":24},"end":{"line":515,"column":null}},"type":"binary-expr","locations":[{"start":{"line":515,"column":24},"end":{"line":515,"column":38}},{"start":{"line":515,"column":42},"end":{"line":515,"column":null}}]},"71":{"loc":{"start":{"line":516,"column":23},"end":{"line":516,"column":73}},"type":"cond-expr","locations":[{"start":{"line":516,"column":53},"end":{"line":516,"column":63}},{"start":{"line":516,"column":63},"end":{"line":516,"column":73}}]},"72":{"loc":{"start":{"line":517,"column":49},"end":{"line":517,"column":73}},"type":"binary-expr","locations":[{"start":{"line":517,"column":49},"end":{"line":517,"column":53}},{"start":{"line":517,"column":57},"end":{"line":517,"column":73}}]},"73":{"loc":{"start":{"line":521,"column":54},"end":{"line":521,"column":78}},"type":"binary-expr","locations":[{"start":{"line":521,"column":54},"end":{"line":521,"column":58}},{"start":{"line":521,"column":62},"end":{"line":521,"column":78}}]},"74":{"loc":{"start":{"line":522,"column":10},"end":{"line":522,"column":null}},"type":"if","locations":[{"start":{"line":522,"column":10},"end":{"line":522,"column":null}},{"start":{},"end":{}}]},"75":{"loc":{"start":{"line":526,"column":20},"end":{"line":526,"column":null}},"type":"binary-expr","locations":[{"start":{"line":526,"column":20},"end":{"line":526,"column":34}},{"start":{"line":526,"column":38},"end":{"line":526,"column":null}}]},"76":{"loc":{"start":{"line":531,"column":8},"end":{"line":535,"column":null}},"type":"if","locations":[{"start":{"line":531,"column":8},"end":{"line":535,"column":null}},{"start":{},"end":{}}]},"77":{"loc":{"start":{"line":532,"column":10},"end":{"line":532,"column":null}},"type":"if","locations":[{"start":{"line":532,"column":10},"end":{"line":532,"column":null}},{"start":{},"end":{}}]},"78":{"loc":{"start":{"line":534,"column":32},"end":{"line":534,"column":59}},"type":"binary-expr","locations":[{"start":{"line":534,"column":32},"end":{"line":534,"column":50}},{"start":{"line":534,"column":54},"end":{"line":534,"column":59}}]},"79":{"loc":{"start":{"line":544,"column":8},"end":{"line":544,"column":null}},"type":"if","locations":[{"start":{"line":544,"column":8},"end":{"line":544,"column":null}},{"start":{},"end":{}}]},"80":{"loc":{"start":{"line":549,"column":22},"end":{"line":549,"column":null}},"type":"binary-expr","locations":[{"start":{"line":549,"column":22},"end":{"line":549,"column":36}},{"start":{"line":549,"column":40},"end":{"line":549,"column":60}},{"start":{"line":549,"column":64},"end":{"line":549,"column":null}}]},"81":{"loc":{"start":{"line":552,"column":52},"end":{"line":552,"column":76}},"type":"binary-expr","locations":[{"start":{"line":552,"column":52},"end":{"line":552,"column":56}},{"start":{"line":552,"column":60},"end":{"line":552,"column":76}}]},"82":{"loc":{"start":{"line":553,"column":8},"end":{"line":557,"column":null}},"type":"if","locations":[{"start":{"line":553,"column":8},"end":{"line":557,"column":null}},{"start":{"line":555,"column":15},"end":{"line":557,"column":null}}]},"83":{"loc":{"start":{"line":562,"column":8},"end":{"line":564,"column":null}},"type":"if","locations":[{"start":{"line":562,"column":8},"end":{"line":564,"column":null}},{"start":{},"end":{}}]},"84":{"loc":{"start":{"line":573,"column":8},"end":{"line":573,"column":null}},"type":"if","locations":[{"start":{"line":573,"column":8},"end":{"line":573,"column":null}},{"start":{},"end":{}}]},"85":{"loc":{"start":{"line":578,"column":22},"end":{"line":578,"column":null}},"type":"binary-expr","locations":[{"start":{"line":578,"column":22},"end":{"line":578,"column":36}},{"start":{"line":578,"column":40},"end":{"line":578,"column":60}},{"start":{"line":578,"column":64},"end":{"line":578,"column":null}}]},"86":{"loc":{"start":{"line":582,"column":8},"end":{"line":582,"column":null}},"type":"if","locations":[{"start":{"line":582,"column":8},"end":{"line":582,"column":null}},{"start":{},"end":{}}]},"87":{"loc":{"start":{"line":585,"column":31},"end":{"line":585,"column":68}},"type":"binary-expr","locations":[{"start":{"line":585,"column":31},"end":{"line":585,"column":53}},{"start":{"line":585,"column":53},"end":{"line":585,"column":68}}]},"88":{"loc":{"start":{"line":587,"column":18},"end":{"line":587,"column":42}},"type":"binary-expr","locations":[{"start":{"line":587,"column":18},"end":{"line":587,"column":22}},{"start":{"line":587,"column":26},"end":{"line":587,"column":42}}]},"89":{"loc":{"start":{"line":603,"column":8},"end":{"line":603,"column":null}},"type":"if","locations":[{"start":{"line":603,"column":8},"end":{"line":603,"column":null}},{"start":{},"end":{}}]},"90":{"loc":{"start":{"line":608,"column":22},"end":{"line":608,"column":null}},"type":"binary-expr","locations":[{"start":{"line":608,"column":22},"end":{"line":608,"column":36}},{"start":{"line":608,"column":40},"end":{"line":608,"column":60}},{"start":{"line":608,"column":64},"end":{"line":608,"column":null}}]},"91":{"loc":{"start":{"line":616,"column":8},"end":{"line":616,"column":null}},"type":"if","locations":[{"start":{"line":616,"column":8},"end":{"line":616,"column":null}},{"start":{},"end":{}}]},"92":{"loc":{"start":{"line":621,"column":22},"end":{"line":621,"column":null}},"type":"binary-expr","locations":[{"start":{"line":621,"column":22},"end":{"line":621,"column":36}},{"start":{"line":621,"column":40},"end":{"line":621,"column":60}},{"start":{"line":621,"column":64},"end":{"line":621,"column":null}}]}},"s":{"0":1,"1":0,"2":1,"3":0,"4":1,"5":0,"6":0,"7":0,"8":2,"9":2,"10":0,"11":44,"12":1,"13":0,"14":0,"15":0,"16":0,"17":1,"18":0,"19":0,"20":1,"21":0,"22":0,"23":0,"24":0,"25":1,"26":0,"27":2,"28":0,"29":2,"30":0,"31":0,"32":0,"33":2,"34":0,"35":2,"36":17,"37":0,"38":3,"39":19,"40":0,"41":18,"42":18,"43":18,"44":18,"45":18,"46":18,"47":2,"48":1,"49":1,"50":1,"51":0,"52":1,"53":1,"54":1,"55":18,"56":6,"57":0,"58":6,"59":18,"60":1,"61":1,"62":0,"63":1,"64":1,"65":18,"66":2,"67":2,"68":2,"69":0,"70":0,"71":18,"72":0,"73":0,"74":0,"75":0,"76":18,"77":0,"78":0,"79":0,"80":0,"81":18,"82":0,"83":0,"84":0,"85":0,"86":0,"87":18,"88":2,"89":2,"90":2,"91":0,"92":0,"93":18,"94":3,"95":3,"96":2,"97":1,"98":18,"99":0,"100":0,"101":0,"102":0,"103":0,"104":0,"105":18,"106":0,"107":0,"108":0,"109":0,"110":18,"111":0,"112":0,"113":0,"114":0,"115":18,"116":0,"117":0,"118":0,"119":0,"120":18,"121":0,"122":0,"123":0,"124":0,"125":0,"126":18,"127":1,"128":1,"129":1,"130":0,"131":18,"132":0,"133":0,"134":0,"135":0,"136":0,"137":18,"138":0,"139":0,"140":0,"141":0,"142":18,"143":1,"144":1,"145":1,"146":0,"147":18,"148":1,"149":1,"150":1,"151":0,"152":18,"153":0,"154":0,"155":0,"156":0,"157":18,"158":1,"159":1,"160":1,"161":0,"162":1,"163":18,"164":0,"165":0,"166":0,"167":0,"168":18,"169":2,"170":2,"171":2,"172":0,"173":18,"174":0,"175":0,"176":0,"177":0,"178":0,"179":18,"180":0,"181":0,"182":0,"183":0,"184":0,"185":18,"186":1,"187":1,"188":1,"189":0,"190":18,"191":0,"192":0,"193":0,"194":0,"195":18,"196":18,"197":18,"198":1,"199":1,"200":0,"201":0,"202":2,"203":2,"204":2,"205":2,"206":1,"207":1,"208":0,"209":0,"210":0,"211":0,"212":0,"213":0,"214":0,"215":0,"216":0,"217":0,"218":0,"219":0,"220":2,"221":2,"222":2,"223":2,"224":1,"225":1,"226":0,"227":0,"228":0,"229":0,"230":0,"231":0,"232":0,"233":0,"234":0,"235":0,"236":0,"237":0,"238":2,"239":2,"240":1,"241":2,"242":1,"243":2,"244":2,"245":4,"246":2,"247":4,"248":2,"249":2,"250":2,"251":2,"252":0,"253":0,"254":0,"255":0,"256":0,"257":0,"258":0,"259":0,"260":0,"261":0,"262":0,"263":0,"264":0,"265":0,"266":17,"267":1,"268":0,"269":0,"270":0,"271":0,"272":0,"273":1,"274":1,"275":3,"276":0,"277":3,"278":0,"279":3,"280":0,"281":0,"282":0,"283":0,"284":0,"285":0,"286":0,"287":0,"288":0,"289":0,"290":0,"291":0,"292":0,"293":0,"294":0,"295":0,"296":0,"297":0,"298":0,"299":0,"300":0,"301":0,"302":0,"303":0,"304":0,"305":2,"306":0,"307":2,"308":0,"309":2,"310":0,"311":2,"312":2,"313":2,"314":2,"315":0,"316":0,"317":0,"318":0,"319":0,"320":0,"321":0,"322":0,"323":0,"324":0,"325":0,"326":0,"327":0,"328":0,"329":0,"330":0,"331":0,"332":0,"333":0,"334":0,"335":0,"336":0,"337":1,"338":1,"339":1,"340":1,"341":1,"342":1,"343":1,"344":1,"345":1,"346":1,"347":1,"348":1,"349":1,"350":0,"351":0,"352":0,"353":0,"354":0,"355":0,"356":0,"357":2,"358":2,"359":4,"360":2,"361":2,"362":0,"363":0,"364":0,"365":0,"366":0,"367":0,"368":0,"369":0,"370":0,"371":0,"372":0,"373":0,"374":1,"375":1,"376":1,"377":1,"378":0,"379":0,"380":0,"381":0,"382":0,"383":0,"384":0,"385":0,"386":0,"387":0,"388":0,"389":0,"390":0,"391":0,"392":0,"393":0,"394":0,"395":0,"396":1,"397":0,"398":18,"399":18},"f":{"0":2,"1":6,"2":1,"3":1,"4":2,"5":0,"6":0,"7":0,"8":0,"9":2,"10":3,"11":0,"12":0,"13":0,"14":0,"15":0,"16":1,"17":0,"18":0,"19":0,"20":1,"21":1,"22":0,"23":1,"24":1,"25":0,"26":2,"27":0,"28":0,"29":0,"30":0,"31":1,"32":0,"33":1,"34":0,"35":2,"36":2,"37":0,"38":0,"39":0,"40":0,"41":0,"42":2,"43":2,"44":0,"45":0,"46":0,"47":0,"48":2,"49":1,"50":2,"51":4,"52":2,"53":0,"54":0,"55":0,"56":0,"57":0,"58":0,"59":0,"60":0,"61":0,"62":17,"63":1,"64":0,"65":1,"66":3,"67":0,"68":0,"69":0,"70":0,"71":0,"72":0,"73":0,"74":0,"75":0,"76":0,"77":0,"78":0,"79":2,"80":0,"81":0,"82":2,"83":2,"84":0,"85":0,"86":0,"87":0,"88":0,"89":0,"90":0,"91":0,"92":0,"93":0,"94":0,"95":0,"96":1,"97":1,"98":1,"99":1,"100":0,"101":0,"102":0,"103":2,"104":4,"105":0,"106":0,"107":0,"108":0,"109":0,"110":1,"111":1,"112":1,"113":0,"114":0,"115":0,"116":0,"117":0,"118":0,"119":0,"120":0,"121":1,"122":0},"b":{"0":[0],"1":[1],"2":[1,1],"3":[0,1],"4":[1,1],"5":[1,1],"6":[1,0],"7":[0,6],"8":[6,0,0],"9":[0,0],"10":[0,0],"11":[1,0],"12":[18,0],"13":[18,0],"14":[0,0],"15":[2,0],"16":[2,0],"17":[1,1],"18":[0,0],"19":[0,0],"20":[0,0],"21":[0,0],"22":[0,0],"23":[0,0],"24":[0,0],"25":[0,0],"26":[2,0],"27":[2,0],"28":[1,1],"29":[0,0],"30":[0,0],"31":[0,0],"32":[0,0],"33":[0,0],"34":[0,0],"35":[0,0],"36":[2,0],"37":[1,0],"38":[1,1],"39":[2,0],"40":[2,0],"41":[2,2],"42":[0,0],"43":[0,0],"44":[0,0],"45":[0,0],"46":[0,0],"47":[0,0],"48":[1,0,0],"49":[0,0],"50":[0,3],"51":[0,0],"52":[0,0],"53":[0,0],"54":[0,0],"55":[0,0],"56":[0,0],"57":[0,0],"58":[0,0],"59":[0,0],"60":[0,0],"61":[0,0,0],"62":[0,0],"63":[0,2],"64":[2,0],"65":[0,0],"66":[0,0],"67":[0,0],"68":[0,0],"69":[0,0],"70":[0,0],"71":[0,0],"72":[0,0],"73":[0,0],"74":[0,0],"75":[0,0],"76":[1,0],"77":[1,0],"78":[1,1],"79":[1,0],"80":[0,0,0],"81":[0,0],"82":[0,0],"83":[2,0],"84":[0,0],"85":[0,0,0],"86":[0,0],"87":[1,0],"88":[1,0],"89":[0,0],"90":[0,0,0],"91":[0,0],"92":[0,0,0]}}
,"F:\\Enterprise-Work-Management-System\\apps\\web\\src\\test-utils\\apiClientMock.js": {"path":"F:\\Enterprise-Work-Management-System\\apps\\web\\src\\test-utils\\apiClientMock.js","statementMap":{"0":{"start":{"line":9,"column":0},"end":{"line":9,"column":15}},"1":{"start":{"line":1,"column":18},"end":{"line":7,"column":null}},"2":{"start":{"line":9,"column":15},"end":{"line":9,"column":null}}},"fnMap":{},"branchMap":{},"s":{"0":0,"1":10,"2":10},"f":{},"b":{}}
,"F:\\Enterprise-Work-Management-System\\apps\\web\\src\\test-utils\\renderWithProviders.jsx": {"path":"F:\\Enterprise-Work-Management-System\\apps\\web\\src\\test-utils\\renderWithProviders.jsx","statementMap":{"0":{"start":{"line":9,"column":16},"end":{"line":9,"column":32}},"1":{"start":{"line":33,"column":16},"end":{"line":33,"column":29}},"2":{"start":{"line":19,"column":16},"end":{"line":19,"column":null}},"3":{"start":{"line":1,"column":18},"end":{"line":1,"column":null}},"4":{"start":{"line":2,"column":23},"end":{"line":2,"column":null}},"5":{"start":{"line":3,"column":25},"end":{"line":3,"column":null}},"6":{"start":{"line":4,"column":31},"end":{"line":4,"column":null}},"7":{"start":{"line":5,"column":65},"end":{"line":5,"column":null}},"8":{"start":{"line":6,"column":24},"end":{"line":6,"column":null}},"9":{"start":{"line":7,"column":24},"end":{"line":7,"column":null}},"10":{"start":{"line":10,"column":2},"end":{"line":16,"column":null}},"11":{"start":{"line":23,"column":2},"end":{"line":30,"column":null}},"12":{"start":{"line":34,"column":17},"end":{"line":34,"column":null}},"13":{"start":{"line":36,"column":2},"end":{"line":44,"column":null}}},"fnMap":{"0":{"name":"createTestStore","decl":{"start":{"line":9,"column":16},"end":{"line":9,"column":32}},"loc":{"start":{"line":9,"column":46},"end":{"line":17,"column":null}}},"1":{"name":"renderWithProviders","decl":{"start":{"line":19,"column":16},"end":{"line":19,"column":null}},"loc":{"start":{"line":21,"column":79},"end":{"line":31,"column":null}}},"2":{"name":"renderRouter","decl":{"start":{"line":33,"column":16},"end":{"line":33,"column":29}},"loc":{"start":{"line":33,"column":125},"end":{"line":45,"column":null}}}},"branchMap":{"0":{"loc":{"start":{"line":21,"column":2},"end":{"line":21,"column":79}},"type":"default-arg","locations":[{"start":{"line":21,"column":77},"end":{"line":21,"column":79}}]},"1":{"loc":{"start":{"line":21,"column":20},"end":{"line":21,"column":59}},"type":"default-arg","locations":[{"start":{"line":21,"column":28},"end":{"line":21,"column":59}}]},"2":{"loc":{"start":{"line":21,"column":61},"end":{"line":21,"column":72}},"type":"default-arg","locations":[{"start":{"line":21,"column":69},"end":{"line":21,"column":72}}]},"3":{"loc":{"start":{"line":33,"column":37},"end":{"line":33,"column":125}},"type":"default-arg","locations":[{"start":{"line":33,"column":123},"end":{"line":33,"column":125}}]},"4":{"loc":{"start":{"line":33,"column":55},"end":{"line":33,"column":94}},"type":"default-arg","locations":[{"start":{"line":33,"column":63},"end":{"line":33,"column":94}}]},"5":{"loc":{"start":{"line":33,"column":96},"end":{"line":33,"column":120}},"type":"default-arg","locations":[{"start":{"line":33,"column":113},"end":{"line":33,"column":120}}]}},"s":{"0":6,"1":0,"2":36,"3":16,"4":16,"5":16,"6":16,"7":16,"8":16,"9":16,"10":42,"11":36,"12":0,"13":0},"f":{"0":42,"1":36,"2":0},"b":{"0":[2],"1":[36],"2":[24],"3":[0],"4":[0],"5":[0]}}
}
