TN:
SF:src\constants\roles.js
FNF:0
FNH:0
DA:3,11
DA:11,11
DA:13,54
DA:14,23
DA:15,23
DA:16,11
LF:6
LH:6
BRF:0
BRH:0
end_of_record
TN:
SF:src\features\common\components\Analytics.jsx
FN:8,InsightCard
FN:36,(anonymous_12)
FN:54,DonutChartCard
FN:55,(anonymous_14)
FN:55,(anonymous_15)
FN:74,(anonymous_16)
FN:83,(anonymous_17)
FN:101,ProgressRing
FN:141,MiniTrendChart
FN:153,MetricsStrip
FN:161,StripMetric
FNF:11
FNH:10
FNDA:29,InsightCard
FNDA:0,(anonymous_12)
FNDA:4,DonutChartCard
FNDA:4,(anonymous_14)
FNDA:16,(anonymous_15)
FNDA:8,(anonymous_16)
FNDA:8,(anonymous_17)
FNDA:3,ProgressRing
FNDA:2,MiniTrendChart
FNDA:16,MetricsStrip
FNDA:78,StripMetric
DA:1,5
DA:2,5
DA:3,5
DA:4,5
DA:6,5
DA:8,32
DA:36,5
DA:37,0
DA:49,0
DA:52,5
DA:54,4
DA:55,16
DA:56,4
DA:75,8
DA:84,8
DA:101,3
DA:102,3
DA:103,3
DA:104,3
DA:141,2
DA:153,21
DA:161,101
LF:22
LH:20
BRDA:17,0,0,29
BRDA:21,1,0,29
BRDA:22,2,0,3
BRDA:22,2,1,4
BRDA:22,3,0,1
BRDA:22,3,1,3
BRDA:23,4,0,3
BRDA:23,4,1,4
BRDA:23,5,0,1
BRDA:23,5,1,3
BRDA:29,6,0,29
BRDA:37,7,0,0
BRDA:37,7,1,0
BRDA:37,8,0,0
BRDA:37,8,1,0
BRDA:37,8,2,0
BRDA:41,9,0,0
BRDA:41,9,1,0
BRDA:54,10,0,4
BRDA:55,11,0,4
BRDA:55,11,1,0
BRDA:61,12,0,4
BRDA:75,13,0,8
BRDA:75,13,1,8
BRDA:85,14,0,8
BRDA:85,14,1,8
BRDA:101,15,0,0
BRDA:101,16,0,0
BRDA:101,17,0,0
BRDA:101,18,0,3
BRDA:141,19,0,0
BRDA:167,20,0,78
BRF:32
BRH:20
end_of_record
TN:
SF:src\features\common\components\Avatar.jsx
FN:3,getInitials
FN:7,(anonymous_2)
FN:20,Avatar
FN:31,(anonymous_4)
FNF:4
FNH:3
FNDA:14,getInitials
FNDA:28,(anonymous_2)
FNDA:14,Avatar
FNDA:0,(anonymous_4)
DA:1,2
DA:4,14
DA:7,28
DA:13,2
DA:20,14
DA:21,14
DA:22,14
DA:23,14
DA:25,14
DA:31,0
LF:10
LH:9
BRDA:4,0,0,14
BRDA:4,0,1,0
BRDA:20,1,0,10
BRDA:20,2,0,14
BRDA:20,3,0,0
BRDA:23,4,0,14
BRDA:23,4,1,0
BRDA:25,5,0,0
BRDA:25,5,1,14
BRDA:25,6,0,14
BRDA:25,6,1,0
BRDA:39,7,0,14
BRDA:39,7,1,0
BRDA:39,7,2,0
BRF:14
BRH:7
end_of_record
TN:
SF:src\features\common\components\UI.jsx
FN:5,PageCard
FN:28,PageHeader
FN:48,StatCard
FN:72,Badge
FN:85,Button
FN:104,TableShell
FN:116,EmptyState
FN:131,ConfirmDialog
FN:158,SkeletonList
FN:161,(anonymous_20)
FNF:10
FNH:9
FNDA:57,PageCard
FNDA:37,PageHeader
FNDA:0,StatCard
FNDA:45,Badge
FNDA:259,Button
FNDA:8,TableShell
FNDA:12,EmptyState
FNDA:30,ConfirmDialog
FNDA:1,SkeletonList
FNDA:5,(anonymous_20)
DA:1,11
DA:2,11
DA:5,68
DA:28,43
DA:48,0
DA:72,49
DA:73,45
DA:85,259
DA:86,259
DA:104,8
DA:116,16
DA:131,35
DA:158,2
DA:162,5
LF:14
LH:13
BRDA:5,0,0,39
BRDA:13,1,0,57
BRDA:13,1,1,35
BRDA:16,2,0,22
BRDA:17,3,0,22
BRDA:19,4,0,22
BRDA:32,5,0,37
BRDA:39,6,0,37
BRDA:42,7,0,37
BRDA:56,8,0,0
BRDA:60,9,0,0
BRDA:61,10,0,0
BRDA:61,10,1,0
BRDA:62,11,0,0
BRDA:62,11,1,0
BRDA:72,12,0,12
BRDA:72,13,0,45
BRDA:85,14,0,17
BRDA:85,15,0,208
BRDA:119,16,0,12
BRDA:126,17,0,12
BRDA:134,18,0,30
BRDA:158,19,0,0
BRF:23
BRH:16
end_of_record
TN:
SF:src\features\common\forms\FormFields.jsx
FN:3,TextInput
FN:17,SelectInput
FN:26,(anonymous_8)
FNF:3
FNH:3
FNDA:122,TextInput
FNDA:126,SelectInput
FNDA:424,(anonymous_8)
DA:1,8
DA:3,122
DA:17,126
DA:27,424
LF:4
LH:4
BRDA:12,0,0,122
BRDA:27,1,0,424
BRDA:27,1,1,292
BRDA:28,2,0,424
BRDA:28,2,1,242
BRDA:27,3,0,424
BRDA:27,3,1,292
BRDA:27,3,2,242
BRDA:32,4,0,126
BRF:9
BRH:9
end_of_record
TN:
SF:src\features\common\utils\filtering.js
FN:1,applyTextFilter
FN:4,(anonymous_4)
FN:4,(anonymous_5)
FN:7,sortByField
FN:9,(anonymous_7)
FNF:5
FNH:5
FNDA:12,applyTextFilter
FNDA:2,(anonymous_4)
FNDA:2,(anonymous_5)
FNDA:7,sortByField
FNDA:3,(anonymous_7)
DA:1,12
DA:2,12
DA:3,1
DA:4,2
DA:7,7
DA:8,7
DA:9,7
DA:10,3
DA:11,3
DA:12,3
DA:13,2
DA:14,0
DA:16,7
LF:13
LH:12
BRDA:2,0,0,11
BRDA:2,0,1,1
BRDA:4,1,0,2
BRDA:4,1,1,0
BRDA:7,2,0,1
BRDA:10,3,0,3
BRDA:10,3,1,0
BRDA:11,4,0,3
BRDA:11,4,1,0
BRDA:12,5,0,1
BRDA:12,5,1,2
BRDA:12,6,0,1
BRDA:12,6,1,0
BRDA:13,7,0,2
BRDA:13,7,1,0
BRDA:13,8,0,0
BRDA:13,8,1,2
BRF:17
BRH:11
end_of_record
TN:
SF:src\features\dashboard\DashboardPage.jsx
FN:26,relativeTime
FN:36,daysOverdue
FN:42,AtRiskCard
FN:47,(anonymous_4)
FN:66,OverdueTasksCard
FN:71,(anonymous_6)
FN:90,MyTasksCard
FN:97,(anonymous_8)
FN:125,getManagerInfo
FN:130,WorkingUnderCard
FN:166,DashboardPage
FN:177,(anonymous_12)
FN:178,(anonymous_13)
FN:188,(anonymous_14)
FN:191,(anonymous_15)
FN:321,(anonymous_16)
FN:322,(anonymous_17)
FN:339,(anonymous_18)
FN:377,(anonymous_19)
FN:399,(anonymous_20)
FN:454,(anonymous_21)
FN:460,(anonymous_22)
FNF:22
FNH:13
FNDA:2,relativeTime
FNDA:0,daysOverdue
FNDA:0,AtRiskCard
FNDA:0,(anonymous_4)
FNDA:0,OverdueTasksCard
FNDA:0,(anonymous_6)
FNDA:1,MyTasksCard
FNDA:1,(anonymous_8)
FNDA:1,getManagerInfo
FNDA:1,WorkingUnderCard
FNDA:2,DashboardPage
FNDA:4,(anonymous_12)
FNDA:4,(anonymous_13)
FNDA:0,(anonymous_14)
FNDA:0,(anonymous_15)
FNDA:14,(anonymous_16)
FNDA:14,(anonymous_17)
FNDA:2,(anonymous_18)
FNDA:0,(anonymous_19)
FNDA:2,(anonymous_20)
FNDA:0,(anonymous_21)
FNDA:2,(anonymous_22)
DA:1,1
DA:2,1
DA:3,1
DA:4,1
DA:5,1
DA:6,1
DA:17,1
DA:23,1
DA:27,2
DA:28,2
DA:29,2
DA:30,2
DA:31,0
DA:32,0
DA:33,0
DA:37,0
DA:38,0
DA:43,0
DA:48,0
DA:67,0
DA:72,0
DA:98,1
DA:99,1
DA:126,1
DA:127,1
DA:131,1
DA:166,2
DA:167,2
DA:168,2
DA:169,2
DA:170,2
DA:171,2
DA:172,2
DA:173,2
DA:174,2
DA:175,2
DA:176,2
DA:177,4
DA:178,4
DA:179,2
DA:180,2
DA:182,2
DA:183,2
DA:184,2
DA:186,2
DA:187,2
DA:188,0
DA:191,2
DA:192,0
DA:193,0
DA:194,0
DA:195,0
DA:196,0
DA:197,0
DA:198,0
DA:200,0
DA:321,14
DA:322,14
DA:340,2
DA:377,0
DA:401,2
DA:402,2
DA:403,2
DA:405,2
DA:406,2
DA:407,2
DA:408,0
DA:409,2
DA:410,0
DA:411,2
DA:412,0
DA:413,2
DA:414,2
DA:415,0
DA:416,0
DA:417,0
DA:418,0
DA:419,0
DA:420,0
DA:424,2
DA:429,2
DA:454,0
DA:461,2
LF:83
LH:54
BRDA:27,0,0,0
BRDA:27,0,1,2
BRDA:30,1,0,2
BRDA:30,1,1,0
BRDA:31,2,0,0
BRDA:31,2,1,0
BRDA:32,3,0,0
BRDA:32,3,1,0
BRDA:43,4,0,0
BRDA:43,4,1,0
BRDA:67,5,0,0
BRDA:67,5,1,0
BRDA:76,6,0,0
BRDA:76,6,1,0
BRDA:76,6,2,0
BRDA:76,7,0,0
BRDA:76,7,1,0
BRDA:76,7,2,0
BRDA:94,8,0,0
BRDA:98,9,0,1
BRDA:98,9,1,1
BRDA:103,10,0,1
BRDA:103,10,1,0
BRDA:104,11,0,1
BRDA:104,11,1,0
BRDA:108,12,0,1
BRDA:109,13,0,0
BRDA:109,13,1,1
BRDA:111,14,0,0
BRDA:111,14,1,1
BRDA:114,15,0,0
BRDA:114,15,1,1
BRDA:114,16,0,1
BRDA:114,16,1,0
BRDA:127,17,0,1
BRDA:127,17,1,0
BRDA:127,18,0,1
BRDA:127,18,1,1
BRDA:127,18,2,1
BRDA:137,19,0,1
BRDA:137,19,1,0
BRDA:148,20,0,1
BRDA:148,20,1,0
BRDA:151,21,0,1
BRDA:177,22,0,4
BRDA:177,22,1,0
BRDA:182,23,0,2
BRDA:182,23,1,0
BRDA:186,24,0,2
BRDA:186,24,1,0
BRDA:188,25,0,0
BRDA:188,25,1,0
BRDA:188,26,0,0
BRDA:188,26,1,0
BRDA:196,27,0,0
BRDA:196,27,1,0
BRDA:197,28,0,0
BRDA:197,28,1,0
BRDA:206,29,0,0
BRDA:206,29,1,2
BRDA:206,30,0,1
BRDA:206,30,1,1
BRDA:208,31,0,0
BRDA:208,31,1,2
BRDA:210,32,0,1
BRDA:210,32,1,1
BRDA:214,33,0,0
BRDA:214,33,1,2
BRDA:214,34,0,1
BRDA:214,34,1,1
BRDA:220,35,0,1
BRDA:219,36,0,2
BRDA:219,36,1,2
BRDA:224,37,0,0
BRDA:224,37,1,1
BRDA:226,38,0,0
BRDA:226,38,1,1
BRDA:233,39,0,1
BRDA:233,39,1,0
BRDA:237,40,0,1
BRDA:237,40,1,0
BRDA:238,41,0,1
BRDA:238,41,1,0
BRDA:244,42,0,1
BRDA:244,42,1,0
BRDA:246,43,0,0
BRDA:246,43,1,1
BRDA:255,44,0,0
BRDA:255,44,1,1
BRDA:257,45,0,0
BRDA:257,45,1,1
BRDA:264,46,0,1
BRDA:264,46,1,0
BRDA:269,47,0,1
BRDA:269,47,1,0
BRDA:271,48,0,0
BRDA:271,48,1,1
BRDA:278,49,0,0
BRDA:278,49,1,1
BRDA:286,50,0,2
BRDA:286,50,1,2
BRDA:286,50,2,1
BRDA:286,50,3,1
BRDA:288,51,0,0
BRDA:289,52,0,0
BRDA:294,53,0,2
BRDA:294,53,1,2
BRDA:336,54,0,0
BRDA:336,54,1,2
BRDA:346,55,0,0
BRDA:346,55,1,2
BRDA:348,56,0,2
BRDA:348,56,1,0
BRDA:357,57,0,0
BRDA:357,57,1,2
BRDA:357,58,0,2
BRDA:357,58,1,0
BRDA:373,59,0,2
BRDA:373,59,1,0
BRDA:381,60,0,0
BRDA:381,60,1,2
BRDA:388,61,0,0
BRDA:405,62,0,2
BRDA:405,62,1,0
BRDA:407,63,0,0
BRDA:407,63,1,2
BRDA:407,64,0,2
BRDA:407,64,1,2
BRDA:409,65,0,0
BRDA:409,65,1,2
BRDA:411,66,0,0
BRDA:411,66,1,2
BRDA:413,67,0,2
BRDA:413,67,1,0
BRDA:415,68,0,0
BRDA:415,68,1,0
BRDA:417,69,0,0
BRDA:417,69,1,0
BRDA:419,70,0,0
BRDA:419,70,1,0
BRDA:419,71,0,0
BRDA:419,71,1,0
BRDA:424,72,0,2
BRDA:424,72,1,2
BRDA:425,73,0,2
BRDA:425,73,1,0
BRDA:425,74,0,2
BRDA:425,74,1,2
BRDA:426,75,0,2
BRDA:426,75,1,0
BRDA:427,76,0,0
BRDA:427,76,1,0
BRDA:457,77,0,2
BRDA:457,77,1,2
BRDA:457,77,2,1
BRDA:466,78,0,2
BRDA:466,78,1,0
BRDA:471,79,0,2
BRDA:474,80,0,2
BRDA:474,80,1,2
BRDA:478,81,0,0
BRDA:478,81,1,2
BRDA:480,82,0,0
BRDA:480,82,1,2
BRDA:484,83,0,0
BRDA:484,83,1,2
BRDA:484,84,0,0
BRDA:484,84,1,2
BRF:168
BRH:83
end_of_record
TN:
SF:src\features\notifications\NotificationsPage.jsx
FN:20,relativeTime
FN:36,getGroupLabel
FN:41,(anonymous_6)
FN:47,getIconConfig
FN:65,buildRichText
FN:72,getNavigationTarget
FN:91,NotificationsPage
FN:100,(anonymous_11)
FN:100,(anonymous_12)
FN:105,(anonymous_13)
FN:107,(anonymous_14)
FN:114,(anonymous_15)
FN:122,(anonymous_16)
FN:134,(anonymous_17)
FN:161,(anonymous_18)
FN:183,(anonymous_19)
FN:193,(anonymous_20)
FN:206,(anonymous_21)
FN:261,(anonymous_22)
FN:274,(anonymous_23)
FN:298,(anonymous_24)
FNF:21
FNH:17
FNDA:7,relativeTime
FNDA:4,getGroupLabel
FNDA:8,(anonymous_6)
FNDA:7,getIconConfig
FNDA:7,buildRichText
FNDA:7,getNavigationTarget
FNDA:12,NotificationsPage
FNDA:7,(anonymous_11)
FNDA:4,(anonymous_12)
FNDA:7,(anonymous_13)
FNDA:4,(anonymous_14)
FNDA:0,(anonymous_15)
FNDA:1,(anonymous_16)
FNDA:1,(anonymous_17)
FNDA:1,(anonymous_18)
FNDA:21,(anonymous_19)
FNDA:7,(anonymous_20)
FNDA:0,(anonymous_21)
FNDA:0,(anonymous_22)
FNDA:1,(anonymous_23)
FNDA:0,(anonymous_24)
DA:1,1
DA:2,1
DA:3,1
DA:4,1
DA:9,1
DA:10,1
DA:11,1
DA:16,1
DA:17,1
DA:21,7
DA:22,7
DA:23,7
DA:24,7
DA:25,7
DA:26,7
DA:27,7
DA:29,7
DA:30,0
DA:31,0
DA:32,0
DA:33,0
DA:37,4
DA:38,4
DA:39,4
DA:40,4
DA:41,8
DA:42,4
DA:43,4
DA:44,4
DA:48,7
DA:49,7
DA:51,7
DA:52,0
DA:53,0
DA:54,0
DA:55,0
DA:56,0
DA:57,0
DA:58,0
DA:59,0
DA:60,0
DA:61,0
DA:62,0
DA:66,7
DA:67,7
DA:69,0
DA:73,7
DA:74,7
DA:75,0
DA:76,0
DA:77,0
DA:78,0
DA:81,1
DA:91,5
DA:92,12
DA:93,12
DA:94,12
DA:95,12
DA:96,12
DA:97,12
DA:99,12
DA:100,7
DA:105,12
DA:106,7
DA:107,7
DA:108,4
DA:109,4
DA:111,7
DA:114,12
DA:115,0
DA:116,0
DA:118,0
DA:119,0
DA:122,12
DA:123,1
DA:124,1
DA:125,1
DA:126,1
DA:127,1
DA:128,0
DA:129,0
DA:131,1
DA:134,12
DA:135,1
DA:136,1
DA:137,1
DA:138,1
DA:139,1
DA:140,0
DA:141,0
DA:143,1
DA:161,1
DA:184,21
DA:185,21
DA:186,7
DA:194,7
DA:195,7
DA:196,7
DA:197,7
DA:199,7
DA:206,0
DA:262,0
DA:263,0
DA:275,1
DA:276,1
DA:298,0
LF:106
LH:74
BRDA:29,0,0,7
BRDA:29,0,1,0
BRDA:30,1,0,0
BRDA:30,1,1,0
BRDA:31,2,0,0
BRDA:31,2,1,0
BRDA:32,3,0,0
BRDA:32,3,1,0
BRDA:41,4,0,8
BRDA:41,4,1,0
BRDA:41,4,2,0
BRDA:42,5,0,0
BRDA:42,5,1,4
BRDA:43,6,0,0
BRDA:43,6,1,4
BRDA:51,7,0,7
BRDA:51,7,1,0
BRDA:52,8,0,0
BRDA:52,8,1,0
BRDA:53,9,0,0
BRDA:53,9,1,0
BRDA:54,10,0,0
BRDA:54,10,1,0
BRDA:55,11,0,0
BRDA:55,11,1,0
BRDA:56,12,0,0
BRDA:56,12,1,0
BRDA:56,13,0,0
BRDA:56,13,1,0
BRDA:58,14,0,0
BRDA:58,14,1,0
BRDA:60,15,0,0
BRDA:60,15,1,0
BRDA:66,16,0,7
BRDA:66,16,1,0
BRDA:66,17,0,7
BRDA:66,17,1,7
BRDA:66,17,2,7
BRDA:69,18,0,0
BRDA:69,18,1,0
BRDA:73,19,0,0
BRDA:73,19,1,7
BRDA:74,20,0,7
BRDA:74,20,1,0
BRDA:75,21,0,0
BRDA:75,21,1,0
BRDA:76,22,0,0
BRDA:76,22,1,0
BRDA:77,23,0,0
BRDA:77,23,1,0
BRDA:108,24,0,4
BRDA:108,24,1,0
BRDA:115,25,0,0
BRDA:115,25,1,0
BRDA:116,26,0,0
BRDA:116,26,1,0
BRDA:119,27,0,0
BRDA:119,27,1,0
BRDA:127,28,0,0
BRDA:127,28,1,1
BRDA:128,29,0,0
BRDA:128,29,1,0
BRDA:135,30,0,1
BRDA:135,30,1,0
BRDA:139,31,0,0
BRDA:139,31,1,1
BRDA:140,32,0,0
BRDA:140,32,1,0
BRDA:151,33,0,7
BRDA:151,33,1,5
BRDA:152,34,0,0
BRDA:152,34,1,7
BRDA:158,35,0,12
BRDA:165,36,0,1
BRDA:165,36,1,6
BRDA:174,37,0,5
BRDA:185,38,0,14
BRDA:185,38,1,7
BRDA:196,39,0,7
BRDA:196,39,1,0
BRDA:208,40,0,7
BRDA:208,40,1,0
BRDA:209,41,0,7
BRDA:209,41,1,0
BRDA:215,42,0,7
BRDA:228,43,0,7
BRDA:233,44,0,7
BRDA:233,44,1,0
BRDA:234,45,0,7
BRDA:234,45,1,0
BRDA:252,46,0,7
BRDA:257,47,0,7
BRDA:263,48,0,0
BRDA:263,48,1,0
BRDA:273,49,0,7
BRDA:273,49,1,0
BRDA:201,50,0,7
BRDA:201,50,1,0
BRF:98
BRH:35
end_of_record
TN:
SF:src\features\projects\ProjectsPage.jsx
FN:15,ProjectsPage
FN:18,(anonymous_3)
FN:31,(anonymous_4)
FN:35,(anonymous_5)
FN:52,(anonymous_6)
FN:59,(anonymous_7)
FN:60,(anonymous_8)
FN:78,(anonymous_9)
FN:94,(anonymous_10)
FN:110,(anonymous_11)
FN:116,(anonymous_12)
FN:141,(anonymous_13)
FN:180,(anonymous_14)
FN:195,(anonymous_15)
FN:222,(anonymous_16)
FN:231,(anonymous_17)
FN:232,(anonymous_18)
FNF:17
FNH:10
FNDA:8,ProjectsPage
FNDA:10,(anonymous_3)
FNDA:2,(anonymous_4)
FNDA:1,(anonymous_5)
FNDA:3,(anonymous_6)
FNDA:3,(anonymous_7)
FNDA:3,(anonymous_8)
FNDA:1,(anonymous_9)
FNDA:3,(anonymous_10)
FNDA:0,(anonymous_11)
FNDA:0,(anonymous_12)
FNDA:3,(anonymous_13)
FNDA:0,(anonymous_14)
FNDA:0,(anonymous_15)
FNDA:0,(anonymous_16)
FNDA:0,(anonymous_17)
FNDA:0,(anonymous_18)
DA:1,1
DA:2,1
DA:3,1
DA:4,1
DA:5,1
DA:6,1
DA:7,1
DA:8,1
DA:9,1
DA:10,1
DA:11,1
DA:12,1
DA:13,1
DA:15,1
DA:16,8
DA:17,8
DA:18,10
DA:19,8
DA:20,8
DA:21,8
DA:22,8
DA:23,8
DA:24,8
DA:29,8
DA:30,8
DA:31,2
DA:35,8
DA:36,1
DA:37,0
DA:38,0
DA:39,0
DA:40,0
DA:41,0
DA:43,0
DA:45,1
DA:46,1
DA:47,0
DA:49,1
DA:52,8
DA:53,3
DA:54,3
DA:55,3
DA:56,3
DA:59,8
DA:60,8
DA:62,8
DA:68,8
DA:78,1
DA:94,3
DA:110,0
DA:116,0
DA:142,3
DA:143,3
DA:145,3
DA:180,0
DA:195,0
DA:222,0
DA:231,0
DA:233,0
DA:234,0
LF:60
LH:45
BRDA:23,0,0,8
BRDA:23,0,1,8
BRDA:23,0,2,8
BRDA:23,1,0,5
BRDA:23,1,1,3
BRDA:36,2,0,0
BRDA:36,2,1,1
BRDA:36,3,0,1
BRDA:36,3,1,1
BRDA:37,4,0,0
BRDA:37,4,1,0
BRDA:39,5,0,0
BRDA:39,5,1,0
BRDA:46,6,0,1
BRDA:46,6,1,0
BRDA:47,7,0,0
BRDA:47,7,1,0
BRDA:53,8,0,0
BRDA:53,8,1,3
BRDA:54,9,0,0
BRDA:54,9,1,3
BRDA:55,10,0,0
BRDA:55,10,1,3
BRDA:62,11,0,8
BRDA:62,11,1,0
BRDA:64,12,0,0
BRDA:64,12,1,0
BRDA:68,13,0,8
BRDA:68,13,1,0
BRDA:77,14,0,8
BRDA:92,15,0,3
BRDA:92,15,1,5
BRDA:124,16,0,5
BRDA:157,17,0,0
BRDA:157,17,1,3
BRDA:159,18,0,0
BRDA:159,18,1,3
BRDA:171,19,0,3
BRDA:171,19,1,0
BRDA:180,20,0,3
BRDA:192,21,0,3
BRDA:211,22,0,8
BRDA:216,23,0,3
BRDA:216,23,1,2
BRDA:221,24,0,0
BRDA:221,24,1,5
BRF:46
BRH:27
end_of_record
TN:
SF:src\features\projects\components\ProjectForm.jsx
FN:19,ProjectForm
FN:20,(anonymous_5)
FN:21,(anonymous_6)
FN:32,(anonymous_7)
FN:39,(anonymous_8)
FN:40,(anonymous_9)
FN:51,(anonymous_10)
FN:61,(anonymous_11)
FN:79,(anonymous_12)
FN:85,(anonymous_13)
FN:136,(anonymous_14)
FNF:11
FNH:10
FNDA:11,ProjectForm
FNDA:15,(anonymous_5)
FNDA:15,(anonymous_6)
FNDA:3,(anonymous_7)
FNDA:6,(anonymous_8)
FNDA:1,(anonymous_9)
FNDA:3,(anonymous_10)
FNDA:0,(anonymous_11)
FNDA:2,(anonymous_12)
FNDA:1,(anonymous_13)
FNDA:9,(anonymous_14)
DA:1,2
DA:2,2
DA:3,2
DA:4,2
DA:5,2
DA:7,2
DA:8,2
DA:9,2
DA:10,2
DA:11,2
DA:13,2
DA:19,7
DA:20,15
DA:21,15
DA:22,11
DA:23,11
DA:32,11
DA:33,3
DA:34,2
DA:38,2
DA:39,6
DA:40,1
DA:44,2
DA:51,11
DA:52,3
DA:53,2
DA:54,2
DA:55,0
DA:56,0
DA:59,2
DA:60,2
DA:61,0
DA:62,0
DA:65,2
DA:68,11
DA:77,11
DA:79,11
DA:80,2
DA:81,2
DA:82,1
DA:85,1
DA:86,1
DA:89,2
DA:137,9
LF:44
LH:40
BRDA:22,0,0,11
BRDA:22,0,1,4
BRDA:33,1,0,1
BRDA:33,1,1,2
BRDA:35,2,0,2
BRDA:35,2,1,0
BRDA:39,3,0,6
BRDA:39,3,1,2
BRDA:41,4,0,1
BRDA:41,4,1,0
BRDA:42,5,0,1
BRDA:42,5,1,0
BRDA:52,6,0,1
BRDA:52,6,1,2
BRDA:52,7,0,1
BRDA:52,7,1,0
BRDA:52,7,2,0
BRDA:54,8,0,0
BRDA:54,8,1,2
BRDA:55,9,0,0
BRDA:55,9,1,0
BRDA:55,10,0,0
BRDA:55,10,1,0
BRDA:55,10,2,0
BRDA:60,11,0,0
BRDA:60,11,1,2
BRDA:60,12,0,2
BRDA:60,12,1,0
BRDA:62,13,0,0
BRDA:62,13,1,0
BRDA:62,14,0,0
BRDA:62,14,1,0
BRDA:62,14,2,0
BRDA:65,15,0,2
BRDA:65,15,1,0
BRDA:65,15,2,0
BRDA:71,16,0,11
BRDA:71,16,1,11
BRDA:73,17,0,11
BRDA:73,17,1,6
BRDA:81,18,0,1
BRDA:81,18,1,1
BRDA:82,19,0,1
BRDA:82,19,1,0
BRDA:86,20,0,1
BRDA:86,20,1,0
BRDA:92,21,0,1
BRDA:92,21,1,1
BRDA:93,22,0,1
BRDA:93,22,1,0
BRDA:111,23,0,4
BRDA:133,24,0,7
BRDA:143,25,0,7
BRDA:164,26,0,2
BRDA:164,26,1,9
BRF:55
BRH:32
end_of_record
TN:
SF:src\features\search\CommandPalette.jsx
FN:8,CommandPalette
FN:18,(anonymous_5)
FN:19,(anonymous_6)
FN:20,(anonymous_7)
FN:21,(anonymous_8)
FN:23,(anonymous_9)
FN:27,(anonymous_10)
FN:30,(anonymous_11)
FN:35,(anonymous_12)
FN:36,(anonymous_13)
FN:44,(anonymous_14)
FN:47,(anonymous_15)
FN:51,(anonymous_16)
FN:54,(anonymous_17)
FN:60,(anonymous_18)
FN:63,(anonymous_19)
FN:71,(anonymous_20)
FN:74,(anonymous_21)
FN:82,(anonymous_22)
FN:87,(anonymous_23)
FN:88,(anonymous_24)
FN:91,(anonymous_25)
FN:92,(anonymous_26)
FN:95,(anonymous_27)
FN:96,(anonymous_28)
FN:99,(anonymous_29)
FN:100,(anonymous_30)
FN:106,(anonymous_31)
FN:110,(anonymous_32)
FN:114,(anonymous_33)
FN:118,(anonymous_34)
FN:126,(anonymous_35)
FN:157,(anonymous_36)
FN:167,(anonymous_37)
FN:182,(anonymous_38)
FN:190,(anonymous_39)
FN:194,(anonymous_40)
FNF:37
FNH:19
FNDA:3,CommandPalette
FNDA:6,(anonymous_5)
FNDA:6,(anonymous_6)
FNDA:6,(anonymous_7)
FNDA:6,(anonymous_8)
FNDA:3,(anonymous_9)
FNDA:0,(anonymous_10)
FNDA:0,(anonymous_11)
FNDA:3,(anonymous_12)
FNDA:1,(anonymous_13)
FNDA:3,(anonymous_14)
FNDA:3,(anonymous_15)
FNDA:0,(anonymous_16)
FNDA:3,(anonymous_17)
FNDA:3,(anonymous_18)
FNDA:1,(anonymous_19)
FNDA:3,(anonymous_20)
FNDA:3,(anonymous_21)
FNDA:3,(anonymous_22)
FNDA:0,(anonymous_23)
FNDA:0,(anonymous_24)
FNDA:0,(anonymous_25)
FNDA:0,(anonymous_26)
FNDA:0,(anonymous_27)
FNDA:0,(anonymous_28)
FNDA:0,(anonymous_29)
FNDA:0,(anonymous_30)
FNDA:3,(anonymous_31)
FNDA:0,(anonymous_32)
FNDA:0,(anonymous_33)
FNDA:0,(anonymous_34)
FNDA:1,(anonymous_35)
FNDA:1,(anonymous_36)
FNDA:0,(anonymous_37)
FNDA:0,(anonymous_38)
FNDA:0,(anonymous_39)
FNDA:0,(anonymous_40)
DA:1,1
DA:2,1
DA:3,1
DA:4,1
DA:5,1
DA:6,1
DA:8,3
DA:9,3
DA:10,3
DA:11,3
DA:12,3
DA:13,3
DA:14,3
DA:15,3
DA:16,3
DA:18,6
DA:19,6
DA:20,6
DA:21,6
DA:23,3
DA:24,3
DA:25,3
DA:26,3
DA:27,3
DA:30,3
DA:31,0
DA:35,3
DA:36,3
DA:37,1
DA:38,0
DA:39,0
DA:40,0
DA:43,3
DA:44,3
DA:47,3
DA:48,3
DA:49,3
DA:50,3
DA:51,3
DA:52,3
DA:53,3
DA:54,3
DA:55,3
DA:60,3
DA:61,3
DA:63,3
DA:64,1
DA:65,1
DA:66,1
DA:70,3
DA:71,3
DA:74,3
DA:75,3
DA:76,0
DA:77,0
DA:82,3
DA:83,3
DA:84,0
DA:86,0
DA:87,0
DA:88,0
DA:90,0
DA:91,0
DA:92,0
DA:94,0
DA:95,0
DA:96,0
DA:98,0
DA:99,0
DA:100,0
DA:102,0
DA:106,3
DA:107,3
DA:110,3
DA:111,0
DA:112,0
DA:113,0
DA:114,0
DA:115,0
DA:116,0
DA:117,0
DA:118,0
DA:119,0
DA:120,0
DA:121,0
DA:122,0
DA:126,3
DA:127,1
DA:128,1
DA:157,1
DA:167,0
DA:183,0
DA:184,0
DA:191,0
DA:192,0
DA:194,0
LF:96
LH:58
BRDA:37,0,0,0
BRDA:37,0,1,1
BRDA:37,1,0,1
BRDA:37,1,1,1
BRDA:37,1,2,0
BRDA:39,2,0,0
BRDA:39,2,1,0
BRDA:48,3,0,3
BRDA:48,3,1,0
BRDA:61,4,0,0
BRDA:61,4,1,3
BRDA:64,5,0,1
BRDA:64,5,1,0
BRDA:75,6,0,0
BRDA:75,6,1,3
BRDA:77,7,0,0
BRDA:77,7,1,0
BRDA:83,8,0,3
BRDA:83,8,1,0
BRDA:95,9,0,0
BRDA:95,9,1,0
BRDA:96,10,0,0
BRDA:96,10,1,0
BRDA:99,11,0,0
BRDA:99,11,1,0
BRDA:111,12,0,0
BRDA:111,12,1,0
BRDA:113,13,0,0
BRDA:113,13,1,0
BRDA:115,14,0,0
BRDA:115,14,1,0
BRDA:117,15,0,0
BRDA:117,15,1,0
BRDA:119,16,0,0
BRDA:119,16,1,0
BRDA:119,17,0,0
BRDA:119,17,1,0
BRDA:127,18,0,1
BRDA:127,18,1,0
BRDA:127,19,0,1
BRDA:127,19,1,1
BRDA:134,20,0,3
BRDA:180,21,0,3
BRDA:188,22,0,0
BRDA:188,22,1,0
BRDA:196,23,0,0
BRDA:196,23,1,0
BRDA:199,24,0,0
BRDA:206,25,0,3
BRDA:214,26,0,3
BRDA:214,26,1,0
BRF:51
BRH:15
end_of_record
TN:
SF:src\features\settings\components\PasswordForm.jsx
FN:22,PasswordForm
FN:38,(anonymous_5)
FN:46,(anonymous_6)
FN:46,(anonymous_7)
FN:54,(anonymous_8)
FN:54,(anonymous_9)
FN:62,(anonymous_10)
FN:62,(anonymous_11)
FN:80,PasswordField
FNF:9
FNH:3
FNDA:8,PasswordForm
FNDA:1,(anonymous_5)
FNDA:0,(anonymous_6)
FNDA:0,(anonymous_7)
FNDA:0,(anonymous_8)
FNDA:0,(anonymous_9)
FNDA:0,(anonymous_10)
FNDA:0,(anonymous_11)
FNDA:24,PasswordField
DA:1,1
DA:2,1
DA:3,1
DA:4,1
DA:5,1
DA:6,1
DA:7,1
DA:9,1
DA:22,2
DA:23,8
DA:24,8
DA:25,8
DA:31,8
DA:39,1
DA:40,1
DA:46,0
DA:54,0
DA:62,0
LF:18
LH:15
BRDA:73,0,0,2
BRDA:73,0,1,6
BRDA:84,1,0,0
BRDA:84,1,1,24
BRDA:94,2,0,0
BRDA:94,2,1,24
BRDA:96,3,0,0
BRF:7
BRH:4
end_of_record
TN:
SF:src\features\tasks\TasksPage.jsx
FN:19,TasksPage
FN:22,(anonymous_3)
FN:23,(anonymous_4)
FN:25,(anonymous_5)
FN:45,(anonymous_6)
FN:47,(anonymous_7)
FN:51,(anonymous_8)
FN:55,(anonymous_9)
FN:60,(anonymous_10)
FN:64,(anonymous_11)
FN:67,(anonymous_12)
FN:93,(anonymous_13)
FN:100,(anonymous_14)
FN:101,(anonymous_15)
FN:103,(anonymous_16)
FN:105,(anonymous_17)
FN:110,(anonymous_18)
FN:115,(anonymous_19)
FN:117,(anonymous_20)
FN:118,(anonymous_21)
FN:118,(anonymous_22)
FN:121,(anonymous_23)
FN:131,(anonymous_24)
FN:157,(anonymous_25)
FN:167,(anonymous_26)
FN:172,(anonymous_27)
FN:175,(anonymous_28)
FN:206,(anonymous_29)
FN:207,(anonymous_30)
FN:213,(anonymous_31)
FN:230,(anonymous_32)
FN:236,(anonymous_33)
FN:242,(anonymous_34)
FN:243,(anonymous_35)
FN:249,(anonymous_36)
FN:261,(anonymous_37)
FN:267,(anonymous_38)
FN:284,(anonymous_39)
FN:294,(anonymous_40)
FN:316,(anonymous_41)
FN:320,(anonymous_42)
FN:326,(anonymous_43)
FN:372,(anonymous_44)
FN:391,(anonymous_45)
FN:413,(anonymous_46)
FN:417,(anonymous_47)
FN:418,(anonymous_48)
FNF:47
FNH:19
FNDA:13,TasksPage
FNDA:17,(anonymous_3)
FNDA:17,(anonymous_4)
FNDA:17,(anonymous_5)
FNDA:4,(anonymous_6)
FNDA:0,(anonymous_7)
FNDA:3,(anonymous_8)
FNDA:0,(anonymous_9)
FNDA:0,(anonymous_10)
FNDA:1,(anonymous_11)
FNDA:1,(anonymous_12)
FNDA:14,(anonymous_13)
FNDA:0,(anonymous_14)
FNDA:0,(anonymous_15)
FNDA:14,(anonymous_16)
FNDA:14,(anonymous_17)
FNDA:6,(anonymous_18)
FNDA:0,(anonymous_19)
FNDA:0,(anonymous_20)
FNDA:0,(anonymous_21)
FNDA:0,(anonymous_22)
FNDA:0,(anonymous_23)
FNDA:0,(anonymous_24)
FNDA:1,(anonymous_25)
FNDA:0,(anonymous_26)
FNDA:52,(anonymous_27)
FNDA:0,(anonymous_28)
FNDA:0,(anonymous_29)
FNDA:1,(anonymous_30)
FNDA:0,(anonymous_31)
FNDA:0,(anonymous_32)
FNDA:0,(anonymous_33)
FNDA:0,(anonymous_34)
FNDA:0,(anonymous_35)
FNDA:0,(anonymous_36)
FNDA:0,(anonymous_37)
FNDA:0,(anonymous_38)
FNDA:14,(anonymous_39)
FNDA:6,(anonymous_40)
FNDA:0,(anonymous_41)
FNDA:0,(anonymous_42)
FNDA:0,(anonymous_43)
FNDA:1,(anonymous_44)
FNDA:0,(anonymous_45)
FNDA:0,(anonymous_46)
FNDA:14,(anonymous_47)
FNDA:0,(anonymous_48)
DA:1,2
DA:2,2
DA:3,2
DA:4,2
DA:5,2
DA:6,2
DA:7,2
DA:8,2
DA:9,2
DA:10,2
DA:11,2
DA:12,2
DA:13,2
DA:14,2
DA:15,2
DA:16,2
DA:17,2
DA:19,2
DA:20,13
DA:21,13
DA:22,17
DA:23,17
DA:24,13
DA:25,17
DA:27,13
DA:28,13
DA:29,13
DA:30,13
DA:31,13
DA:32,13
DA:33,13
DA:34,13
DA:36,13
DA:37,13
DA:38,13
DA:39,13
DA:40,13
DA:45,13
DA:46,4
DA:47,4
DA:48,4
DA:51,13
DA:52,3
DA:53,1
DA:55,1
DA:56,0
DA:57,0
DA:60,1
DA:61,0
DA:64,1
DA:67,13
DA:68,1
DA:69,1
DA:70,0
DA:71,0
DA:72,0
DA:73,0
DA:74,0
DA:76,0
DA:78,1
DA:79,1
DA:80,1
DA:81,1
DA:82,1
DA:83,1
DA:84,1
DA:85,1
DA:86,1
DA:88,0
DA:90,0
DA:93,13
DA:94,14
DA:95,14
DA:96,8
DA:97,0
DA:100,13
DA:101,0
DA:103,13
DA:104,14
DA:106,14
DA:110,13
DA:111,6
DA:112,3
DA:115,13
DA:117,13
DA:118,0
DA:121,13
DA:122,0
DA:123,0
DA:124,0
DA:125,0
DA:127,0
DA:128,0
DA:131,13
DA:132,0
DA:133,0
DA:134,0
DA:135,0
DA:136,0
DA:137,0
DA:139,0
DA:157,1
DA:167,0
DA:173,52
DA:175,0
DA:206,0
DA:207,1
DA:213,0
DA:231,0
DA:232,0
DA:236,0
DA:243,0
DA:244,0
DA:245,0
DA:249,0
DA:261,0
DA:267,0
DA:285,14
DA:286,14
DA:287,14
DA:288,14
DA:289,14
DA:291,14
DA:294,6
DA:317,0
DA:318,0
DA:320,0
DA:326,0
DA:373,1
DA:374,1
DA:392,0
DA:393,0
DA:413,0
DA:417,14
DA:418,0
LF:135
LH:87
BRDA:39,0,0,13
BRDA:39,0,1,9
BRDA:39,0,2,9
BRDA:39,1,0,5
BRDA:39,1,1,4
BRDA:47,2,0,0
BRDA:47,2,1,4
BRDA:52,3,0,2
BRDA:52,3,1,1
BRDA:53,4,0,0
BRDA:53,4,1,1
BRDA:57,5,0,0
BRDA:57,5,1,0
BRDA:69,6,0,0
BRDA:69,6,1,1
BRDA:69,7,0,1
BRDA:69,7,1,1
BRDA:70,8,0,0
BRDA:70,8,1,0
BRDA:72,9,0,0
BRDA:72,9,1,0
BRDA:73,10,0,0
BRDA:73,10,1,0
BRDA:79,11,0,1
BRDA:79,11,1,0
BRDA:81,12,0,1
BRDA:81,12,1,0
BRDA:85,13,0,1
BRDA:85,13,1,0
BRDA:88,14,0,0
BRDA:88,14,1,0
BRDA:94,15,0,0
BRDA:94,15,1,14
BRDA:95,16,0,6
BRDA:95,16,1,8
BRDA:96,17,0,8
BRDA:96,17,1,0
BRDA:101,18,0,0
BRDA:101,18,1,0
BRDA:101,19,0,0
BRDA:101,19,1,0
BRDA:106,20,0,14
BRDA:106,20,1,0
BRDA:107,21,0,14
BRDA:107,21,1,14
BRDA:111,22,0,3
BRDA:111,22,1,3
BRDA:118,23,0,0
BRDA:118,23,1,0
BRDA:123,24,0,0
BRDA:123,24,1,0
BRDA:124,25,0,0
BRDA:124,25,1,0
BRDA:127,26,0,0
BRDA:127,26,1,0
BRDA:132,27,0,0
BRDA:132,27,1,0
BRDA:133,28,0,0
BRDA:133,28,1,0
BRDA:135,29,0,0
BRDA:135,29,1,0
BRDA:136,30,0,0
BRDA:136,30,1,0
BRDA:147,31,0,7
BRDA:147,31,1,6
BRDA:149,32,0,0
BRDA:149,32,1,6
BRDA:156,33,0,13
BRDA:168,34,0,13
BRDA:168,34,1,0
BRDA:176,35,0,0
BRDA:176,35,1,52
BRDA:186,36,0,13
BRDA:186,36,1,9
BRDA:196,37,0,5
BRDA:196,37,1,4
BRDA:203,38,0,4
BRDA:212,39,0,0
BRDA:212,39,1,5
BRDA:222,40,0,13
BRDA:231,41,0,0
BRDA:231,41,1,0
BRDA:238,42,0,0
BRDA:243,43,0,0
BRDA:243,43,1,0
BRDA:244,44,0,0
BRDA:244,44,1,0
BRDA:244,45,0,0
BRDA:244,45,1,0
BRDA:249,46,0,0
BRDA:249,46,1,0
BRDA:249,47,0,0
BRDA:249,47,1,0
BRDA:276,48,0,5
BRDA:285,49,0,14
BRDA:285,49,1,0
BRDA:301,50,0,1
BRDA:301,50,1,13
BRDA:306,51,0,14
BRDA:342,52,0,14
BRDA:342,52,1,0
BRDA:344,53,0,14
BRDA:349,54,0,14
BRDA:352,55,0,0
BRDA:352,55,1,0
BRDA:352,56,0,0
BRDA:352,56,1,0
BRDA:370,57,0,8
BRDA:388,58,0,14
BRDA:417,59,0,14
BRDA:417,59,1,14
BRF:111
BRH:49
end_of_record
TN:
SF:src\features\tasks\components\EmployeeTaskUpdate.jsx
FN:17,EmployeeTaskUpdate
FN:19,(anonymous_2)
FN:30,(anonymous_3)
FN:53,(anonymous_4)
FN:69,(anonymous_5)
FN:86,(anonymous_6)
FN:143,(anonymous_7)
FN:147,(anonymous_8)
FN:196,(anonymous_9)
FN:197,(anonymous_10)
FNF:10
FNH:8
FNDA:27,EmployeeTaskUpdate
FNDA:35,(anonymous_2)
FNDA:3,(anonymous_3)
FNDA:0,(anonymous_4)
FNDA:1,(anonymous_5)
FNDA:0,(anonymous_6)
FNDA:108,(anonymous_7)
FNDA:3,(anonymous_8)
FNDA:10,(anonymous_9)
FNDA:10,(anonymous_10)
DA:1,3
DA:2,3
DA:3,3
DA:4,3
DA:5,3
DA:6,3
DA:7,3
DA:17,8
DA:18,27
DA:19,35
DA:21,27
DA:22,27
DA:23,27
DA:24,27
DA:25,27
DA:27,27
DA:30,27
DA:31,3
DA:32,3
DA:33,3
DA:34,3
DA:37,2
DA:38,2
DA:40,1
DA:42,1
DA:43,1
DA:45,0
DA:48,3
DA:53,27
DA:54,0
DA:55,0
DA:56,0
DA:59,0
DA:60,0
DA:62,0
DA:64,0
DA:69,27
DA:70,1
DA:71,1
DA:72,1
DA:73,1
DA:76,1
DA:77,1
DA:79,0
DA:81,1
DA:86,27
DA:87,0
DA:88,0
DA:89,0
DA:90,0
DA:91,0
DA:92,0
DA:93,0
DA:94,0
DA:96,0
DA:98,0
DA:144,108
DA:147,3
DA:196,10
DA:198,10
DA:199,0
DA:200,0
LF:62
LH:41
BRDA:21,0,0,27
BRDA:21,0,1,0
BRDA:31,1,0,0
BRDA:31,1,1,3
BRDA:35,2,0,3
BRDA:35,2,1,0
BRDA:40,3,0,1
BRDA:40,3,1,1
BRDA:42,4,0,1
BRDA:42,4,1,0
BRDA:45,5,0,0
BRDA:45,5,1,0
BRDA:57,6,0,0
BRDA:57,6,1,0
BRDA:62,7,0,0
BRDA:62,7,1,0
BRDA:70,8,0,0
BRDA:70,8,1,1
BRDA:74,9,0,1
BRDA:74,9,1,0
BRDA:89,10,0,0
BRDA:89,10,1,0
BRDA:92,11,0,0
BRDA:92,11,1,0
BRDA:96,12,0,0
BRDA:96,12,1,0
BRDA:122,13,0,27
BRDA:138,14,0,27
BRDA:149,15,0,27
BRDA:149,15,1,81
BRDA:162,16,0,27
BRDA:162,16,1,23
BRDA:164,17,0,4
BRDA:164,17,1,23
BRDA:198,18,0,0
BRDA:198,18,1,10
BRDA:198,19,0,10
BRDA:198,19,1,0
BRDA:207,20,0,27
BRDA:207,20,1,11
BRDA:220,21,0,0
BRDA:220,21,1,27
BRDA:223,22,0,27
BRDA:225,23,0,0
BRDA:225,23,1,0
BRF:45
BRH:22
end_of_record
TN:
SF:src\features\tasks\components\TaskDetailsDrawer.jsx
FN:16,relativeTime
FN:29,getPriorityConfig
FN:36,getStatusConfig
FN:43,MetaRow
FN:55,Avatar
FN:56,(anonymous_7)
FN:64,MentionText
FN:66,(anonymous_9)
FN:73,formatFileSize
FN:80,getAttachmentIcon
FN:87,TaskDetailsDrawer
FN:89,(anonymous_13)
FN:90,(anonymous_14)
FN:91,(anonymous_15)
FN:92,(anonymous_16)
FN:100,(anonymous_17)
FN:108,(anonymous_18)
FN:111,(anonymous_19)
FN:115,(anonymous_20)
FN:121,(anonymous_21)
FN:126,(anonymous_22)
FN:127,(anonymous_23)
FN:128,(anonymous_24)
FN:138,(anonymous_25)
FN:140,(anonymous_26)
FN:143,(anonymous_27)
FN:146,(anonymous_28)
FN:150,(anonymous_29)
FN:157,(anonymous_30)
FN:166,(anonymous_31)
FN:174,(anonymous_32)
FN:189,(anonymous_33)
FN:196,(anonymous_34)
FN:205,(anonymous_35)
FN:210,(anonymous_36)
FN:279,(anonymous_37)
FN:282,(anonymous_38)
FN:372,(anonymous_39)
FN:400,(anonymous_40)
FN:401,(anonymous_41)
FN:447,(anonymous_42)
FN:458,(anonymous_43)
FN:467,(anonymous_44)
FN:482,(anonymous_45)
FN:491,(anonymous_46)
FN:501,(anonymous_47)
FN:529,(anonymous_48)
FNF:47
FNH:12
FNDA:0,relativeTime
FNDA:12,getPriorityConfig
FNDA:12,getStatusConfig
FNDA:0,MetaRow
FNDA:0,Avatar
FNDA:0,(anonymous_7)
FNDA:0,MentionText
FNDA:0,(anonymous_9)
FNDA:0,formatFileSize
FNDA:0,getAttachmentIcon
FNDA:12,TaskDetailsDrawer
FNDA:16,(anonymous_13)
FNDA:16,(anonymous_14)
FNDA:16,(anonymous_15)
FNDA:16,(anonymous_16)
FNDA:2,(anonymous_17)
FNDA:0,(anonymous_18)
FNDA:0,(anonymous_19)
FNDA:0,(anonymous_20)
FNDA:2,(anonymous_21)
FNDA:0,(anonymous_22)
FNDA:0,(anonymous_23)
FNDA:0,(anonymous_24)
FNDA:2,(anonymous_25)
FNDA:2,(anonymous_26)
FNDA:2,(anonymous_27)
FNDA:0,(anonymous_28)
FNDA:0,(anonymous_29)
FNDA:0,(anonymous_30)
FNDA:0,(anonymous_31)
FNDA:0,(anonymous_32)
FNDA:0,(anonymous_33)
FNDA:0,(anonymous_34)
FNDA:0,(anonymous_35)
FNDA:0,(anonymous_36)
FNDA:0,(anonymous_37)
FNDA:0,(anonymous_38)
FNDA:0,(anonymous_39)
FNDA:0,(anonymous_40)
FNDA:0,(anonymous_41)
FNDA:0,(anonymous_42)
FNDA:0,(anonymous_43)
FNDA:0,(anonymous_44)
FNDA:0,(anonymous_45)
FNDA:0,(anonymous_46)
FNDA:0,(anonymous_47)
FNDA:0,(anonymous_48)
DA:1,2
DA:2,2
DA:3,2
DA:4,2
DA:5,2
DA:6,2
DA:7,2
DA:8,2
DA:13,2
DA:17,0
DA:18,0
DA:19,0
DA:20,0
DA:21,0
DA:22,0
DA:23,0
DA:24,0
DA:25,0
DA:26,0
DA:30,12
DA:31,12
DA:32,12
DA:33,12
DA:37,12
DA:38,12
DA:39,12
DA:40,12
DA:56,0
DA:65,0
DA:66,0
DA:67,0
DA:74,0
DA:75,0
DA:76,0
DA:77,0
DA:81,0
DA:82,0
DA:83,0
DA:87,13
DA:88,12
DA:89,16
DA:90,16
DA:91,16
DA:92,16
DA:93,12
DA:94,12
DA:95,12
DA:96,12
DA:97,12
DA:98,12
DA:100,12
DA:101,2
DA:102,2
DA:103,2
DA:104,2
DA:105,2
DA:107,0
DA:109,0
DA:112,0
DA:115,0
DA:116,0
DA:120,12
DA:121,12
DA:122,2
DA:123,0
DA:124,0
DA:125,0
DA:126,0
DA:127,0
DA:128,0
DA:130,0
DA:137,12
DA:138,12
DA:139,2
DA:140,2
DA:142,12
DA:143,12
DA:144,2
DA:145,0
DA:146,0
DA:150,12
DA:151,0
DA:152,0
DA:153,0
DA:154,0
DA:155,0
DA:156,0
DA:157,0
DA:158,0
DA:160,0
DA:162,0
DA:166,12
DA:167,0
DA:168,0
DA:169,0
DA:171,0
DA:174,12
DA:175,0
DA:176,0
DA:177,0
DA:178,0
DA:180,0
DA:181,0
DA:182,0
DA:183,0
DA:184,0
DA:185,0
DA:186,0
DA:189,12
DA:190,0
DA:191,0
DA:192,0
DA:193,0
DA:196,0
DA:197,0
DA:199,0
DA:201,0
DA:205,12
DA:206,0
DA:207,0
DA:208,0
DA:209,0
DA:210,0
DA:218,0
DA:219,0
DA:222,12
DA:223,12
DA:225,12
DA:280,0
DA:282,0
DA:373,0
DA:400,0
DA:402,0
DA:448,0
DA:449,0
DA:450,0
DA:458,0
DA:467,0
DA:482,0
DA:491,0
DA:501,0
DA:530,0
LF:142
LH:53
BRDA:17,0,0,0
BRDA:17,0,1,0
BRDA:22,1,0,0
BRDA:22,1,1,0
BRDA:23,2,0,0
BRDA:23,2,1,0
BRDA:24,3,0,0
BRDA:24,3,1,0
BRDA:25,4,0,0
BRDA:25,4,1,0
BRDA:30,5,0,0
BRDA:30,5,1,12
BRDA:31,6,0,0
BRDA:31,6,1,12
BRDA:32,7,0,0
BRDA:32,7,1,12
BRDA:37,8,0,0
BRDA:37,8,1,12
BRDA:38,9,0,0
BRDA:38,9,1,12
BRDA:39,10,0,0
BRDA:39,10,1,12
BRDA:56,11,0,0
BRDA:56,11,1,0
BRDA:65,12,0,0
BRDA:65,12,1,0
BRDA:67,13,0,0
BRDA:67,13,1,0
BRDA:74,14,0,0
BRDA:74,14,1,0
BRDA:75,15,0,0
BRDA:75,15,1,0
BRDA:76,16,0,0
BRDA:76,16,1,0
BRDA:80,17,0,0
BRDA:81,18,0,0
BRDA:81,18,1,0
BRDA:82,19,0,0
BRDA:82,19,1,0
BRDA:82,20,0,0
BRDA:82,20,1,0
BRDA:90,21,0,16
BRDA:90,21,1,0
BRDA:91,22,0,16
BRDA:91,22,1,0
BRDA:92,23,0,16
BRDA:92,23,1,0
BRDA:102,24,0,2
BRDA:102,24,1,2
BRDA:103,25,0,2
BRDA:103,25,1,2
BRDA:105,26,0,2
BRDA:105,26,1,0
BRDA:109,27,0,0
BRDA:109,27,1,0
BRDA:112,28,0,0
BRDA:112,28,1,0
BRDA:120,29,0,12
BRDA:120,29,1,12
BRDA:122,30,0,2
BRDA:122,30,1,0
BRDA:123,31,0,0
BRDA:123,31,1,0
BRDA:124,32,0,0
BRDA:124,32,1,0
BRDA:125,33,0,0
BRDA:125,33,1,0
BRDA:126,34,0,0
BRDA:126,34,1,0
BRDA:127,35,0,0
BRDA:127,35,1,0
BRDA:128,36,0,0
BRDA:128,36,1,0
BRDA:132,37,0,0
BRDA:132,37,1,0
BRDA:132,37,2,0
BRDA:133,38,0,0
BRDA:133,38,1,0
BRDA:133,38,2,0
BRDA:134,39,0,0
BRDA:134,39,1,0
BRDA:134,39,2,0
BRDA:137,40,0,12
BRDA:137,40,1,12
BRDA:139,41,0,2
BRDA:139,41,1,2
BRDA:140,42,0,2
BRDA:140,42,1,2
BRDA:140,43,0,2
BRDA:140,43,1,0
BRDA:144,44,0,2
BRDA:144,44,1,0
BRDA:146,45,0,0
BRDA:146,45,1,0
BRDA:153,46,0,0
BRDA:153,46,1,0
BRDA:153,47,0,0
BRDA:153,47,1,0
BRDA:157,48,0,0
BRDA:157,48,1,0
BRDA:160,49,0,0
BRDA:160,49,1,0
BRDA:167,50,0,0
BRDA:167,50,1,0
BRDA:175,51,0,0
BRDA:175,51,1,0
BRDA:176,52,0,0
BRDA:176,52,1,0
BRDA:182,53,0,0
BRDA:182,53,1,0
BRDA:190,54,0,0
BRDA:190,54,1,0
BRDA:190,55,0,0
BRDA:190,55,1,0
BRDA:196,56,0,0
BRDA:196,56,1,0
BRDA:199,57,0,0
BRDA:199,57,1,0
BRDA:206,58,0,0
BRDA:206,58,1,0
BRDA:209,59,0,0
BRDA:209,59,1,0
BRDA:210,60,0,0
BRDA:210,60,1,0
BRDA:213,61,0,0
BRDA:213,61,1,0
BRDA:214,62,0,0
BRDA:214,62,1,0
BRDA:225,63,0,12
BRDA:225,63,1,0
BRDA:225,63,2,0
BRDA:229,64,0,12
BRDA:254,65,0,0
BRDA:257,66,0,0
BRDA:276,67,0,0
BRDA:276,67,1,0
BRDA:277,68,0,0
BRDA:277,68,1,0
BRDA:284,69,0,0
BRDA:284,69,1,0
BRDA:298,70,0,0
BRDA:302,71,0,0
BRDA:316,72,0,0
BRDA:325,73,0,0
BRDA:328,74,0,0
BRDA:338,75,0,0
BRDA:338,76,0,0
BRDA:338,76,1,0
BRDA:339,77,0,0
BRDA:343,78,0,0
BRDA:353,79,0,0
BRDA:353,79,1,0
BRDA:362,80,0,0
BRDA:365,81,0,0
BRDA:365,81,1,0
BRDA:372,82,0,0
BRDA:372,82,1,0
BRDA:374,83,0,0
BRDA:374,83,1,0
BRDA:374,83,2,0
BRDA:378,84,0,0
BRDA:378,84,1,0
BRDA:378,84,2,0
BRDA:383,85,0,0
BRDA:383,85,1,0
BRDA:373,86,0,0
BRDA:373,86,1,0
BRDA:402,87,0,0
BRDA:402,87,1,0
BRDA:402,88,0,0
BRDA:402,88,1,0
BRDA:407,89,0,0
BRDA:407,89,1,0
BRDA:421,90,0,0
BRDA:424,91,0,0
BRDA:426,92,0,0
BRDA:426,92,1,0
BRDA:430,93,0,0
BRDA:431,94,0,0
BRDA:431,94,1,0
BRDA:438,95,0,0
BRDA:442,96,0,0
BRDA:442,96,1,0
BRDA:474,97,0,0
BRDA:474,97,1,0
BRDA:474,98,0,0
BRDA:474,98,1,0
BRDA:474,99,0,0
BRDA:474,99,1,0
BRDA:492,100,0,0
BRDA:492,100,1,0
BRDA:498,101,0,0
BRDA:506,102,0,0
BRDA:514,103,0,0
BRDA:514,103,1,0
BRDA:514,104,0,0
BRDA:514,104,1,0
BRDA:524,105,0,0
BRDA:526,106,0,0
BRDA:526,106,1,0
BRDA:532,107,0,0
BRDA:532,107,1,0
BRDA:532,108,0,0
BRDA:532,108,1,0
BRDA:532,109,0,0
BRDA:532,109,1,0
BRDA:530,110,0,0
BRDA:530,110,1,0
BRF:208
BRH:27
end_of_record
TN:
SF:src\features\tasks\components\TaskForm.jsx
FN:12,(anonymous_5)
FN:27,(anonymous_6)
FN:34,TaskForm
FN:35,(anonymous_8)
FN:36,(anonymous_9)
FN:37,(anonymous_10)
FN:46,(anonymous_11)
FN:54,(anonymous_12)
FN:55,(anonymous_13)
FN:64,(anonymous_14)
FN:65,(anonymous_15)
FN:69,(anonymous_16)
FN:100,(anonymous_17)
FN:101,(anonymous_18)
FN:102,(anonymous_19)
FNF:15
FNH:15
FNDA:19,(anonymous_5)
FNDA:3,(anonymous_6)
FNDA:18,TaskForm
FNDA:23,(anonymous_8)
FNDA:23,(anonymous_9)
FNDA:23,(anonymous_10)
FNDA:26,(anonymous_11)
FNDA:84,(anonymous_12)
FNDA:40,(anonymous_13)
FNDA:30,(anonymous_14)
FNDA:18,(anonymous_15)
FNDA:18,(anonymous_16)
FNDA:1,(anonymous_17)
FNDA:1,(anonymous_18)
FNDA:2,(anonymous_19)
DA:1,3
DA:2,3
DA:3,3
DA:4,3
DA:5,3
DA:6,3
DA:7,3
DA:8,3
DA:9,3
DA:10,3
DA:12,3
DA:13,19
DA:14,19
DA:15,19
DA:18,3
DA:28,3
DA:29,1
DA:34,8
DA:35,23
DA:36,23
DA:37,23
DA:39,18
DA:44,18
DA:45,18
DA:46,26
DA:51,18
DA:54,84
DA:55,40
DA:61,18
DA:64,30
DA:65,18
DA:69,18
DA:70,18
DA:71,6
DA:73,12
DA:74,12
DA:75,8
DA:77,4
DA:79,0
DA:80,0
DA:82,0
DA:85,18
DA:87,18
DA:100,18
DA:101,1
DA:102,2
DA:103,1
DA:108,1
LF:48
LH:45
BRDA:28,0,0,2
BRDA:28,0,1,1
BRDA:35,1,0,23
BRDA:35,1,1,0
BRDA:36,2,0,23
BRDA:36,2,1,0
BRDA:46,3,0,26
BRDA:46,3,1,0
BRDA:54,4,0,84
BRDA:54,4,1,72
BRDA:55,5,0,40
BRDA:55,5,1,0
BRDA:65,6,0,18
BRDA:65,6,1,0
BRDA:70,7,0,6
BRDA:70,7,1,12
BRDA:73,8,0,12
BRDA:73,8,1,0
BRDA:74,9,0,8
BRDA:74,9,1,4
BRDA:79,10,0,0
BRDA:79,10,1,0
BRDA:87,11,0,0
BRDA:87,11,1,18
BRDA:101,12,0,1
BRDA:101,12,1,0
BRDA:102,13,0,2
BRDA:102,13,1,0
BRDA:105,14,0,1
BRDA:105,14,1,0
BRDA:106,15,0,1
BRDA:106,15,1,0
BRDA:129,16,0,18
BRDA:159,17,0,3
BRDA:159,17,1,15
BRF:35
BRH:22
end_of_record
TN:
SF:src\features\tasks\utils\taskPayload.js
FN:14,buildTaskMutationPayload
FN:15,(anonymous_2)
FNF:2
FNH:2
FNDA:2,buildTaskMutationPayload
FNDA:20,(anonymous_2)
DA:1,3
DA:14,2
DA:15,2
DA:16,20
DA:17,17
DA:19,20
LF:6
LH:6
BRDA:14,0,0,0
BRDA:16,1,0,17
BRDA:16,1,1,3
BRF:3
BRH:2
end_of_record
TN:
SF:src\features\users\UsersPage.jsx
FN:16,UsersPage
FN:19,(anonymous_6)
FN:20,(anonymous_7)
FN:21,(anonymous_8)
FN:35,(anonymous_9)
FN:40,(anonymous_10)
FN:48,(anonymous_11)
FN:52,(anonymous_12)
FN:57,(anonymous_13)
FN:61,(anonymous_14)
FN:68,(anonymous_15)
FN:69,(anonymous_16)
FN:75,(anonymous_17)
FN:76,(anonymous_18)
FN:82,(anonymous_19)
FN:83,(anonymous_20)
FN:91,(anonymous_21)
FN:104,resolveManagerName
FN:115,resolveManager
FN:133,(anonymous_24)
FN:145,(anonymous_25)
FN:161,(anonymous_26)
FN:182,(anonymous_27)
FN:223,(anonymous_28)
FN:233,(anonymous_29)
FN:323,(anonymous_30)
FN:338,(anonymous_31)
FN:342,(anonymous_32)
FN:348,(anonymous_33)
FN:381,(anonymous_34)
FN:382,(anonymous_35)
FN:391,(anonymous_36)
FN:396,(anonymous_37)
FN:400,(anonymous_38)
FN:405,(anonymous_39)
FNF:35
FNH:23
FNDA:8,UsersPage
FNDA:14,(anonymous_6)
FNDA:14,(anonymous_7)
FNDA:14,(anonymous_8)
FNDA:20,(anonymous_9)
FNDA:5,(anonymous_10)
FNDA:4,(anonymous_11)
FNDA:0,(anonymous_12)
FNDA:0,(anonymous_13)
FNDA:1,(anonymous_14)
FNDA:5,(anonymous_15)
FNDA:8,(anonymous_16)
FNDA:5,(anonymous_17)
FNDA:8,(anonymous_18)
FNDA:5,(anonymous_19)
FNDA:8,(anonymous_20)
FNDA:5,(anonymous_21)
FNDA:10,resolveManagerName
FNDA:10,resolveManager
FNDA:0,(anonymous_24)
FNDA:10,(anonymous_25)
FNDA:10,(anonymous_26)
FNDA:0,(anonymous_27)
FNDA:10,(anonymous_28)
FNDA:20,(anonymous_29)
FNDA:0,(anonymous_30)
FNDA:1,(anonymous_31)
FNDA:1,(anonymous_32)
FNDA:0,(anonymous_33)
FNDA:0,(anonymous_34)
FNDA:0,(anonymous_35)
FNDA:0,(anonymous_36)
FNDA:0,(anonymous_37)
FNDA:0,(anonymous_38)
FNDA:0,(anonymous_39)
DA:1,2
DA:2,2
DA:3,2
DA:4,2
DA:5,2
DA:6,2
DA:7,2
DA:8,2
DA:9,2
DA:10,2
DA:11,2
DA:12,2
DA:13,2
DA:14,2
DA:16,3
DA:17,8
DA:18,8
DA:19,14
DA:20,14
DA:21,14
DA:23,8
DA:24,8
DA:25,8
DA:27,8
DA:28,8
DA:29,8
DA:30,8
DA:35,8
DA:36,20
DA:37,10
DA:40,8
DA:41,5
DA:42,1
DA:48,8
DA:49,4
DA:50,1
DA:52,1
DA:53,0
DA:54,0
DA:57,1
DA:58,0
DA:61,1
DA:62,1
DA:63,1
DA:68,8
DA:69,5
DA:70,8
DA:71,8
DA:75,8
DA:76,5
DA:77,8
DA:78,8
DA:82,8
DA:83,8
DA:90,8
DA:91,5
DA:96,8
DA:105,10
DA:106,4
DA:108,4
DA:109,4
DA:110,4
DA:112,0
DA:116,10
DA:117,4
DA:118,4
DA:133,0
DA:145,10
DA:161,10
DA:182,0
DA:224,10
DA:225,10
DA:226,10
DA:227,10
DA:228,10
DA:230,10
DA:233,20
DA:323,0
DA:339,1
DA:340,1
DA:343,1
DA:344,1
DA:349,0
DA:381,0
DA:383,0
DA:384,0
DA:386,0
DA:388,0
DA:389,0
DA:392,0
DA:393,0
DA:394,0
DA:396,0
DA:398,0
DA:401,0
DA:402,0
DA:403,0
DA:405,0
LF:98
LH:75
BRDA:29,0,0,8
BRDA:29,0,1,8
BRDA:29,0,2,8
BRDA:29,1,0,0
BRDA:29,1,1,8
BRDA:31,2,0,8
BRDA:31,2,1,0
BRDA:36,3,0,10
BRDA:36,3,1,10
BRDA:41,4,0,1
BRDA:41,4,1,4
BRDA:41,5,0,5
BRDA:41,5,1,2
BRDA:49,6,0,3
BRDA:49,6,1,1
BRDA:50,7,0,0
BRDA:50,7,1,1
BRDA:54,8,0,0
BRDA:54,8,1,0
BRDA:70,9,0,8
BRDA:70,9,1,0
BRDA:77,10,0,8
BRDA:77,10,1,0
BRDA:85,11,0,8
BRDA:85,11,1,0
BRDA:85,12,0,8
BRDA:85,12,1,0
BRDA:96,13,0,4
BRDA:96,13,1,4
BRDA:96,14,0,8
BRDA:96,14,1,5
BRDA:105,15,0,6
BRDA:105,15,1,4
BRDA:106,16,0,0
BRDA:106,16,1,4
BRDA:106,17,0,4
BRDA:106,17,1,0
BRDA:108,18,0,4
BRDA:108,18,1,0
BRDA:110,19,0,4
BRDA:110,19,1,0
BRDA:116,20,0,6
BRDA:116,20,1,4
BRDA:117,21,0,0
BRDA:117,21,1,4
BRDA:118,22,0,4
BRDA:118,22,1,0
BRDA:124,23,0,7
BRDA:124,23,1,1
BRDA:126,24,0,7
BRDA:126,24,1,1
BRDA:132,25,0,8
BRDA:149,26,0,4
BRDA:154,27,0,0
BRDA:154,27,1,4
BRDA:171,28,0,8
BRDA:189,29,0,2
BRDA:188,30,0,8
BRDA:188,30,1,2
BRDA:191,31,0,1
BRDA:193,32,0,1
BRDA:193,32,1,0
BRDA:194,33,0,0
BRDA:194,33,1,1
BRDA:198,34,0,1
BRDA:198,34,1,0
BRDA:199,35,0,0
BRDA:199,35,1,1
BRDA:217,36,0,5
BRDA:224,37,0,10
BRDA:224,37,1,0
BRDA:235,38,0,1
BRDA:235,38,1,9
BRDA:266,39,0,9
BRDA:277,40,0,4
BRDA:276,41,0,10
BRDA:276,41,1,4
BRDA:300,42,0,0
BRDA:314,43,0,8
BRDA:314,43,1,2
BRDA:315,44,0,8
BRDA:315,44,1,2
BRDA:320,45,0,10
BRDA:329,46,0,6
BRDA:329,46,1,2
BRDA:334,47,0,6
BRDA:334,47,1,2
BRDA:339,48,0,1
BRDA:339,48,1,0
BRDA:345,49,0,0
BRDA:345,49,1,1
BRDA:349,50,0,0
BRDA:349,50,1,0
BRDA:353,51,0,6
BRDA:353,51,1,2
BRDA:368,52,0,8
BRDA:368,52,1,0
BRDA:373,53,0,0
BRDA:373,53,1,0
BRDA:378,54,0,0
BRDA:378,54,1,0
BRDA:384,55,0,0
BRDA:384,55,1,0
BRDA:386,56,0,0
BRDA:386,56,1,0
BRDA:388,57,0,0
BRDA:388,57,1,0
BRDA:388,58,0,0
BRDA:388,58,1,0
BRDA:389,59,0,0
BRDA:389,59,1,0
BRDA:393,60,0,0
BRDA:393,60,1,0
BRDA:396,61,0,0
BRDA:396,61,1,0
BRDA:402,62,0,0
BRDA:402,62,1,0
BRDA:405,63,0,0
BRDA:405,63,1,0
BRF:119
BRH:70
end_of_record
TN:
SF:src\features\users\components\UserForm.jsx
FN:13,(anonymous_4)
FN:21,resolveManagerId
FN:34,(anonymous_6)
FN:35,(anonymous_7)
FN:36,(anonymous_8)
FN:40,(anonymous_9)
FN:41,(anonymous_10)
FN:45,(anonymous_11)
FN:46,(anonymous_12)
FN:50,UserForm
FN:53,(anonymous_14)
FN:73,(anonymous_15)
FN:81,(anonymous_16)
FN:84,(anonymous_17)
FN:91,(anonymous_18)
FN:158,(anonymous_19)
FNF:16
FNH:15
FNDA:11,(anonymous_4)
FNDA:11,resolveManagerId
FNDA:4,(anonymous_6)
FNDA:2,(anonymous_7)
FNDA:2,(anonymous_8)
FNDA:2,(anonymous_9)
FNDA:2,(anonymous_10)
FNDA:2,(anonymous_11)
FNDA:2,(anonymous_12)
FNDA:11,UserForm
FNDA:14,(anonymous_14)
FNDA:44,(anonymous_15)
FNDA:21,(anonymous_16)
FNDA:33,(anonymous_17)
FNDA:44,(anonymous_18)
FNDA:0,(anonymous_19)
DA:1,3
DA:2,3
DA:3,3
DA:4,3
DA:5,3
DA:6,3
DA:7,3
DA:8,3
DA:9,3
DA:11,3
DA:13,11
DA:22,11
DA:23,0
DA:24,0
DA:25,0
DA:26,0
DA:29,3
DA:34,4
DA:35,2
DA:36,2
DA:40,2
DA:41,2
DA:45,2
DA:46,2
DA:50,3
DA:51,11
DA:52,11
DA:53,14
DA:55,11
DA:68,11
DA:69,11
DA:72,11
DA:74,44
DA:79,11
DA:81,21
DA:84,33
DA:89,11
DA:91,44
DA:94,11
DA:95,11
DA:158,0
LF:41
LH:36
BRDA:13,0,0,11
BRDA:13,0,1,7
BRDA:22,1,0,11
BRDA:22,1,1,0
BRDA:23,2,0,0
BRDA:23,2,1,0
BRDA:23,3,0,0
BRDA:23,3,1,0
BRDA:24,4,0,0
BRDA:24,4,1,0
BRDA:24,5,0,0
BRDA:24,5,1,0
BRDA:25,6,0,0
BRDA:25,6,1,0
BRDA:34,7,0,4
BRDA:34,7,1,4
BRDA:53,8,0,14
BRDA:53,8,1,0
BRDA:59,9,0,11
BRDA:59,9,1,7
BRDA:60,10,0,11
BRDA:60,10,1,7
BRDA:61,11,0,11
BRDA:61,11,1,7
BRDA:62,12,0,11
BRDA:62,12,1,11
BRDA:74,13,0,44
BRDA:74,13,1,33
BRDA:74,13,2,22
BRDA:76,14,0,2
BRDA:76,14,1,20
BRDA:81,15,0,21
BRDA:81,15,1,0
BRDA:113,16,0,11
BRDA:124,17,0,11
BRDA:132,18,0,7
BRDA:132,18,1,1
BRDA:138,19,0,7
BRDA:149,20,0,7
BRDA:149,20,1,4
BRDA:150,21,0,0
BRDA:150,21,1,11
BRDA:152,22,0,7
BRDA:152,22,1,4
BRDA:159,23,0,0
BRDA:159,23,1,11
BRDA:161,24,0,0
BRDA:168,25,0,2
BRDA:168,25,1,9
BRF:49
BRH:33
end_of_record
TN:
SF:src\hooks\useDebouncedValue.js
FN:3,useDebouncedValue
FN:6,(anonymous_2)
FN:7,(anonymous_3)
FN:8,(anonymous_4)
FNF:4
FNH:4
FNDA:24,useDebouncedValue
FNDA:6,(anonymous_2)
FNDA:2,(anonymous_3)
FNDA:6,(anonymous_4)
DA:1,3
DA:3,24
DA:4,24
DA:6,24
DA:7,6
DA:8,6
DA:11,24
LF:7
LH:7
BRDA:3,0,0,21
BRF:1
BRH:1
end_of_record
TN:
SF:src\hooks\useRevealFocus.js
FN:11,useRevealFocus
FN:16,(anonymous_2)
FN:25,(anonymous_3)
FN:37,(anonymous_4)
FN:42,(anonymous_5)
FN:47,(anonymous_6)
FNF:6
FNH:5
FNDA:29,useRevealFocus
FNDA:12,(anonymous_2)
FNDA:3,(anonymous_3)
FNDA:1,(anonymous_4)
FNDA:0,(anonymous_5)
FNDA:3,(anonymous_6)
DA:1,4
DA:3,4
DA:11,29
DA:12,29
DA:13,29
DA:14,29
DA:16,29
DA:17,12
DA:18,9
DA:19,9
DA:22,3
DA:23,3
DA:25,3
DA:26,3
DA:27,3
DA:28,0
DA:29,0
DA:30,0
DA:32,3
DA:34,3
DA:35,3
DA:37,3
DA:38,1
DA:39,1
DA:42,3
DA:45,3
DA:47,3
DA:50,29
LF:28
LH:25
BRDA:11,0,0,29
BRDA:12,1,0,29
BRDA:12,2,0,29
BRDA:12,3,0,29
BRDA:17,4,0,9
BRDA:17,4,1,3
BRDA:27,5,0,0
BRDA:27,5,1,3
BRDA:27,6,0,3
BRDA:27,6,1,0
BRDA:32,7,0,0
BRDA:32,7,1,3
BRDA:38,8,0,1
BRDA:38,8,1,0
BRF:14
BRH:10
end_of_record
TN:
SF:src\lib\formatters.js
FN:28,formatRoleLabel
FN:38,getRoleColors
FN:68,formatTeamLabel
FN:78,formatStatusLabel
FN:88,formatManagerName
FNF:5
FNH:2
FNDA:43,formatRoleLabel
FNDA:10,getRoleColors
FNDA:0,formatTeamLabel
FNDA:0,formatStatusLabel
FNDA:0,formatManagerName
DA:9,3
DA:15,3
DA:28,43
DA:29,43
DA:30,43
DA:38,10
DA:39,10
DA:41,1
DA:47,5
DA:54,4
DA:68,0
DA:69,0
DA:70,0
DA:78,0
DA:79,0
DA:88,0
DA:89,0
DA:90,0
DA:92,0
LF:19
LH:10
BRDA:29,0,0,0
BRDA:29,0,1,43
BRDA:30,1,0,43
BRDA:30,1,1,0
BRDA:39,2,0,1
BRDA:39,2,1,5
BRDA:39,2,2,4
BRDA:39,2,3,4
BRDA:69,3,0,0
BRDA:69,3,1,0
BRDA:69,4,0,0
BRDA:69,4,1,0
BRDA:79,5,0,0
BRDA:79,5,1,0
BRDA:89,6,0,0
BRDA:89,6,1,0
BRDA:90,7,0,0
BRDA:90,7,1,0
BRDA:90,8,0,0
BRDA:90,8,1,0
BRF:20
BRH:6
end_of_record
TN:
SF:src\lib\permissions.js
FN:12,(anonymous_16)
FN:13,(anonymous_17)
FN:14,(anonymous_18)
FN:17,managerCanScopeUser
FN:31,(anonymous_20)
FN:38,(anonymous_21)
FN:49,(anonymous_22)
FN:53,(anonymous_23)
FN:62,(anonymous_24)
FN:83,(anonymous_25)
FN:101,(anonymous_26)
FN:108,(anonymous_27)
FN:113,(anonymous_28)
FN:126,(anonymous_29)
FN:139,(anonymous_30)
FN:152,(anonymous_31)
FN:165,(anonymous_32)
FN:179,(anonymous_33)
FN:214,(anonymous_34)
FN:236,(anonymous_35)
FNF:20
FNH:19
FNDA:352,(anonymous_16)
FNDA:212,(anonymous_17)
FNDA:41,(anonymous_18)
FNDA:26,managerCanScopeUser
FNDA:5,(anonymous_20)
FNDA:10,(anonymous_21)
FNDA:4,(anonymous_22)
FNDA:11,(anonymous_23)
FNDA:33,(anonymous_24)
FNDA:3,(anonymous_25)
FNDA:2,(anonymous_26)
FNDA:2,(anonymous_27)
FNDA:17,(anonymous_28)
FNDA:1,(anonymous_29)
FNDA:1,(anonymous_30)
FNDA:29,(anonymous_31)
FNDA:1,(anonymous_32)
FNDA:78,(anonymous_33)
FNDA:5,(anonymous_34)
FNDA:0,(anonymous_35)
DA:12,352
DA:13,212
DA:14,41
DA:19,26
DA:23,13
DA:26,13
DA:27,13
DA:28,13
DA:31,5
DA:32,5
DA:34,8
DA:38,7
DA:39,10
DA:40,10
DA:41,2
DA:42,2
DA:43,2
DA:44,2
DA:46,0
DA:49,7
DA:50,4
DA:53,11
DA:54,11
DA:55,11
DA:62,33
DA:63,33
DA:64,33
DA:65,26
DA:66,26
DA:67,26
DA:68,26
DA:71,0
DA:83,7
DA:84,3
DA:85,3
DA:86,2
DA:87,2
DA:88,2
DA:89,2
DA:90,2
DA:92,0
DA:101,7
DA:102,2
DA:103,2
DA:104,2
DA:105,2
DA:106,2
DA:107,2
DA:108,2
DA:110,0
DA:113,17
DA:114,17
DA:115,17
DA:116,14
DA:117,2
DA:118,2
DA:119,2
DA:120,2
DA:121,1
DA:123,12
DA:126,7
DA:127,1
DA:128,1
DA:130,1
DA:132,1
DA:133,1
DA:134,1
DA:135,1
DA:136,1
DA:138,1
DA:139,1
DA:140,1
DA:141,1
DA:144,0
DA:145,0
DA:146,0
DA:149,0
DA:152,29
DA:153,29
DA:154,17
DA:156,14
DA:158,14
DA:159,2
DA:160,2
DA:161,2
DA:162,2
DA:164,2
DA:165,1
DA:166,1
DA:167,1
DA:170,13
DA:171,12
DA:172,12
DA:175,7
DA:179,78
DA:180,78
DA:182,78
DA:184,78
DA:186,66
DA:187,66
DA:189,66
DA:191,64
DA:193,51
DA:195,26
DA:197,26
DA:200,2
DA:202,2
DA:205,0
DA:214,7
DA:215,5
DA:216,5
DA:218,4
DA:219,4
DA:222,4
DA:225,3
DA:226,2
DA:233,1
DA:236,7
DA:237,0
LF:119
LH:109
BRDA:19,0,0,13
BRDA:19,0,1,13
BRDA:20,1,0,26
BRDA:20,1,1,26
BRDA:20,1,2,26
BRDA:26,2,0,13
BRDA:26,2,1,0
BRDA:27,3,0,13
BRDA:27,3,1,0
BRDA:28,4,0,5
BRDA:28,4,1,8
BRDA:29,5,0,13
BRDA:29,5,1,5
BRDA:29,5,2,5
BRDA:30,6,0,5
BRDA:30,6,1,5
BRDA:31,7,0,5
BRDA:31,7,1,5
BRDA:39,8,0,0
BRDA:39,8,1,10
BRDA:39,9,0,10
BRDA:39,9,1,10
BRDA:40,10,0,8
BRDA:40,10,1,2
BRDA:41,11,0,2
BRDA:41,11,1,0
BRDA:42,12,0,2
BRDA:42,12,1,0
BRDA:43,13,0,2
BRDA:43,13,1,2
BRDA:44,14,0,2
BRDA:44,14,1,2
BRDA:54,15,0,0
BRDA:54,15,1,11
BRDA:55,16,0,11
BRDA:55,16,1,2
BRDA:63,17,0,0
BRDA:63,17,1,33
BRDA:63,18,0,33
BRDA:63,18,1,33
BRDA:64,19,0,7
BRDA:64,19,1,26
BRDA:65,20,0,26
BRDA:65,20,1,0
BRDA:66,21,0,26
BRDA:66,21,1,0
BRDA:67,22,0,26
BRDA:67,22,1,26
BRDA:68,23,0,26
BRDA:68,23,1,26
BRDA:84,24,0,0
BRDA:84,24,1,3
BRDA:84,25,0,3
BRDA:84,25,1,3
BRDA:85,26,0,1
BRDA:85,26,1,2
BRDA:86,27,0,0
BRDA:86,27,1,2
BRDA:87,28,0,2
BRDA:87,28,1,0
BRDA:88,29,0,2
BRDA:88,29,1,0
BRDA:89,30,0,2
BRDA:89,30,1,2
BRDA:90,31,0,2
BRDA:90,31,1,2
BRDA:102,32,0,0
BRDA:102,32,1,2
BRDA:102,33,0,2
BRDA:102,33,1,2
BRDA:103,34,0,0
BRDA:103,34,1,2
BRDA:104,35,0,0
BRDA:104,35,1,2
BRDA:105,36,0,2
BRDA:105,36,1,0
BRDA:106,37,0,2
BRDA:106,37,1,0
BRDA:107,38,0,2
BRDA:107,38,1,0
BRDA:108,39,0,2
BRDA:108,39,1,2
BRDA:114,40,0,0
BRDA:114,40,1,17
BRDA:114,41,0,17
BRDA:114,41,1,17
BRDA:115,42,0,3
BRDA:115,42,1,14
BRDA:116,43,0,2
BRDA:116,43,1,12
BRDA:117,44,0,2
BRDA:117,44,1,0
BRDA:118,45,0,2
BRDA:118,45,1,2
BRDA:119,46,0,2
BRDA:119,46,1,2
BRDA:120,47,0,1
BRDA:120,47,1,1
BRDA:120,48,0,2
BRDA:120,48,1,2
BRDA:121,49,0,1
BRDA:121,49,1,0
BRDA:121,50,0,1
BRDA:121,50,1,1
BRDA:127,51,0,0
BRDA:127,51,1,1
BRDA:127,52,0,1
BRDA:127,52,1,1
BRDA:128,53,0,0
BRDA:128,53,1,1
BRDA:130,54,0,1
BRDA:130,54,1,0
BRDA:132,55,0,1
BRDA:132,55,1,0
BRDA:133,56,0,1
BRDA:133,56,1,1
BRDA:134,57,0,1
BRDA:134,57,1,0
BRDA:135,58,0,1
BRDA:135,58,1,1
BRDA:136,59,0,1
BRDA:136,59,1,1
BRDA:138,60,0,0
BRDA:138,60,1,1
BRDA:138,61,0,1
BRDA:138,61,1,1
BRDA:139,62,0,0
BRDA:139,62,1,1
BRDA:139,63,0,1
BRDA:139,63,1,1
BRDA:140,64,0,0
BRDA:140,64,1,1
BRDA:140,65,0,1
BRDA:140,65,1,1
BRDA:141,66,0,1
BRDA:141,66,1,0
BRDA:141,67,0,1
BRDA:141,67,1,1
BRDA:144,68,0,0
BRDA:144,68,1,0
BRDA:145,69,0,0
BRDA:145,69,1,0
BRDA:146,70,0,0
BRDA:146,70,1,0
BRDA:146,71,0,0
BRDA:146,71,1,0
BRDA:153,72,0,12
BRDA:153,72,1,17
BRDA:153,73,0,29
BRDA:153,73,1,29
BRDA:154,74,0,3
BRDA:154,74,1,14
BRDA:156,75,0,14
BRDA:156,75,1,0
BRDA:158,76,0,2
BRDA:158,76,1,12
BRDA:159,77,0,2
BRDA:159,77,1,2
BRDA:160,78,0,2
BRDA:160,78,1,0
BRDA:161,79,0,2
BRDA:161,79,1,2
BRDA:162,80,0,2
BRDA:162,80,1,2
BRDA:164,81,0,1
BRDA:164,81,1,1
BRDA:164,82,0,2
BRDA:164,82,1,2
BRDA:165,83,0,0
BRDA:165,83,1,1
BRDA:165,84,0,1
BRDA:165,84,1,1
BRDA:166,85,0,0
BRDA:166,85,1,1
BRDA:166,86,0,1
BRDA:166,86,1,1
BRDA:167,87,0,0
BRDA:167,87,1,1
BRDA:167,88,0,1
BRDA:167,88,1,1
BRDA:170,89,0,12
BRDA:170,89,1,1
BRDA:171,90,0,12
BRDA:171,90,1,12
BRDA:172,91,0,6
BRDA:172,91,1,6
BRDA:172,92,0,12
BRDA:172,92,1,12
BRDA:180,93,0,0
BRDA:180,93,1,78
BRDA:182,94,0,0
BRDA:182,94,1,78
BRDA:184,95,0,12
BRDA:184,95,1,66
BRDA:186,96,0,66
BRDA:186,96,1,0
BRDA:187,97,0,66
BRDA:187,97,1,0
BRDA:189,98,0,64
BRDA:189,98,1,2
BRDA:191,99,0,13
BRDA:191,99,1,51
BRDA:193,100,0,25
BRDA:193,100,1,26
BRDA:195,101,0,0
BRDA:195,101,1,26
BRDA:200,102,0,2
BRDA:200,102,1,0
BRDA:215,103,0,0
BRDA:215,103,1,5
BRDA:216,104,0,1
BRDA:216,104,1,4
BRDA:218,105,0,4
BRDA:218,105,1,0
BRDA:219,106,0,4
BRDA:219,106,1,0
BRDA:222,107,0,1
BRDA:222,107,1,3
BRDA:225,108,0,2
BRDA:225,108,1,1
BRDA:227,109,0,2
BRDA:227,109,1,2
BRDA:227,109,2,2
BRF:223
BRH:170
end_of_record
TN:
SF:src\lib\storage.js
FN:9,readStorage
FN:20,writeStorage
FNF:2
FNH:2
FNDA:19,readStorage
FNDA:1,writeStorage
DA:1,19
DA:3,19
DA:9,19
DA:10,19
DA:11,19
DA:12,19
DA:13,0
DA:14,0
DA:16,0
DA:20,1
DA:22,1
DA:27,1
DA:30,0
LF:13
LH:9
BRDA:12,0,0,19
BRDA:12,0,1,0
BRDA:23,1,0,1
BRDA:23,1,1,1
BRF:4
BRH:3
end_of_record
TN:
SF:src\pages\AuthPages.jsx
FN:36,BrandPanel
FN:65,(anonymous_7)
FN:80,(anonymous_8)
FN:103,Field
FN:119,PasswordInput
FN:145,AuthForm
FN:148,(anonymous_12)
FN:149,(anonymous_13)
FN:163,(anonymous_14)
FN:241,(anonymous_15)
FN:241,(anonymous_16)
FN:252,(anonymous_17)
FN:252,(anonymous_18)
FN:294,LoginPage
FN:295,SignupPage
FNF:15
FNH:11
FNDA:19,BrandPanel
FNDA:76,(anonymous_7)
FNDA:57,(anonymous_8)
FNDA:44,Field
FNDA:22,PasswordInput
FNDA:23,AuthForm
FNDA:35,(anonymous_12)
FNDA:35,(anonymous_13)
FNDA:3,(anonymous_14)
FNDA:0,(anonymous_15)
FNDA:0,(anonymous_16)
FNDA:0,(anonymous_17)
FNDA:0,(anonymous_18)
FNDA:5,LoginPage
FNDA:1,SignupPage
DA:1,4
DA:2,4
DA:3,4
DA:4,4
DA:5,4
DA:6,4
DA:7,4
DA:8,4
DA:9,4
DA:10,4
DA:13,4
DA:18,4
DA:29,4
DA:31,4
DA:32,4
DA:33,4
DA:37,19
DA:66,76
DA:81,57
DA:146,23
DA:147,23
DA:148,35
DA:149,35
DA:151,23
DA:152,23
DA:153,23
DA:155,23
DA:156,23
DA:160,19
DA:161,19
DA:163,19
DA:164,3
DA:165,3
DA:167,3
DA:168,3
DA:170,3
DA:171,3
DA:173,0
DA:174,0
DA:176,2
DA:178,1
DA:241,0
DA:252,0
DA:294,5
DA:295,1
LF:45
LH:41
BRDA:106,0,0,44
BRDA:108,1,0,44
BRDA:124,2,0,0
BRDA:124,2,1,22
BRDA:125,3,0,2
BRDA:125,3,1,20
BRDA:135,4,0,0
BRDA:135,4,1,22
BRDA:137,5,0,0
BRDA:155,6,0,20
BRDA:155,6,1,3
BRDA:170,7,0,3
BRDA:170,7,1,0
BRDA:178,8,0,1
BRDA:178,8,1,0
BRDA:178,9,0,0
BRDA:178,9,1,0
BRDA:202,10,0,16
BRDA:202,10,1,3
BRDA:205,11,0,16
BRDA:205,11,1,3
BRDA:213,12,0,19
BRDA:216,13,0,0
BRDA:216,13,1,3
BRDA:229,14,0,1
BRDA:229,14,1,18
BRDA:247,15,0,19
BRDA:259,16,0,19
BRDA:267,17,0,16
BRDA:267,17,1,3
BRDA:268,18,0,16
BRDA:268,18,1,3
BRDA:273,19,0,3
BRDA:273,19,1,16
BRDA:275,20,0,13
BRDA:275,20,1,3
BRDA:280,21,0,16
BRDA:280,21,1,3
BRDA:282,22,0,16
BRDA:282,22,1,3
BRDA:285,23,0,16
BRDA:285,23,1,3
BRF:42
BRH:34
end_of_record
TN:
SF:src\routes\ProtectedRoute.jsx
FN:5,ProtectedRoute
FN:6,(anonymous_3)
FN:7,(anonymous_4)
FNF:3
FNH:3
FNDA:5,ProtectedRoute
FNDA:14,(anonymous_3)
FNDA:14,(anonymous_4)
DA:1,4
DA:2,4
DA:3,4
DA:5,5
DA:6,14
DA:7,14
DA:10,5
DA:22,2
LF:8
LH:8
BRDA:10,0,0,2
BRDA:10,0,1,3
BRDA:10,1,0,5
BRDA:10,1,1,4
BRF:4
BRH:4
end_of_record
TN:
SF:src\routes\RoleGuard.jsx
FN:5,RoleGuard
FN:6,(anonymous_3)
FN:7,(anonymous_4)
FN:8,(anonymous_5)
FN:9,(anonymous_6)
FN:16,(anonymous_7)
FNF:6
FNH:6
FNDA:2,RoleGuard
FNDA:6,(anonymous_3)
FNDA:6,(anonymous_4)
FNDA:6,(anonymous_5)
FNDA:6,(anonymous_6)
FNDA:4,(anonymous_7)
DA:1,2
DA:2,2
DA:3,2
DA:5,2
DA:6,6
DA:7,6
DA:8,6
DA:9,6
DA:11,2
DA:15,2
DA:16,4
DA:18,2
DA:22,1
LF:13
LH:13
BRDA:5,0,0,0
BRDA:11,1,0,0
BRDA:11,1,1,2
BRDA:11,2,0,2
BRDA:11,2,1,2
BRDA:11,2,2,2
BRDA:18,3,0,1
BRDA:18,3,1,1
BRDA:18,4,0,2
BRDA:18,4,1,2
BRF:10
BRH:8
end_of_record
TN:
SF:src\services\apiErrors.js
FN:3,apiUnavailableError
FN:10,getApiErrorMessage
FN:14,normalizeApiError
FNF:3
FNH:1
FNDA:0,apiUnavailableError
FNDA:3,getApiErrorMessage
FNDA:0,normalizeApiError
DA:1,18
DA:3,0
DA:4,0
DA:5,0
DA:6,0
DA:7,0
DA:10,3
DA:11,3
DA:14,0
DA:15,0
DA:17,0
DA:18,0
DA:21,0
DA:22,0
DA:29,0
LF:15
LH:3
BRDA:10,0,0,0
BRDA:11,1,0,3
BRDA:11,1,1,1
BRDA:11,1,2,0
BRDA:15,2,0,0
BRDA:15,2,1,0
BRDA:17,3,0,0
BRDA:17,3,1,0
BRDA:21,4,0,0
BRDA:21,4,1,0
BRF:10
BRH:2
end_of_record
TN:
SF:src\store\authSlice.js
FN:21,(anonymous_12)
FN:36,(anonymous_13)
FN:51,(anonymous_14)
FN:66,(anonymous_15)
FN:78,(anonymous_16)
FN:92,(anonymous_17)
FN:104,(anonymous_18)
FN:118,(anonymous_19)
FN:127,(anonymous_20)
FN:131,(anonymous_21)
FN:134,(anonymous_22)
FN:138,(anonymous_23)
FN:147,(anonymous_24)
FN:153,(anonymous_25)
FN:157,(anonymous_26)
FN:166,(anonymous_27)
FN:172,(anonymous_28)
FN:175,(anonymous_29)
FN:181,(anonymous_30)
FN:196,(anonymous_31)
FN:202,(anonymous_32)
FN:206,(anonymous_33)
FN:211,(anonymous_34)
FN:217,(anonymous_35)
FN:221,(anonymous_36)
FN:226,(anonymous_37)
FN:233,(anonymous_38)
FN:241,(anonymous_39)
FNF:28
FNH:7
FNDA:3,(anonymous_12)
FNDA:0,(anonymous_13)
FNDA:0,(anonymous_14)
FNDA:0,(anonymous_15)
FNDA:0,(anonymous_16)
FNDA:0,(anonymous_17)
FNDA:0,(anonymous_18)
FNDA:1,(anonymous_19)
FNDA:0,(anonymous_20)
FNDA:17,(anonymous_21)
FNDA:3,(anonymous_22)
FNDA:2,(anonymous_23)
FNDA:1,(anonymous_24)
FNDA:0,(anonymous_25)
FNDA:0,(anonymous_26)
FNDA:0,(anonymous_27)
FNDA:0,(anonymous_28)
FNDA:0,(anonymous_29)
FNDA:0,(anonymous_30)
FNDA:0,(anonymous_31)
FNDA:0,(anonymous_32)
FNDA:0,(anonymous_33)
FNDA:0,(anonymous_34)
FNDA:0,(anonymous_35)
FNDA:0,(anonymous_36)
FNDA:0,(anonymous_37)
FNDA:2,(anonymous_38)
FNDA:0,(anonymous_39)
DA:1,17
DA:2,17
DA:3,17
DA:4,17
DA:6,17
DA:7,17
DA:9,17
DA:19,17
DA:22,3
DA:23,3
DA:27,2
DA:29,1
DA:34,17
DA:37,0
DA:38,0
DA:42,0
DA:44,0
DA:49,17
DA:52,0
DA:53,0
DA:54,0
DA:56,0
DA:64,17
DA:67,0
DA:68,0
DA:69,0
DA:71,0
DA:76,17
DA:79,0
DA:80,0
DA:81,0
DA:82,0
DA:83,0
DA:85,0
DA:90,17
DA:93,0
DA:94,0
DA:95,0
DA:97,0
DA:102,17
DA:105,0
DA:106,0
DA:107,0
DA:109,0
DA:114,17
DA:119,1
DA:120,1
DA:121,1
DA:122,1
DA:123,1
DA:124,1
DA:125,1
DA:128,0
DA:132,17
DA:135,3
DA:136,3
DA:139,2
DA:140,2
DA:141,2
DA:142,2
DA:143,2
DA:144,2
DA:145,2
DA:148,1
DA:149,1
DA:154,0
DA:155,0
DA:158,0
DA:159,0
DA:160,0
DA:161,0
DA:162,0
DA:163,0
DA:164,0
DA:167,0
DA:168,0
DA:173,0
DA:176,0
DA:177,0
DA:178,0
DA:179,0
DA:182,0
DA:183,0
DA:184,0
DA:185,0
DA:187,0
DA:188,0
DA:189,0
DA:190,0
DA:191,0
DA:197,0
DA:198,0
DA:203,0
DA:204,0
DA:207,0
DA:208,0
DA:209,0
DA:212,0
DA:213,0
DA:218,0
DA:219,0
DA:222,0
DA:223,0
DA:224,0
DA:227,0
DA:228,0
DA:234,2
DA:235,2
DA:236,2
DA:237,0
DA:238,0
DA:242,0
DA:243,0
DA:244,0
DA:245,0
DA:246,0
DA:252,17
DA:253,43
LF:118
LH:43
BRDA:7,0,0,17
BRDA:7,0,1,17
BRDA:24,1,0,3
BRDA:24,1,1,0
BRDA:40,2,0,0
BRDA:40,2,1,0
BRDA:58,3,0,0
BRDA:58,3,1,0
BRDA:149,4,0,1
BRDA:149,4,1,0
BRDA:168,5,0,0
BRDA:168,5,1,0
BRDA:185,6,0,0
BRDA:185,6,1,0
BRDA:187,7,0,0
BRDA:187,7,1,0
BRDA:187,8,0,0
BRDA:187,8,1,0
BRDA:187,8,2,0
BRDA:213,9,0,0
BRDA:213,9,1,0
BRDA:228,10,0,0
BRDA:228,10,1,0
BRDA:234,11,0,2
BRDA:234,11,1,0
BRDA:235,12,0,2
BRDA:235,12,1,0
BRDA:236,13,0,0
BRDA:236,13,1,2
BRDA:236,14,0,2
BRDA:236,14,1,2
BRDA:236,14,2,2
BRDA:242,15,0,0
BRDA:242,15,1,0
BRDA:243,16,0,0
BRDA:243,16,1,0
BRDA:244,17,0,0
BRDA:244,17,1,0
BRDA:244,18,0,0
BRDA:244,18,1,0
BRDA:244,18,2,0
BRF:41
BRH:10
end_of_record
TN:
SF:src\store\selectors.js
FN:4,(anonymous_18)
FN:5,(anonymous_19)
FN:6,(anonymous_20)
FN:7,(anonymous_21)
FN:8,(anonymous_22)
FN:9,(anonymous_23)
FN:11,(anonymous_24)
FN:17,(anonymous_25)
FN:18,(anonymous_26)
FN:18,(anonymous_27)
FN:20,(anonymous_28)
FN:41,(anonymous_29)
FN:45,(anonymous_30)
FN:50,(anonymous_31)
FN:53,(anonymous_32)
FN:55,(anonymous_33)
FN:61,(anonymous_34)
FN:71,(anonymous_35)
FN:72,(anonymous_36)
FN:74,(anonymous_37)
FN:76,(anonymous_38)
FN:78,(anonymous_39)
FN:80,(anonymous_40)
FN:82,(anonymous_41)
FN:91,(anonymous_42)
FN:94,(anonymous_43)
FN:96,(anonymous_44)
FN:98,(anonymous_45)
FN:120,(anonymous_46)
FN:122,(anonymous_47)
FN:123,(anonymous_48)
FN:128,(anonymous_49)
FN:132,(anonymous_50)
FN:138,(anonymous_51)
FN:143,(anonymous_52)
FN:144,(anonymous_53)
FN:146,(anonymous_54)
FN:147,(anonymous_55)
FN:150,(anonymous_56)
FN:157,(anonymous_57)
FN:159,(anonymous_58)
FN:160,(anonymous_59)
FN:161,(anonymous_60)
FN:164,(anonymous_61)
FN:174,(anonymous_62)
FN:175,(anonymous_63)
FN:177,(anonymous_64)
FN:184,(anonymous_65)
FN:188,(anonymous_66)
FN:208,(anonymous_67)
FN:212,(anonymous_68)
FN:215,(anonymous_69)
FN:218,(anonymous_70)
FN:221,(anonymous_71)
FN:232,(anonymous_72)
FN:236,(anonymous_73)
FN:240,(anonymous_74)
FN:245,(anonymous_75)
FN:252,(anonymous_76)
FN:262,(anonymous_77)
FN:272,(anonymous_78)
FN:275,(anonymous_79)
FN:278,(anonymous_80)
FN:280,(anonymous_81)
FN:282,(anonymous_82)
FN:294,(anonymous_83)
FN:305,(anonymous_84)
FN:311,(anonymous_85)
FN:323,(anonymous_86)
FN:325,(anonymous_87)
FN:326,(anonymous_88)
FN:329,(anonymous_89)
FN:331,(anonymous_90)
FNF:73
FNH:54
FNDA:3,(anonymous_18)
FNDA:14,(anonymous_19)
FNDA:28,(anonymous_20)
FNDA:42,(anonymous_21)
FNDA:38,(anonymous_22)
FNDA:17,(anonymous_23)
FNDA:111,(anonymous_24)
FNDA:26,(anonymous_25)
FNDA:26,(anonymous_26)
FNDA:26,(anonymous_27)
FNDA:10,(anonymous_28)
FNDA:8,(anonymous_29)
FNDA:10,(anonymous_30)
FNDA:5,(anonymous_31)
FNDA:7,(anonymous_32)
FNDA:7,(anonymous_33)
FNDA:2,(anonymous_34)
FNDA:0,(anonymous_35)
FNDA:20,(anonymous_36)
FNDA:28,(anonymous_37)
FNDA:20,(anonymous_38)
FNDA:28,(anonymous_39)
FNDA:15,(anonymous_40)
FNDA:21,(anonymous_41)
FNDA:3,(anonymous_42)
FNDA:2,(anonymous_43)
FNDA:2,(anonymous_44)
FNDA:2,(anonymous_45)
FNDA:1,(anonymous_46)
FNDA:1,(anonymous_47)
FNDA:0,(anonymous_48)
FNDA:2,(anonymous_49)
FNDA:3,(anonymous_50)
FNDA:0,(anonymous_51)
FNDA:2,(anonymous_52)
FNDA:8,(anonymous_53)
FNDA:16,(anonymous_54)
FNDA:8,(anonymous_55)
FNDA:6,(anonymous_56)
FNDA:0,(anonymous_57)
FNDA:0,(anonymous_58)
FNDA:0,(anonymous_59)
FNDA:0,(anonymous_60)
FNDA:0,(anonymous_61)
FNDA:2,(anonymous_62)
FNDA:8,(anonymous_63)
FNDA:8,(anonymous_64)
FNDA:7,(anonymous_65)
FNDA:4,(anonymous_66)
FNDA:6,(anonymous_67)
FNDA:10,(anonymous_68)
FNDA:10,(anonymous_69)
FNDA:10,(anonymous_70)
FNDA:4,(anonymous_71)
FNDA:5,(anonymous_72)
FNDA:2,(anonymous_73)
FNDA:4,(anonymous_74)
FNDA:2,(anonymous_75)
FNDA:4,(anonymous_76)
FNDA:0,(anonymous_77)
FNDA:0,(anonymous_78)
FNDA:0,(anonymous_79)
FNDA:0,(anonymous_80)
FNDA:0,(anonymous_81)
FNDA:0,(anonymous_82)
FNDA:1,(anonymous_83)
FNDA:14,(anonymous_84)
FNDA:14,(anonymous_85)
FNDA:0,(anonymous_86)
FNDA:0,(anonymous_87)
FNDA:0,(anonymous_88)
FNDA:0,(anonymous_89)
FNDA:0,(anonymous_90)
DA:1,7
DA:2,7
DA:4,7
DA:5,14
DA:6,28
DA:7,42
DA:8,38
DA:9,17
DA:11,7
DA:12,111
DA:13,98
DA:14,49
DA:17,7
DA:18,26
DA:20,7
DA:21,10
DA:22,10
DA:23,10
DA:24,10
DA:25,10
DA:26,10
DA:28,10
DA:39,13
DA:42,8
DA:43,8
DA:45,10
DA:50,15
DA:51,5
DA:52,5
DA:53,7
DA:55,7
DA:58,5
DA:59,5
DA:60,5
DA:61,2
DA:64,5
DA:71,0
DA:72,20
DA:74,28
DA:76,20
DA:78,28
DA:80,15
DA:82,21
DA:91,10
DA:92,3
DA:94,3
DA:95,2
DA:96,2
DA:98,2
DA:99,2
DA:102,2
DA:103,2
DA:105,2
DA:118,7
DA:121,1
DA:122,1
DA:123,0
DA:128,7
DA:129,2
DA:130,2
DA:133,3
DA:138,0
DA:143,7
DA:144,8
DA:146,16
DA:147,8
DA:149,2
DA:150,6
DA:153,2
DA:157,7
DA:158,0
DA:159,0
DA:160,0
DA:161,0
DA:163,0
DA:164,0
DA:172,7
DA:175,8
DA:177,8
DA:182,12
DA:185,7
DA:186,7
DA:188,7
DA:189,4
DA:191,4
DA:195,4
DA:199,4
DA:208,10
DA:209,6
DA:211,5
DA:213,10
DA:214,10
DA:215,10
DA:217,10
DA:218,10
DA:220,10
DA:221,4
DA:224,10
DA:232,5
DA:236,7
DA:237,2
DA:238,2
DA:239,2
DA:240,4
DA:245,7
DA:246,2
DA:247,2
DA:248,2
DA:249,2
DA:251,2
DA:253,4
DA:254,2
DA:255,2
DA:257,0
DA:258,0
DA:260,0
DA:262,0
DA:271,7
DA:272,7
DA:275,7
DA:276,0
DA:277,0
DA:278,0
DA:280,0
DA:282,0
DA:294,7
DA:295,1
DA:296,1
DA:297,7
DA:298,7
DA:299,7
DA:300,7
DA:301,7
DA:303,7
DA:305,7
DA:306,14
DA:307,0
DA:308,0
DA:311,7
DA:312,14
DA:313,7
DA:314,7
DA:317,7
DA:319,1
DA:323,7
DA:324,0
DA:325,0
DA:326,0
DA:327,0
DA:329,0
DA:331,0
LF:151
LH:125
BRDA:12,0,0,13
BRDA:12,0,1,98
BRDA:13,1,0,49
BRDA:13,1,1,49
BRDA:14,2,0,49
BRDA:14,2,1,0
BRDA:14,2,2,0
BRDA:18,3,0,26
BRDA:18,3,1,0
BRDA:24,4,0,10
BRDA:24,4,1,1
BRDA:24,4,2,0
BRDA:25,5,0,10
BRDA:25,5,1,1
BRDA:25,5,2,0
BRDA:26,6,0,10
BRDA:26,6,1,10
BRDA:26,6,2,10
BRDA:53,7,0,7
BRDA:53,7,1,1
BRDA:53,7,2,0
BRDA:61,8,0,2
BRDA:61,8,1,2
BRDA:84,9,0,4
BRDA:84,9,1,1
BRDA:99,10,0,1
BRDA:99,10,1,1
BRDA:103,11,0,2
BRDA:103,11,1,0
BRDA:103,11,2,0
BRDA:112,12,0,0
BRDA:112,12,1,2
BRDA:112,13,0,1
BRDA:112,13,1,1
BRDA:122,14,0,1
BRDA:122,14,1,0
BRDA:122,14,2,0
BRDA:133,15,0,3
BRDA:133,15,1,2
BRDA:133,15,2,1
BRDA:133,15,3,2
BRDA:133,15,4,2
BRDA:146,16,0,16
BRDA:146,16,1,4
BRDA:150,17,0,2
BRDA:150,17,1,4
BRDA:168,18,0,0
BRDA:168,18,1,0
BRDA:191,19,0,0
BRDA:191,19,1,4
BRDA:191,20,0,4
BRDA:191,20,1,1
BRDA:195,21,0,4
BRDA:195,21,1,4
BRDA:195,21,2,3
BRDA:195,22,0,0
BRDA:195,22,1,4
BRDA:195,23,0,4
BRDA:195,23,1,1
BRDA:201,24,0,4
BRDA:201,24,1,3
BRDA:209,25,0,1
BRDA:209,25,1,5
BRDA:209,26,0,6
BRDA:209,26,1,6
BRDA:215,27,0,10
BRDA:215,27,1,5
BRDA:218,28,0,10
BRDA:218,28,1,5
BRDA:221,29,0,4
BRDA:221,29,1,4
BRDA:237,30,0,0
BRDA:237,30,1,2
BRDA:240,31,0,4
BRDA:240,31,1,2
BRDA:253,32,0,2
BRDA:253,32,1,2
BRDA:253,33,0,4
BRDA:253,33,1,2
BRDA:255,34,0,2
BRDA:255,34,1,0
BRDA:255,35,0,2
BRDA:255,35,1,2
BRDA:257,36,0,0
BRDA:257,36,1,0
BRDA:306,37,0,14
BRDA:306,37,1,0
BRDA:308,38,0,0
BRDA:308,38,1,0
BRDA:312,39,0,7
BRDA:312,39,1,7
BRDA:312,40,0,14
BRDA:312,40,1,7
BRDA:314,41,0,7
BRDA:314,41,1,7
BRDA:331,42,0,0
BRDA:331,42,1,0
BRDA:331,42,2,0
BRF:98
BRH:73
end_of_record
TN:
SF:src\store\workSlice.js
FN:8,(anonymous_43)
FN:17,(anonymous_44)
FN:24,(anonymous_45)
FN:33,(anonymous_46)
FN:38,(anonymous_47)
FN:48,(anonymous_48)
FN:57,(anonymous_49)
FN:68,(anonymous_50)
FN:77,(anonymous_51)
FN:82,(anonymous_52)
FN:92,(anonymous_53)
FN:103,(anonymous_54)
FN:117,(anonymous_55)
FN:127,(anonymous_56)
FN:136,(anonymous_57)
FN:145,(anonymous_58)
FN:155,(anonymous_59)
FN:166,(anonymous_60)
FN:175,(anonymous_61)
FN:180,(anonymous_62)
FN:189,(anonymous_63)
FN:198,(anonymous_64)
FN:207,(anonymous_65)
FN:218,(anonymous_66)
FN:227,(anonymous_67)
FN:232,(anonymous_68)
FN:241,(anonymous_69)
FN:252,(anonymous_70)
FN:261,(anonymous_71)
FN:268,(anonymous_72)
FN:277,(anonymous_73)
FN:282,(anonymous_74)
FN:291,(anonymous_75)
FN:326,(anonymous_76)
FN:330,(anonymous_77)
FN:335,(anonymous_78)
FN:338,(anonymous_79)
FN:345,(anonymous_80)
FN:349,(anonymous_81)
FN:350,(anonymous_82)
FN:352,(anonymous_83)
FN:354,(anonymous_84)
FN:357,(anonymous_85)
FN:359,(anonymous_86)
FN:366,(anonymous_87)
FN:369,(anonymous_88)
FN:371,(anonymous_89)
FN:373,(anonymous_90)
FN:380,(anonymous_91)
FN:384,(anonymous_92)
FN:390,(anonymous_93)
FN:393,(anonymous_94)
FN:394,(anonymous_95)
FN:401,(anonymous_96)
FN:404,(anonymous_97)
FN:408,(anonymous_98)
FN:410,(anonymous_99)
FN:417,(anonymous_100)
FN:420,(anonymous_101)
FN:423,(anonymous_102)
FN:426,(anonymous_103)
FN:427,(anonymous_104)
FN:430,(anonymous_105)
FN:433,(anonymous_106)
FN:436,(anonymous_107)
FN:442,(anonymous_108)
FN:446,(anonymous_109)
FN:447,(anonymous_110)
FN:454,(anonymous_111)
FN:457,(anonymous_112)
FN:458,(anonymous_113)
FN:461,(anonymous_114)
FN:465,(anonymous_115)
FN:466,(anonymous_116)
FN:468,(anonymous_117)
FN:470,(anonymous_118)
FN:474,(anonymous_119)
FN:477,(anonymous_120)
FN:483,(anonymous_121)
FN:487,(anonymous_122)
FN:488,(anonymous_123)
FN:495,(anonymous_124)
FN:498,(anonymous_125)
FN:499,(anonymous_126)
FN:502,(anonymous_127)
FN:503,(anonymous_128)
FN:506,(anonymous_129)
FN:507,(anonymous_130)
FN:510,(anonymous_131)
FN:511,(anonymous_132)
FN:514,(anonymous_133)
FN:517,(anonymous_134)
FN:519,(anonymous_135)
FN:520,(anonymous_136)
FN:521,(anonymous_137)
FN:525,(anonymous_138)
FN:529,(anonymous_139)
FN:530,(anonymous_140)
FN:538,(anonymous_141)
FN:541,(anonymous_142)
FN:547,(anonymous_143)
FN:551,(anonymous_144)
FN:552,(anonymous_145)
FN:559,(anonymous_146)
FN:561,(anonymous_147)
FN:567,(anonymous_148)
FN:570,(anonymous_149)
FN:576,(anonymous_150)
FN:580,(anonymous_151)
FN:581,(anonymous_152)
FN:584,(anonymous_153)
FN:587,(anonymous_154)
FN:590,(anonymous_155)
FN:593,(anonymous_156)
FN:594,(anonymous_157)
FN:597,(anonymous_158)
FN:600,(anonymous_159)
FN:606,(anonymous_160)
FN:610,(anonymous_161)
FN:613,(anonymous_162)
FN:619,(anonymous_163)
FN:623,(anonymous_164)
FN:626,(anonymous_165)
FNF:123
FNH:41
FNDA:2,(anonymous_43)
FNDA:6,(anonymous_44)
FNDA:1,(anonymous_45)
FNDA:1,(anonymous_46)
FNDA:2,(anonymous_47)
FNDA:0,(anonymous_48)
FNDA:0,(anonymous_49)
FNDA:0,(anonymous_50)
FNDA:0,(anonymous_51)
FNDA:2,(anonymous_52)
FNDA:3,(anonymous_53)
FNDA:0,(anonymous_54)
FNDA:0,(anonymous_55)
FNDA:0,(anonymous_56)
FNDA:0,(anonymous_57)
FNDA:0,(anonymous_58)
FNDA:1,(anonymous_59)
FNDA:0,(anonymous_60)
FNDA:0,(anonymous_61)
FNDA:0,(anonymous_62)
FNDA:1,(anonymous_63)
FNDA:1,(anonymous_64)
FNDA:0,(anonymous_65)
FNDA:1,(anonymous_66)
FNDA:1,(anonymous_67)
FNDA:0,(anonymous_68)
FNDA:2,(anonymous_69)
FNDA:0,(anonymous_70)
FNDA:0,(anonymous_71)
FNDA:0,(anonymous_72)
FNDA:0,(anonymous_73)
FNDA:1,(anonymous_74)
FNDA:0,(anonymous_75)
FNDA:1,(anonymous_76)
FNDA:0,(anonymous_77)
FNDA:2,(anonymous_78)
FNDA:2,(anonymous_79)
FNDA:0,(anonymous_80)
FNDA:0,(anonymous_81)
FNDA:0,(anonymous_82)
FNDA:0,(anonymous_83)
FNDA:0,(anonymous_84)
FNDA:2,(anonymous_85)
FNDA:2,(anonymous_86)
FNDA:0,(anonymous_87)
FNDA:0,(anonymous_88)
FNDA:0,(anonymous_89)
FNDA:0,(anonymous_90)
FNDA:2,(anonymous_91)
FNDA:1,(anonymous_92)
FNDA:2,(anonymous_93)
FNDA:4,(anonymous_94)
FNDA:2,(anonymous_95)
FNDA:0,(anonymous_96)
FNDA:0,(anonymous_97)
FNDA:0,(anonymous_98)
FNDA:0,(anonymous_99)
FNDA:0,(anonymous_100)
FNDA:0,(anonymous_101)
FNDA:0,(anonymous_102)
FNDA:0,(anonymous_103)
FNDA:0,(anonymous_104)
FNDA:17,(anonymous_105)
FNDA:1,(anonymous_106)
FNDA:0,(anonymous_107)
FNDA:1,(anonymous_108)
FNDA:3,(anonymous_109)
FNDA:0,(anonymous_110)
FNDA:0,(anonymous_111)
FNDA:0,(anonymous_112)
FNDA:0,(anonymous_113)
FNDA:0,(anonymous_114)
FNDA:0,(anonymous_115)
FNDA:0,(anonymous_116)
FNDA:0,(anonymous_117)
FNDA:0,(anonymous_118)
FNDA:0,(anonymous_119)
FNDA:0,(anonymous_120)
FNDA:0,(anonymous_121)
FNDA:2,(anonymous_122)
FNDA:0,(anonymous_123)
FNDA:0,(anonymous_124)
FNDA:2,(anonymous_125)
FNDA:2,(anonymous_126)
FNDA:0,(anonymous_127)
FNDA:0,(anonymous_128)
FNDA:0,(anonymous_129)
FNDA:0,(anonymous_130)
FNDA:0,(anonymous_131)
FNDA:0,(anonymous_132)
FNDA:0,(anonymous_133)
FNDA:0,(anonymous_134)
FNDA:0,(anonymous_135)
FNDA:0,(anonymous_136)
FNDA:0,(anonymous_137)
FNDA:0,(anonymous_138)
FNDA:1,(anonymous_139)
FNDA:1,(anonymous_140)
FNDA:1,(anonymous_141)
FNDA:1,(anonymous_142)
FNDA:0,(anonymous_143)
FNDA:0,(anonymous_144)
FNDA:0,(anonymous_145)
FNDA:2,(anonymous_146)
FNDA:4,(anonymous_147)
FNDA:0,(anonymous_148)
FNDA:0,(anonymous_149)
FNDA:0,(anonymous_150)
FNDA:0,(anonymous_151)
FNDA:0,(anonymous_152)
FNDA:1,(anonymous_153)
FNDA:1,(anonymous_154)
FNDA:1,(anonymous_155)
FNDA:0,(anonymous_156)
FNDA:0,(anonymous_157)
FNDA:0,(anonymous_158)
FNDA:0,(anonymous_159)
FNDA:0,(anonymous_160)
FNDA:0,(anonymous_161)
FNDA:0,(anonymous_162)
FNDA:0,(anonymous_163)
FNDA:1,(anonymous_164)
FNDA:0,(anonymous_165)
DA:1,18
DA:2,18
DA:3,18
DA:4,18
DA:5,18
DA:8,18
DA:9,2
DA:10,1
DA:11,1
DA:12,1
DA:13,1
DA:14,1
DA:17,18
DA:18,6
DA:19,6
DA:22,18
DA:25,1
DA:26,1
DA:27,0
DA:29,1
DA:34,1
DA:38,18
DA:39,2
DA:40,2
DA:41,2
DA:43,0
DA:44,0
DA:48,18
DA:49,0
DA:50,0
DA:51,0
DA:53,0
DA:57,18
DA:58,0
DA:59,0
DA:60,0
DA:62,0
DA:66,18
DA:69,0
DA:70,0
DA:71,0
DA:73,0
DA:78,0
DA:82,18
DA:83,2
DA:84,2
DA:85,2
DA:87,0
DA:88,0
DA:92,18
DA:93,3
DA:94,3
DA:95,2
DA:97,1
DA:101,18
DA:104,0
DA:105,0
DA:106,0
DA:107,0
DA:108,0
DA:110,0
DA:115,18
DA:118,0
DA:119,0
DA:120,0
DA:122,0
DA:127,18
DA:128,0
DA:129,0
DA:130,0
DA:132,0
DA:136,18
DA:137,0
DA:138,0
DA:139,0
DA:141,0
DA:145,18
DA:146,0
DA:147,0
DA:148,0
DA:150,0
DA:151,0
DA:155,18
DA:156,1
DA:157,1
DA:158,1
DA:160,0
DA:164,18
DA:167,0
DA:168,0
DA:169,0
DA:171,0
DA:176,0
DA:180,18
DA:181,0
DA:182,0
DA:183,0
DA:185,0
DA:189,18
DA:190,1
DA:191,1
DA:192,1
DA:194,0
DA:198,18
DA:199,1
DA:200,1
DA:201,1
DA:203,0
DA:207,18
DA:208,0
DA:209,0
DA:210,0
DA:212,0
DA:216,18
DA:219,1
DA:220,1
DA:221,1
DA:223,0
DA:228,1
DA:232,18
DA:233,0
DA:234,0
DA:235,0
DA:237,0
DA:241,19
DA:242,2
DA:243,2
DA:244,2
DA:246,0
DA:250,18
DA:253,0
DA:254,0
DA:255,0
DA:257,0
DA:262,0
DA:266,18
DA:269,0
DA:270,0
DA:271,0
DA:273,0
DA:278,0
DA:282,18
DA:283,1
DA:284,1
DA:285,1
DA:287,0
DA:291,18
DA:292,0
DA:293,0
DA:294,0
DA:296,0
DA:300,18
DA:302,18
DA:322,18
DA:327,1
DA:328,1
DA:331,0
DA:332,0
DA:337,2
DA:338,2
DA:339,2
DA:340,1
DA:342,1
DA:346,0
DA:347,0
DA:348,0
DA:349,0
DA:350,0
DA:351,0
DA:352,0
DA:354,0
DA:358,2
DA:359,2
DA:360,2
DA:361,1
DA:363,1
DA:367,0
DA:368,0
DA:369,0
DA:372,0
DA:373,0
DA:374,0
DA:375,0
DA:376,0
DA:377,0
DA:382,2
DA:383,2
DA:384,1
DA:386,2
DA:387,1
DA:392,2
DA:393,2
DA:394,4
DA:395,4
DA:396,2
DA:398,2
DA:399,2
DA:402,0
DA:405,0
DA:409,0
DA:410,0
DA:411,0
DA:412,0
DA:414,0
DA:418,0
DA:421,0
DA:422,0
DA:423,0
DA:427,0
DA:431,17
DA:434,1
DA:437,0
DA:438,0
DA:439,0
DA:440,0
DA:443,1
DA:444,1
DA:447,3
DA:448,3
DA:449,0
DA:451,3
DA:455,0
DA:458,0
DA:459,0
DA:462,0
DA:463,0
DA:464,0
DA:465,0
DA:466,0
DA:467,0
DA:468,0
DA:470,0
DA:475,0
DA:478,0
DA:479,0
DA:480,0
DA:481,0
DA:484,0
DA:485,0
DA:488,2
DA:489,2
DA:490,0
DA:492,2
DA:496,0
DA:499,2
DA:500,2
DA:503,0
DA:504,0
DA:507,0
DA:508,0
DA:511,0
DA:512,0
DA:515,0
DA:516,0
DA:517,0
DA:520,0
DA:521,0
DA:522,0
DA:526,0
DA:530,1
DA:531,1
DA:532,1
DA:533,1
DA:534,1
DA:539,1
DA:542,1
DA:543,1
DA:544,1
DA:545,1
DA:548,0
DA:549,0
DA:552,0
DA:553,0
DA:554,0
DA:556,0
DA:560,2
DA:561,4
DA:562,2
DA:563,2
DA:568,0
DA:571,0
DA:572,0
DA:573,0
DA:574,0
DA:577,0
DA:578,0
DA:581,0
DA:582,0
DA:585,1
DA:586,1
DA:587,1
DA:591,1
DA:594,0
DA:598,0
DA:601,0
DA:602,0
DA:603,0
DA:604,0
DA:607,0
DA:608,0
DA:611,0
DA:614,0
DA:615,0
DA:616,0
DA:617,0
DA:620,0
DA:621,0
DA:624,1
DA:627,0
DA:633,1
DA:634,0
DA:635,2
DA:636,0
DA:637,2
DA:638,0
DA:639,0
DA:640,2
DA:641,0
DA:642,2
DA:643,17
DA:644,0
DA:645,0
DA:646,0
DA:647,0
DA:648,18
DA:650,44
LF:326
LH:139
BRDA:8,0,0,0
BRDA:8,1,0,1
BRDA:9,2,0,1
BRDA:9,2,1,1
BRDA:11,3,0,0
BRDA:11,3,1,1
BRDA:12,4,0,1
BRDA:12,4,1,1
BRDA:13,5,0,1
BRDA:13,5,1,1
BRDA:14,6,0,1
BRDA:14,6,1,0
BRDA:18,7,0,0
BRDA:18,7,1,6
BRDA:19,8,0,6
BRDA:19,8,1,0
BRDA:19,8,2,0
BRDA:60,9,0,0
BRDA:60,9,1,0
BRDA:139,10,0,0
BRDA:139,10,1,0
BRDA:192,11,0,1
BRDA:192,11,1,0
BRDA:303,12,0,18
BRDA:303,12,1,0
BRDA:304,13,0,18
BRDA:304,13,1,0
BRDA:331,14,0,0
BRDA:331,14,1,0
BRDA:337,15,0,2
BRDA:337,15,1,0
BRDA:338,16,0,2
BRDA:338,16,1,0
BRDA:339,17,0,1
BRDA:339,17,1,1
BRDA:346,18,0,0
BRDA:346,18,1,0
BRDA:347,19,0,0
BRDA:347,19,1,0
BRDA:348,20,0,0
BRDA:348,20,1,0
BRDA:348,21,0,0
BRDA:348,21,1,0
BRDA:350,22,0,0
BRDA:350,22,1,0
BRDA:351,23,0,0
BRDA:351,23,1,0
BRDA:352,24,0,0
BRDA:352,24,1,0
BRDA:354,25,0,0
BRDA:354,25,1,0
BRDA:358,26,0,2
BRDA:358,26,1,0
BRDA:359,27,0,2
BRDA:359,27,1,0
BRDA:360,28,0,1
BRDA:360,28,1,1
BRDA:367,29,0,0
BRDA:367,29,1,0
BRDA:368,30,0,0
BRDA:368,30,1,0
BRDA:369,31,0,0
BRDA:369,31,1,0
BRDA:373,32,0,0
BRDA:373,32,1,0
BRDA:374,33,0,0
BRDA:374,33,1,0
BRDA:375,34,0,0
BRDA:375,34,1,0
BRDA:377,35,0,0
BRDA:377,35,1,0
BRDA:382,36,0,2
BRDA:382,36,1,0
BRDA:384,37,0,1
BRDA:384,37,1,0
BRDA:386,38,0,1
BRDA:386,38,1,1
BRDA:392,39,0,2
BRDA:392,39,1,0
BRDA:394,40,0,2
BRDA:394,40,1,0
BRDA:395,41,0,2
BRDA:395,41,1,2
BRDA:409,42,0,0
BRDA:409,42,1,0
BRDA:410,43,0,0
BRDA:410,43,1,0
BRDA:411,44,0,0
BRDA:411,44,1,0
BRDA:421,45,0,0
BRDA:421,45,1,0
BRDA:423,46,0,0
BRDA:423,46,1,0
BRDA:439,47,0,0
BRDA:439,47,1,0
BRDA:444,48,0,1
BRDA:444,48,1,0
BRDA:444,48,2,0
BRDA:447,49,0,0
BRDA:447,49,1,0
BRDA:448,50,0,0
BRDA:448,50,1,3
BRDA:459,51,0,0
BRDA:459,51,1,0
BRDA:462,52,0,0
BRDA:462,52,1,0
BRDA:463,53,0,0
BRDA:463,53,1,0
BRDA:464,54,0,0
BRDA:464,54,1,0
BRDA:464,55,0,0
BRDA:464,55,1,0
BRDA:466,56,0,0
BRDA:466,56,1,0
BRDA:467,57,0,0
BRDA:467,57,1,0
BRDA:468,58,0,0
BRDA:468,58,1,0
BRDA:470,59,0,0
BRDA:470,59,1,0
BRDA:480,60,0,0
BRDA:480,60,1,0
BRDA:485,61,0,0
BRDA:485,61,1,0
BRDA:485,61,2,0
BRDA:488,62,0,0
BRDA:488,62,1,0
BRDA:489,63,0,0
BRDA:489,63,1,2
BRDA:500,64,0,2
BRDA:500,64,1,0
BRDA:503,65,0,0
BRDA:503,65,1,0
BRDA:504,66,0,0
BRDA:504,66,1,0
BRDA:507,67,0,0
BRDA:507,67,1,0
BRDA:508,68,0,0
BRDA:508,68,1,0
BRDA:512,69,0,0
BRDA:512,69,1,0
BRDA:515,70,0,0
BRDA:515,70,1,0
BRDA:516,71,0,0
BRDA:516,71,1,0
BRDA:517,72,0,0
BRDA:517,72,1,0
BRDA:521,73,0,0
BRDA:521,73,1,0
BRDA:522,74,0,0
BRDA:522,74,1,0
BRDA:526,75,0,0
BRDA:526,75,1,0
BRDA:531,76,0,1
BRDA:531,76,1,0
BRDA:532,77,0,1
BRDA:532,77,1,0
BRDA:534,78,0,1
BRDA:534,78,1,1
BRDA:544,79,0,1
BRDA:544,79,1,0
BRDA:549,80,0,0
BRDA:549,80,1,0
BRDA:549,80,2,0
BRDA:552,81,0,0
BRDA:552,81,1,0
BRDA:553,82,0,0
BRDA:553,82,1,0
BRDA:562,83,0,2
BRDA:562,83,1,0
BRDA:573,84,0,0
BRDA:573,84,1,0
BRDA:578,85,0,0
BRDA:578,85,1,0
BRDA:578,85,2,0
BRDA:582,86,0,0
BRDA:582,86,1,0
BRDA:585,87,0,1
BRDA:585,87,1,0
BRDA:587,88,0,1
BRDA:587,88,1,0
BRDA:603,89,0,0
BRDA:603,89,1,0
BRDA:608,90,0,0
BRDA:608,90,1,0
BRDA:608,90,2,0
BRDA:616,91,0,0
BRDA:616,91,1,0
BRDA:621,92,0,0
BRDA:621,92,1,0
BRDA:621,92,2,0
BRF:191
BRH:42
end_of_record
TN:
SF:src\test-utils\apiClientMock.js
FNF:0
FNH:0
DA:1,10
DA:9,10
LF:2
LH:2
BRF:0
BRH:0
end_of_record
TN:
SF:src\test-utils\renderWithProviders.jsx
FN:9,createTestStore
FN:19,renderWithProviders
FN:33,renderRouter
FNF:3
FNH:2
FNDA:42,createTestStore
FNDA:36,renderWithProviders
FNDA:0,renderRouter
DA:1,16
DA:2,16
DA:3,16
DA:4,16
DA:5,16
DA:6,16
DA:7,16
DA:9,6
DA:10,42
DA:19,36
DA:23,36
DA:33,0
DA:34,0
DA:36,0
LF:14
LH:11
BRDA:21,0,0,2
BRDA:21,1,0,36
BRDA:21,2,0,24
BRDA:33,3,0,0
BRDA:33,4,0,0
BRDA:33,5,0,0
BRF:6
BRH:3
end_of_record
